[4.218s] Invoking command in '/home/albert/practice/TOPIC_PRACTICE_WS/src/status_publisher': PYTHONPATH=/home/albert/practice/TOPIC_PRACTICE_WS/build/status_publisher/prefix_override:/usr/lib/python3/dist-packages/colcon_core/task/python/colcon_distutils_commands:/home/albert/practice/TOPIC_PRACTICE_WS/install/status_publisher/lib/python3.10/site-packages:${PYTHONPATH} /usr/bin/python3 -W ignore:setup.py install is deprecated -W ignore:easy_install command is deprecated setup.py egg_info --egg-base ../../build/status_publisher build --build-base /home/albert/practice/TOPIC_PRACTICE_WS/build/status_publisher/build install --record /home/albert/practice/TOPIC_PRACTICE_WS/build/status_publisher/install.log --single-version-externally-managed install_data
[5.127s] running egg_info
[5.128s] writing ../../build/status_publisher/status_publisher.egg-info/PKG-INFO
[5.128s] writing dependency_links to ../../build/status_publisher/status_publisher.egg-info/dependency_links.txt
[5.128s] writing entry points to ../../build/status_publisher/status_publisher.egg-info/entry_points.txt
[5.128s] writing requirements to ../../build/status_publisher/status_publisher.egg-info/requires.txt
[5.128s] writing top-level names to ../../build/status_publisher/status_publisher.egg-info/top_level.txt
[5.129s] reading manifest file '../../build/status_publisher/status_publisher.egg-info/SOURCES.txt'
[5.129s] adding license file 'LICENSE'
[5.130s] writing manifest file '../../build/status_publisher/status_publisher.egg-info/SOURCES.txt'
[5.130s] running build
[5.130s] running build_py
[5.130s] running install
[5.130s] running install_lib
[5.131s] running install_data
[5.131s] running install_egg_info
[5.133s] removing '/home/albert/practice/TOPIC_PRACTICE_WS/install/status_publisher/lib/python3.10/site-packages/status_publisher-0.0.0-py3.10.egg-info' (and everything under it)
[5.146s] Copying ../../build/status_publisher/status_publisher.egg-info to /home/albert/practice/TOPIC_PRACTICE_WS/install/status_publisher/lib/python3.10/site-packages/status_publisher-0.0.0-py3.10.egg-info
[5.146s] running install_scripts
[5.201s] Installing sys_status_pub script to /home/albert/practice/TOPIC_PRACTICE_WS/install/status_publisher/lib/status_publisher
[5.203s] writing list of installed files to '/home/albert/practice/TOPIC_PRACTICE_WS/build/status_publisher/install.log'
[5.305s] Invoked command in '/home/albert/practice/TOPIC_PRACTICE_WS/src/status_publisher' returned '0': PYTHONPATH=/home/albert/practice/TOPIC_PRACTICE_WS/build/status_publisher/prefix_override:/usr/lib/python3/dist-packages/colcon_core/task/python/colcon_distutils_commands:/home/albert/practice/TOPIC_PRACTICE_WS/install/status_publisher/lib/python3.10/site-packages:${PYTHONPATH} /usr/bin/python3 -W ignore:setup.py install is deprecated -W ignore:easy_install command is deprecated setup.py egg_info --egg-base ../../build/status_publisher build --build-base /home/albert/practice/TOPIC_PRACTICE_WS/build/status_publisher/build install --record /home/albert/practice/TOPIC_PRACTICE_WS/build/status_publisher/install.log --single-version-externally-managed install_data
