[35m[1mConsolidate compiler generated dependencies of target black_detection_interfaces__rosidl_generator_c[0m
[  2%] Built target black_detection_interfaces__cpp
[ 12%] Built target black_detection_interfaces__rosidl_generator_c
[ 12%] Built target ament_cmake_python_copy_black_detection_interfaces
[35m[1mConsolidate compiler generated dependencies of target black_detection_interfaces__rosidl_typesupport_cpp[0m
[ 23%] Built target black_detection_interfaces__rosidl_typesupport_cpp
[35m[1mConsolidate compiler generated dependencies of target black_detection_interfaces__rosidl_typesupport_introspection_c[0m
[35m[1mConsolidate compiler generated dependencies of target black_detection_interfaces__rosidl_typesupport_fastrtps_c[0m
[ 34%] Built target black_detection_interfaces__rosidl_typesupport_introspection_c
[35m[1mConsolidate compiler generated dependencies of target black_detection_interfaces__rosidl_typesupport_c[0m
[ 44%] Built target black_detection_interfaces__rosidl_typesupport_fastrtps_c
[ 55%] Built target black_detection_interfaces__rosidl_typesupport_c
[35m[1mConsolidate compiler generated dependencies of target black_detection_interfaces__rosidl_typesupport_fastrtps_cpp[0m
[ 65%] Built target black_detection_interfaces__rosidl_typesupport_fastrtps_cpp
[35m[1mConsolidate compiler generated dependencies of target black_detection_interfaces__rosidl_typesupport_introspection_cpp[0m
[ 76%] Built target black_detection_interfaces__rosidl_typesupport_introspection_cpp
[ 76%] Built target black_detection_interfaces
[ 78%] Built target black_detection_interfaces__py
[35m[1mConsolidate compiler generated dependencies of target black_detection_interfaces__rosidl_generator_py[0m
[ 87%] Built target black_detection_interfaces__rosidl_generator_py
[35m[1mConsolidate compiler generated dependencies of target black_detection_interfaces__rosidl_typesupport_fastrtps_c__pyext[0m
[ 91%] Built target black_detection_interfaces__rosidl_typesupport_fastrtps_c__pyext
[35m[1mConsolidate compiler generated dependencies of target black_detection_interfaces__rosidl_typesupport_introspection_c__pyext[0m
[ 95%] Built target black_detection_interfaces__rosidl_typesupport_introspection_c__pyext
[35m[1mConsolidate compiler generated dependencies of target black_detection_interfaces__rosidl_typesupport_c__pyext[0m
[100%] Built target black_detection_interfaces__rosidl_typesupport_c__pyext
running egg_info
writing black_detection_interfaces.egg-info/PKG-INFO
writing dependency_links to black_detection_interfaces.egg-info/dependency_links.txt
writing top-level names to black_detection_interfaces.egg-info/top_level.txt
reading manifest file 'black_detection_interfaces.egg-info/SOURCES.txt'
writing manifest file 'black_detection_interfaces.egg-info/SOURCES.txt'
[100%] Built target ament_cmake_python_build_black_detection_interfaces_egg
-- Install configuration: ""
-- Up-to-date: /home/albert/practice/Service_ws/install/black_detection_interfaces/share/ament_index/resource_index/rosidl_interfaces/black_detection_interfaces
-- Up-to-date: /home/albert/practice/Service_ws/install/black_detection_interfaces/include/black_detection_interfaces/black_detection_interfaces
-- Up-to-date: /home/albert/practice/Service_ws/install/black_detection_interfaces/include/black_detection_interfaces/black_detection_interfaces/srv
-- Up-to-date: /home/albert/practice/Service_ws/install/black_detection_interfaces/include/black_detection_interfaces/black_detection_interfaces/srv/detail
-- Up-to-date: /home/albert/practice/Service_ws/install/black_detection_interfaces/include/black_detection_interfaces/black_detection_interfaces/srv/detail/detect_black_objects__functions.h
-- Up-to-date: /home/albert/practice/Service_ws/install/black_detection_interfaces/include/black_detection_interfaces/black_detection_interfaces/srv/detail/detect_black_objects__functions.c
-- Up-to-date: /home/albert/practice/Service_ws/install/black_detection_interfaces/include/black_detection_interfaces/black_detection_interfaces/srv/detail/detect_black_objects__type_support.h
-- Up-to-date: /home/albert/practice/Service_ws/install/black_detection_interfaces/include/black_detection_interfaces/black_detection_interfaces/srv/detail/detect_black_objects__struct.h
-- Up-to-date: /home/albert/practice/Service_ws/install/black_detection_interfaces/include/black_detection_interfaces/black_detection_interfaces/srv/detect_black_objects.h
-- Up-to-date: /home/albert/practice/Service_ws/install/black_detection_interfaces/include/black_detection_interfaces/black_detection_interfaces/msg
-- Up-to-date: /home/albert/practice/Service_ws/install/black_detection_interfaces/include/black_detection_interfaces/black_detection_interfaces/msg/rosidl_generator_c__visibility_control.h
-- Up-to-date: /home/albert/practice/Service_ws/install/black_detection_interfaces/include/black_detection_interfaces/black_detection_interfaces/msg/detail
-- Up-to-date: /home/albert/practice/Service_ws/install/black_detection_interfaces/include/black_detection_interfaces/black_detection_interfaces/msg/detail/black_object__functions.c
-- Up-to-date: /home/albert/practice/Service_ws/install/black_detection_interfaces/include/black_detection_interfaces/black_detection_interfaces/msg/detail/black_object_array__type_support.h
-- Up-to-date: /home/albert/practice/Service_ws/install/black_detection_interfaces/include/black_detection_interfaces/black_detection_interfaces/msg/detail/black_object__struct.h
-- Up-to-date: /home/albert/practice/Service_ws/install/black_detection_interfaces/include/black_detection_interfaces/black_detection_interfaces/msg/detail/black_object_array__functions.h
-- Up-to-date: /home/albert/practice/Service_ws/install/black_detection_interfaces/include/black_detection_interfaces/black_detection_interfaces/msg/detail/black_object_array__struct.h
-- Up-to-date: /home/albert/practice/Service_ws/install/black_detection_interfaces/include/black_detection_interfaces/black_detection_interfaces/msg/detail/black_object__functions.h
-- Up-to-date: /home/albert/practice/Service_ws/install/black_detection_interfaces/include/black_detection_interfaces/black_detection_interfaces/msg/detail/black_object_array__functions.c
-- Up-to-date: /home/albert/practice/Service_ws/install/black_detection_interfaces/include/black_detection_interfaces/black_detection_interfaces/msg/detail/black_object__type_support.h
-- Up-to-date: /home/albert/practice/Service_ws/install/black_detection_interfaces/include/black_detection_interfaces/black_detection_interfaces/msg/black_object.h
-- Up-to-date: /home/albert/practice/Service_ws/install/black_detection_interfaces/include/black_detection_interfaces/black_detection_interfaces/msg/black_object_array.h
-- Up-to-date: /home/albert/practice/Service_ws/install/black_detection_interfaces/share/black_detection_interfaces/environment/library_path.sh
-- Up-to-date: /home/albert/practice/Service_ws/install/black_detection_interfaces/share/black_detection_interfaces/environment/library_path.dsv
-- Up-to-date: /home/albert/practice/Service_ws/install/black_detection_interfaces/lib/libblack_detection_interfaces__rosidl_generator_c.so
-- Up-to-date: /home/albert/practice/Service_ws/install/black_detection_interfaces/include/black_detection_interfaces/black_detection_interfaces
-- Up-to-date: /home/albert/practice/Service_ws/install/black_detection_interfaces/include/black_detection_interfaces/black_detection_interfaces/srv
-- Up-to-date: /home/albert/practice/Service_ws/install/black_detection_interfaces/include/black_detection_interfaces/black_detection_interfaces/srv/detail
-- Up-to-date: /home/albert/practice/Service_ws/install/black_detection_interfaces/include/black_detection_interfaces/black_detection_interfaces/srv/detail/detect_black_objects__rosidl_typesupport_fastrtps_c.h
-- Up-to-date: /home/albert/practice/Service_ws/install/black_detection_interfaces/include/black_detection_interfaces/black_detection_interfaces/msg
-- Up-to-date: /home/albert/practice/Service_ws/install/black_detection_interfaces/include/black_detection_interfaces/black_detection_interfaces/msg/rosidl_typesupport_fastrtps_c__visibility_control.h
-- Up-to-date: /home/albert/practice/Service_ws/install/black_detection_interfaces/include/black_detection_interfaces/black_detection_interfaces/msg/detail
-- Up-to-date: /home/albert/practice/Service_ws/install/black_detection_interfaces/include/black_detection_interfaces/black_detection_interfaces/msg/detail/black_object__rosidl_typesupport_fastrtps_c.h
-- Up-to-date: /home/albert/practice/Service_ws/install/black_detection_interfaces/include/black_detection_interfaces/black_detection_interfaces/msg/detail/black_object_array__rosidl_typesupport_fastrtps_c.h
-- Up-to-date: /home/albert/practice/Service_ws/install/black_detection_interfaces/lib/libblack_detection_interfaces__rosidl_typesupport_fastrtps_c.so
-- Up-to-date: /home/albert/practice/Service_ws/install/black_detection_interfaces/include/black_detection_interfaces/black_detection_interfaces
-- Up-to-date: /home/albert/practice/Service_ws/install/black_detection_interfaces/include/black_detection_interfaces/black_detection_interfaces/srv
-- Up-to-date: /home/albert/practice/Service_ws/install/black_detection_interfaces/include/black_detection_interfaces/black_detection_interfaces/srv/detail
-- Up-to-date: /home/albert/practice/Service_ws/install/black_detection_interfaces/include/black_detection_interfaces/black_detection_interfaces/srv/detail/detect_black_objects__rosidl_typesupport_introspection_c.h
-- Up-to-date: /home/albert/practice/Service_ws/install/black_detection_interfaces/include/black_detection_interfaces/black_detection_interfaces/srv/detail/detect_black_objects__type_support.c
-- Up-to-date: /home/albert/practice/Service_ws/install/black_detection_interfaces/include/black_detection_interfaces/black_detection_interfaces/msg
-- Up-to-date: /home/albert/practice/Service_ws/install/black_detection_interfaces/include/black_detection_interfaces/black_detection_interfaces/msg/rosidl_typesupport_introspection_c__visibility_control.h
-- Up-to-date: /home/albert/practice/Service_ws/install/black_detection_interfaces/include/black_detection_interfaces/black_detection_interfaces/msg/detail
-- Up-to-date: /home/albert/practice/Service_ws/install/black_detection_interfaces/include/black_detection_interfaces/black_detection_interfaces/msg/detail/black_object_array__rosidl_typesupport_introspection_c.h
-- Up-to-date: /home/albert/practice/Service_ws/install/black_detection_interfaces/include/black_detection_interfaces/black_detection_interfaces/msg/detail/black_object__rosidl_typesupport_introspection_c.h
-- Up-to-date: /home/albert/practice/Service_ws/install/black_detection_interfaces/include/black_detection_interfaces/black_detection_interfaces/msg/detail/black_object__type_support.c
-- Up-to-date: /home/albert/practice/Service_ws/install/black_detection_interfaces/include/black_detection_interfaces/black_detection_interfaces/msg/detail/black_object_array__type_support.c
-- Up-to-date: /home/albert/practice/Service_ws/install/black_detection_interfaces/lib/libblack_detection_interfaces__rosidl_typesupport_introspection_c.so
-- Up-to-date: /home/albert/practice/Service_ws/install/black_detection_interfaces/lib/libblack_detection_interfaces__rosidl_typesupport_c.so
-- Up-to-date: /home/albert/practice/Service_ws/install/black_detection_interfaces/include/black_detection_interfaces/black_detection_interfaces
-- Up-to-date: /home/albert/practice/Service_ws/install/black_detection_interfaces/include/black_detection_interfaces/black_detection_interfaces/srv
-- Up-to-date: /home/albert/practice/Service_ws/install/black_detection_interfaces/include/black_detection_interfaces/black_detection_interfaces/srv/detect_black_objects.hpp
-- Up-to-date: /home/albert/practice/Service_ws/install/black_detection_interfaces/include/black_detection_interfaces/black_detection_interfaces/srv/detail
-- Up-to-date: /home/albert/practice/Service_ws/install/black_detection_interfaces/include/black_detection_interfaces/black_detection_interfaces/srv/detail/detect_black_objects__type_support.hpp
-- Up-to-date: /home/albert/practice/Service_ws/install/black_detection_interfaces/include/black_detection_interfaces/black_detection_interfaces/srv/detail/detect_black_objects__struct.hpp
-- Up-to-date: /home/albert/practice/Service_ws/install/black_detection_interfaces/include/black_detection_interfaces/black_detection_interfaces/srv/detail/detect_black_objects__traits.hpp
-- Up-to-date: /home/albert/practice/Service_ws/install/black_detection_interfaces/include/black_detection_interfaces/black_detection_interfaces/srv/detail/detect_black_objects__builder.hpp
-- Up-to-date: /home/albert/practice/Service_ws/install/black_detection_interfaces/include/black_detection_interfaces/black_detection_interfaces/msg
-- Up-to-date: /home/albert/practice/Service_ws/install/black_detection_interfaces/include/black_detection_interfaces/black_detection_interfaces/msg/black_object.hpp
-- Up-to-date: /home/albert/practice/Service_ws/install/black_detection_interfaces/include/black_detection_interfaces/black_detection_interfaces/msg/black_object_array.hpp
-- Up-to-date: /home/albert/practice/Service_ws/install/black_detection_interfaces/include/black_detection_interfaces/black_detection_interfaces/msg/detail
-- Up-to-date: /home/albert/practice/Service_ws/install/black_detection_interfaces/include/black_detection_interfaces/black_detection_interfaces/msg/detail/black_object__type_support.hpp
-- Up-to-date: /home/albert/practice/Service_ws/install/black_detection_interfaces/include/black_detection_interfaces/black_detection_interfaces/msg/detail/black_object_array__struct.hpp
-- Up-to-date: /home/albert/practice/Service_ws/install/black_detection_interfaces/include/black_detection_interfaces/black_detection_interfaces/msg/detail/black_object_array__type_support.hpp
-- Up-to-date: /home/albert/practice/Service_ws/install/black_detection_interfaces/include/black_detection_interfaces/black_detection_interfaces/msg/detail/black_object_array__traits.hpp
-- Up-to-date: /home/albert/practice/Service_ws/install/black_detection_interfaces/include/black_detection_interfaces/black_detection_interfaces/msg/detail/black_object_array__builder.hpp
-- Up-to-date: /home/albert/practice/Service_ws/install/black_detection_interfaces/include/black_detection_interfaces/black_detection_interfaces/msg/detail/black_object__struct.hpp
-- Up-to-date: /home/albert/practice/Service_ws/install/black_detection_interfaces/include/black_detection_interfaces/black_detection_interfaces/msg/detail/black_object__builder.hpp
-- Up-to-date: /home/albert/practice/Service_ws/install/black_detection_interfaces/include/black_detection_interfaces/black_detection_interfaces/msg/detail/black_object__traits.hpp
-- Up-to-date: /home/albert/practice/Service_ws/install/black_detection_interfaces/include/black_detection_interfaces/black_detection_interfaces/msg/rosidl_generator_cpp__visibility_control.hpp
-- Up-to-date: /home/albert/practice/Service_ws/install/black_detection_interfaces/include/black_detection_interfaces/black_detection_interfaces
-- Up-to-date: /home/albert/practice/Service_ws/install/black_detection_interfaces/include/black_detection_interfaces/black_detection_interfaces/srv
-- Up-to-date: /home/albert/practice/Service_ws/install/black_detection_interfaces/include/black_detection_interfaces/black_detection_interfaces/srv/detail
-- Up-to-date: /home/albert/practice/Service_ws/install/black_detection_interfaces/include/black_detection_interfaces/black_detection_interfaces/srv/detail/dds_fastrtps
-- Up-to-date: /home/albert/practice/Service_ws/install/black_detection_interfaces/include/black_detection_interfaces/black_detection_interfaces/srv/detail/detect_black_objects__rosidl_typesupport_fastrtps_cpp.hpp
-- Up-to-date: /home/albert/practice/Service_ws/install/black_detection_interfaces/include/black_detection_interfaces/black_detection_interfaces/msg
-- Up-to-date: /home/albert/practice/Service_ws/install/black_detection_interfaces/include/black_detection_interfaces/black_detection_interfaces/msg/detail
-- Up-to-date: /home/albert/practice/Service_ws/install/black_detection_interfaces/include/black_detection_interfaces/black_detection_interfaces/msg/detail/dds_fastrtps
-- Up-to-date: /home/albert/practice/Service_ws/install/black_detection_interfaces/include/black_detection_interfaces/black_detection_interfaces/msg/detail/black_object_array__rosidl_typesupport_fastrtps_cpp.hpp
-- Up-to-date: /home/albert/practice/Service_ws/install/black_detection_interfaces/include/black_detection_interfaces/black_detection_interfaces/msg/detail/black_object__rosidl_typesupport_fastrtps_cpp.hpp
-- Up-to-date: /home/albert/practice/Service_ws/install/black_detection_interfaces/include/black_detection_interfaces/black_detection_interfaces/msg/rosidl_typesupport_fastrtps_cpp__visibility_control.h
-- Up-to-date: /home/albert/practice/Service_ws/install/black_detection_interfaces/lib/libblack_detection_interfaces__rosidl_typesupport_fastrtps_cpp.so
-- Up-to-date: /home/albert/practice/Service_ws/install/black_detection_interfaces/include/black_detection_interfaces/black_detection_interfaces
-- Up-to-date: /home/albert/practice/Service_ws/install/black_detection_interfaces/include/black_detection_interfaces/black_detection_interfaces/srv
-- Up-to-date: /home/albert/practice/Service_ws/install/black_detection_interfaces/include/black_detection_interfaces/black_detection_interfaces/srv/detail
-- Up-to-date: /home/albert/practice/Service_ws/install/black_detection_interfaces/include/black_detection_interfaces/black_detection_interfaces/srv/detail/detect_black_objects__rosidl_typesupport_introspection_cpp.hpp
-- Up-to-date: /home/albert/practice/Service_ws/install/black_detection_interfaces/include/black_detection_interfaces/black_detection_interfaces/srv/detail/detect_black_objects__type_support.cpp
-- Up-to-date: /home/albert/practice/Service_ws/install/black_detection_interfaces/include/black_detection_interfaces/black_detection_interfaces/msg
-- Up-to-date: /home/albert/practice/Service_ws/install/black_detection_interfaces/include/black_detection_interfaces/black_detection_interfaces/msg/detail
-- Up-to-date: /home/albert/practice/Service_ws/install/black_detection_interfaces/include/black_detection_interfaces/black_detection_interfaces/msg/detail/black_object__rosidl_typesupport_introspection_cpp.hpp
-- Up-to-date: /home/albert/practice/Service_ws/install/black_detection_interfaces/include/black_detection_interfaces/black_detection_interfaces/msg/detail/black_object_array__rosidl_typesupport_introspection_cpp.hpp
-- Up-to-date: /home/albert/practice/Service_ws/install/black_detection_interfaces/include/black_detection_interfaces/black_detection_interfaces/msg/detail/black_object_array__type_support.cpp
-- Up-to-date: /home/albert/practice/Service_ws/install/black_detection_interfaces/include/black_detection_interfaces/black_detection_interfaces/msg/detail/black_object__type_support.cpp
-- Up-to-date: /home/albert/practice/Service_ws/install/black_detection_interfaces/lib/libblack_detection_interfaces__rosidl_typesupport_introspection_cpp.so
-- Up-to-date: /home/albert/practice/Service_ws/install/black_detection_interfaces/lib/libblack_detection_interfaces__rosidl_typesupport_cpp.so
-- Up-to-date: /home/albert/practice/Service_ws/install/black_detection_interfaces/share/black_detection_interfaces/environment/pythonpath.sh
-- Up-to-date: /home/albert/practice/Service_ws/install/black_detection_interfaces/share/black_detection_interfaces/environment/pythonpath.dsv
-- Up-to-date: /home/albert/practice/Service_ws/install/black_detection_interfaces/local/lib/python3.10/dist-packages/black_detection_interfaces-0.0.0-py3.10.egg-info
-- Installing: /home/albert/practice/Service_ws/install/black_detection_interfaces/local/lib/python3.10/dist-packages/black_detection_interfaces-0.0.0-py3.10.egg-info/PKG-INFO
-- Installing: /home/albert/practice/Service_ws/install/black_detection_interfaces/local/lib/python3.10/dist-packages/black_detection_interfaces-0.0.0-py3.10.egg-info/top_level.txt
-- Installing: /home/albert/practice/Service_ws/install/black_detection_interfaces/local/lib/python3.10/dist-packages/black_detection_interfaces-0.0.0-py3.10.egg-info/dependency_links.txt
-- Installing: /home/albert/practice/Service_ws/install/black_detection_interfaces/local/lib/python3.10/dist-packages/black_detection_interfaces-0.0.0-py3.10.egg-info/SOURCES.txt
-- Up-to-date: /home/albert/practice/Service_ws/install/black_detection_interfaces/local/lib/python3.10/dist-packages/black_detection_interfaces
-- Up-to-date: /home/albert/practice/Service_ws/install/black_detection_interfaces/local/lib/python3.10/dist-packages/black_detection_interfaces/_black_detection_interfaces_s.ep.rosidl_typesupport_fastrtps_c.c
-- Up-to-date: /home/albert/practice/Service_ws/install/black_detection_interfaces/local/lib/python3.10/dist-packages/black_detection_interfaces/libblack_detection_interfaces__rosidl_generator_py.so
-- Up-to-date: /home/albert/practice/Service_ws/install/black_detection_interfaces/local/lib/python3.10/dist-packages/black_detection_interfaces/black_detection_interfaces_s__rosidl_typesupport_c.cpython-310-aarch64-linux-gnu.so
-- Up-to-date: /home/albert/practice/Service_ws/install/black_detection_interfaces/local/lib/python3.10/dist-packages/black_detection_interfaces/black_detection_interfaces_s__rosidl_typesupport_introspection_c.cpython-310-aarch64-linux-gnu.so
-- Up-to-date: /home/albert/practice/Service_ws/install/black_detection_interfaces/local/lib/python3.10/dist-packages/black_detection_interfaces/srv
-- Up-to-date: /home/albert/practice/Service_ws/install/black_detection_interfaces/local/lib/python3.10/dist-packages/black_detection_interfaces/srv/__init__.py
-- Up-to-date: /home/albert/practice/Service_ws/install/black_detection_interfaces/local/lib/python3.10/dist-packages/black_detection_interfaces/srv/_detect_black_objects_s.c
-- Up-to-date: /home/albert/practice/Service_ws/install/black_detection_interfaces/local/lib/python3.10/dist-packages/black_detection_interfaces/srv/_detect_black_objects.py
-- Up-to-date: /home/albert/practice/Service_ws/install/black_detection_interfaces/local/lib/python3.10/dist-packages/black_detection_interfaces/msg
-- Up-to-date: /home/albert/practice/Service_ws/install/black_detection_interfaces/local/lib/python3.10/dist-packages/black_detection_interfaces/msg/_black_object_s.c
-- Up-to-date: /home/albert/practice/Service_ws/install/black_detection_interfaces/local/lib/python3.10/dist-packages/black_detection_interfaces/msg/_black_object_array.py
-- Up-to-date: /home/albert/practice/Service_ws/install/black_detection_interfaces/local/lib/python3.10/dist-packages/black_detection_interfaces/msg/__init__.py
-- Up-to-date: /home/albert/practice/Service_ws/install/black_detection_interfaces/local/lib/python3.10/dist-packages/black_detection_interfaces/msg/_black_object.py
-- Up-to-date: /home/albert/practice/Service_ws/install/black_detection_interfaces/local/lib/python3.10/dist-packages/black_detection_interfaces/msg/_black_object_array_s.c
-- Up-to-date: /home/albert/practice/Service_ws/install/black_detection_interfaces/local/lib/python3.10/dist-packages/black_detection_interfaces/_black_detection_interfaces_s.ep.rosidl_typesupport_introspection_c.c
-- Up-to-date: /home/albert/practice/Service_ws/install/black_detection_interfaces/local/lib/python3.10/dist-packages/black_detection_interfaces/__init__.py
-- Up-to-date: /home/albert/practice/Service_ws/install/black_detection_interfaces/local/lib/python3.10/dist-packages/black_detection_interfaces/black_detection_interfaces_s__rosidl_typesupport_fastrtps_c.cpython-310-aarch64-linux-gnu.so
-- Up-to-date: /home/albert/practice/Service_ws/install/black_detection_interfaces/local/lib/python3.10/dist-packages/black_detection_interfaces/_black_detection_interfaces_s.ep.rosidl_typesupport_c.c
Listing '/home/albert/practice/Service_ws/install/black_detection_interfaces/local/lib/python3.10/dist-packages/black_detection_interfaces'...
Listing '/home/albert/practice/Service_ws/install/black_detection_interfaces/local/lib/python3.10/dist-packages/black_detection_interfaces/msg'...
Listing '/home/albert/practice/Service_ws/install/black_detection_interfaces/local/lib/python3.10/dist-packages/black_detection_interfaces/srv'...
-- Up-to-date: /home/albert/practice/Service_ws/install/black_detection_interfaces/local/lib/python3.10/dist-packages/black_detection_interfaces/black_detection_interfaces_s__rosidl_typesupport_fastrtps_c.cpython-310-aarch64-linux-gnu.so
-- Up-to-date: /home/albert/practice/Service_ws/install/black_detection_interfaces/local/lib/python3.10/dist-packages/black_detection_interfaces/black_detection_interfaces_s__rosidl_typesupport_introspection_c.cpython-310-aarch64-linux-gnu.so
-- Up-to-date: /home/albert/practice/Service_ws/install/black_detection_interfaces/local/lib/python3.10/dist-packages/black_detection_interfaces/black_detection_interfaces_s__rosidl_typesupport_c.cpython-310-aarch64-linux-gnu.so
-- Up-to-date: /home/albert/practice/Service_ws/install/black_detection_interfaces/lib/libblack_detection_interfaces__rosidl_generator_py.so
-- Up-to-date: /home/albert/practice/Service_ws/install/black_detection_interfaces/share/black_detection_interfaces/msg/BlackObject.idl
-- Up-to-date: /home/albert/practice/Service_ws/install/black_detection_interfaces/share/black_detection_interfaces/msg/BlackObjectArray.idl
-- Up-to-date: /home/albert/practice/Service_ws/install/black_detection_interfaces/share/black_detection_interfaces/srv/DetectBlackObjects.idl
-- Up-to-date: /home/albert/practice/Service_ws/install/black_detection_interfaces/share/black_detection_interfaces/msg/BlackObject.msg
-- Up-to-date: /home/albert/practice/Service_ws/install/black_detection_interfaces/share/black_detection_interfaces/msg/BlackObjectArray.msg
-- Up-to-date: /home/albert/practice/Service_ws/install/black_detection_interfaces/share/black_detection_interfaces/srv/DetectBlackObjects.srv
-- Up-to-date: /home/albert/practice/Service_ws/install/black_detection_interfaces/share/black_detection_interfaces/srv/DetectBlackObjects_Request.msg
-- Up-to-date: /home/albert/practice/Service_ws/install/black_detection_interfaces/share/black_detection_interfaces/srv/DetectBlackObjects_Response.msg
-- Up-to-date: /home/albert/practice/Service_ws/install/black_detection_interfaces/share/ament_index/resource_index/package_run_dependencies/black_detection_interfaces
-- Up-to-date: /home/albert/practice/Service_ws/install/black_detection_interfaces/share/ament_index/resource_index/parent_prefix_path/black_detection_interfaces
-- Up-to-date: /home/albert/practice/Service_ws/install/black_detection_interfaces/share/black_detection_interfaces/environment/ament_prefix_path.sh
-- Up-to-date: /home/albert/practice/Service_ws/install/black_detection_interfaces/share/black_detection_interfaces/environment/ament_prefix_path.dsv
-- Up-to-date: /home/albert/practice/Service_ws/install/black_detection_interfaces/share/black_detection_interfaces/environment/path.sh
-- Up-to-date: /home/albert/practice/Service_ws/install/black_detection_interfaces/share/black_detection_interfaces/environment/path.dsv
-- Up-to-date: /home/albert/practice/Service_ws/install/black_detection_interfaces/share/black_detection_interfaces/local_setup.bash
-- Up-to-date: /home/albert/practice/Service_ws/install/black_detection_interfaces/share/black_detection_interfaces/local_setup.sh
-- Up-to-date: /home/albert/practice/Service_ws/install/black_detection_interfaces/share/black_detection_interfaces/local_setup.zsh
-- Up-to-date: /home/albert/practice/Service_ws/install/black_detection_interfaces/share/black_detection_interfaces/local_setup.dsv
-- Installing: /home/albert/practice/Service_ws/install/black_detection_interfaces/share/black_detection_interfaces/package.dsv
-- Up-to-date: /home/albert/practice/Service_ws/install/black_detection_interfaces/share/ament_index/resource_index/packages/black_detection_interfaces
-- Up-to-date: /home/albert/practice/Service_ws/install/black_detection_interfaces/share/black_detection_interfaces/cmake/export_black_detection_interfaces__rosidl_generator_cExport.cmake
-- Up-to-date: /home/albert/practice/Service_ws/install/black_detection_interfaces/share/black_detection_interfaces/cmake/export_black_detection_interfaces__rosidl_generator_cExport-noconfig.cmake
-- Up-to-date: /home/albert/practice/Service_ws/install/black_detection_interfaces/share/black_detection_interfaces/cmake/export_black_detection_interfaces__rosidl_typesupport_fastrtps_cExport.cmake
-- Up-to-date: /home/albert/practice/Service_ws/install/black_detection_interfaces/share/black_detection_interfaces/cmake/export_black_detection_interfaces__rosidl_typesupport_fastrtps_cExport-noconfig.cmake
-- Up-to-date: /home/albert/practice/Service_ws/install/black_detection_interfaces/share/black_detection_interfaces/cmake/black_detection_interfaces__rosidl_typesupport_introspection_cExport.cmake
-- Up-to-date: /home/albert/practice/Service_ws/install/black_detection_interfaces/share/black_detection_interfaces/cmake/black_detection_interfaces__rosidl_typesupport_introspection_cExport-noconfig.cmake
-- Up-to-date: /home/albert/practice/Service_ws/install/black_detection_interfaces/share/black_detection_interfaces/cmake/black_detection_interfaces__rosidl_typesupport_cExport.cmake
-- Up-to-date: /home/albert/practice/Service_ws/install/black_detection_interfaces/share/black_detection_interfaces/cmake/black_detection_interfaces__rosidl_typesupport_cExport-noconfig.cmake
-- Up-to-date: /home/albert/practice/Service_ws/install/black_detection_interfaces/share/black_detection_interfaces/cmake/export_black_detection_interfaces__rosidl_generator_cppExport.cmake
-- Up-to-date: /home/albert/practice/Service_ws/install/black_detection_interfaces/share/black_detection_interfaces/cmake/export_black_detection_interfaces__rosidl_typesupport_fastrtps_cppExport.cmake
-- Up-to-date: /home/albert/practice/Service_ws/install/black_detection_interfaces/share/black_detection_interfaces/cmake/export_black_detection_interfaces__rosidl_typesupport_fastrtps_cppExport-noconfig.cmake
-- Up-to-date: /home/albert/practice/Service_ws/install/black_detection_interfaces/share/black_detection_interfaces/cmake/black_detection_interfaces__rosidl_typesupport_introspection_cppExport.cmake
-- Up-to-date: /home/albert/practice/Service_ws/install/black_detection_interfaces/share/black_detection_interfaces/cmake/black_detection_interfaces__rosidl_typesupport_introspection_cppExport-noconfig.cmake
-- Up-to-date: /home/albert/practice/Service_ws/install/black_detection_interfaces/share/black_detection_interfaces/cmake/black_detection_interfaces__rosidl_typesupport_cppExport.cmake
-- Up-to-date: /home/albert/practice/Service_ws/install/black_detection_interfaces/share/black_detection_interfaces/cmake/black_detection_interfaces__rosidl_typesupport_cppExport-noconfig.cmake
-- Up-to-date: /home/albert/practice/Service_ws/install/black_detection_interfaces/share/black_detection_interfaces/cmake/export_black_detection_interfaces__rosidl_generator_pyExport.cmake
-- Up-to-date: /home/albert/practice/Service_ws/install/black_detection_interfaces/share/black_detection_interfaces/cmake/export_black_detection_interfaces__rosidl_generator_pyExport-noconfig.cmake
-- Up-to-date: /home/albert/practice/Service_ws/install/black_detection_interfaces/share/black_detection_interfaces/cmake/rosidl_cmake-extras.cmake
-- Up-to-date: /home/albert/practice/Service_ws/install/black_detection_interfaces/share/black_detection_interfaces/cmake/ament_cmake_export_dependencies-extras.cmake
-- Up-to-date: /home/albert/practice/Service_ws/install/black_detection_interfaces/share/black_detection_interfaces/cmake/ament_cmake_export_include_directories-extras.cmake
-- Up-to-date: /home/albert/practice/Service_ws/install/black_detection_interfaces/share/black_detection_interfaces/cmake/ament_cmake_export_libraries-extras.cmake
-- Up-to-date: /home/albert/practice/Service_ws/install/black_detection_interfaces/share/black_detection_interfaces/cmake/ament_cmake_export_targets-extras.cmake
-- Up-to-date: /home/albert/practice/Service_ws/install/black_detection_interfaces/share/black_detection_interfaces/cmake/rosidl_cmake_export_typesupport_targets-extras.cmake
-- Up-to-date: /home/albert/practice/Service_ws/install/black_detection_interfaces/share/black_detection_interfaces/cmake/rosidl_cmake_export_typesupport_libraries-extras.cmake
-- Up-to-date: /home/albert/practice/Service_ws/install/black_detection_interfaces/share/black_detection_interfaces/cmake/black_detection_interfacesConfig.cmake
-- Up-to-date: /home/albert/practice/Service_ws/install/black_detection_interfaces/share/black_detection_interfaces/cmake/black_detection_interfacesConfig-version.cmake
-- Up-to-date: /home/albert/practice/Service_ws/install/black_detection_interfaces/share/black_detection_interfaces/package.xml
