[0.021s] Invoking command in '/home/albert/practice/Service_ws/build/black_detection_interfaces': CMAKE_PREFIX_PATH=${CMAKE_PREFIX_PATH}:/home/albert/practice/Service_ws/install/black_detection_service:/opt/ros/humble /usr/bin/cmake --build /home/albert/practice/Service_ws/build/black_detection_interfaces -- -j2 -l2
[0.233s] [35m[1mConsolidate compiler generated dependencies of target black_detection_interfaces__rosidl_generator_c[0m
[0.241s] [  2%] Built target black_detection_interfaces__cpp
[0.292s] [ 12%] Built target black_detection_interfaces__rosidl_generator_c
[0.333s] [ 12%] Built target ament_cmake_python_copy_black_detection_interfaces
[0.333s] [35m[1mConsolidate compiler generated dependencies of target black_detection_interfaces__rosidl_typesupport_cpp[0m
[0.365s] [ 23%] Built target black_detection_interfaces__rosidl_typesupport_cpp
[0.374s] [35m[1mConsolidate compiler generated dependencies of target black_detection_interfaces__rosidl_typesupport_introspection_c[0m
[0.385s] [35m[1mConsolidate compiler generated dependencies of target black_detection_interfaces__rosidl_typesupport_fastrtps_c[0m
[0.399s] [ 34%] Built target black_detection_interfaces__rosidl_typesupport_introspection_c
[0.410s] [35m[1mConsolidate compiler generated dependencies of target black_detection_interfaces__rosidl_typesupport_c[0m
[0.426s] [ 44%] Built target black_detection_interfaces__rosidl_typesupport_fastrtps_c
[0.431s] [ 55%] Built target black_detection_interfaces__rosidl_typesupport_c
[0.434s] [35m[1mConsolidate compiler generated dependencies of target black_detection_interfaces__rosidl_typesupport_fastrtps_cpp[0m
[0.444s] [ 65%] Built target black_detection_interfaces__rosidl_typesupport_fastrtps_cpp
[0.453s] [35m[1mConsolidate compiler generated dependencies of target black_detection_interfaces__rosidl_typesupport_introspection_cpp[0m
[0.469s] [ 76%] Built target black_detection_interfaces__rosidl_typesupport_introspection_cpp
[0.482s] [ 76%] Built target black_detection_interfaces
[0.495s] [ 78%] Built target black_detection_interfaces__py
[0.510s] [35m[1mConsolidate compiler generated dependencies of target black_detection_interfaces__rosidl_generator_py[0m
[0.540s] [ 87%] Built target black_detection_interfaces__rosidl_generator_py
[0.549s] [35m[1mConsolidate compiler generated dependencies of target black_detection_interfaces__rosidl_typesupport_fastrtps_c__pyext[0m
[0.562s] [ 91%] Built target black_detection_interfaces__rosidl_typesupport_fastrtps_c__pyext
[0.571s] [35m[1mConsolidate compiler generated dependencies of target black_detection_interfaces__rosidl_typesupport_introspection_c__pyext[0m
[0.583s] [ 95%] Built target black_detection_interfaces__rosidl_typesupport_introspection_c__pyext
[0.589s] [35m[1mConsolidate compiler generated dependencies of target black_detection_interfaces__rosidl_typesupport_c__pyext[0m
[0.601s] [100%] Built target black_detection_interfaces__rosidl_typesupport_c__pyext
[0.623s] running egg_info
[0.623s] writing black_detection_interfaces.egg-info/PKG-INFO
[0.624s] writing dependency_links to black_detection_interfaces.egg-info/dependency_links.txt
[0.624s] writing top-level names to black_detection_interfaces.egg-info/top_level.txt
[0.626s] reading manifest file 'black_detection_interfaces.egg-info/SOURCES.txt'
[0.627s] writing manifest file 'black_detection_interfaces.egg-info/SOURCES.txt'
[0.641s] [100%] Built target ament_cmake_python_build_black_detection_interfaces_egg
[0.652s] Invoked command in '/home/albert/practice/Service_ws/build/black_detection_interfaces' returned '0': CMAKE_PREFIX_PATH=${CMAKE_PREFIX_PATH}:/home/albert/practice/Service_ws/install/black_detection_service:/opt/ros/humble /usr/bin/cmake --build /home/albert/practice/Service_ws/build/black_detection_interfaces -- -j2 -l2
[0.662s] Invoking command in '/home/albert/practice/Service_ws/build/black_detection_interfaces': CMAKE_PREFIX_PATH=${CMAKE_PREFIX_PATH}:/home/albert/practice/Service_ws/install/black_detection_service:/opt/ros/humble /usr/bin/cmake --install /home/albert/practice/Service_ws/build/black_detection_interfaces
[0.667s] -- Install configuration: ""
[0.668s] -- Up-to-date: /home/albert/practice/Service_ws/install/black_detection_interfaces/share/ament_index/resource_index/rosidl_interfaces/black_detection_interfaces
[0.668s] -- Up-to-date: /home/albert/practice/Service_ws/install/black_detection_interfaces/include/black_detection_interfaces/black_detection_interfaces
[0.668s] -- Up-to-date: /home/albert/practice/Service_ws/install/black_detection_interfaces/include/black_detection_interfaces/black_detection_interfaces/srv
[0.668s] -- Up-to-date: /home/albert/practice/Service_ws/install/black_detection_interfaces/include/black_detection_interfaces/black_detection_interfaces/srv/detail
[0.668s] -- Up-to-date: /home/albert/practice/Service_ws/install/black_detection_interfaces/include/black_detection_interfaces/black_detection_interfaces/srv/detail/detect_black_objects__functions.h
[0.668s] -- Up-to-date: /home/albert/practice/Service_ws/install/black_detection_interfaces/include/black_detection_interfaces/black_detection_interfaces/srv/detail/detect_black_objects__functions.c
[0.668s] -- Up-to-date: /home/albert/practice/Service_ws/install/black_detection_interfaces/include/black_detection_interfaces/black_detection_interfaces/srv/detail/detect_black_objects__type_support.h
[0.668s] -- Up-to-date: /home/albert/practice/Service_ws/install/black_detection_interfaces/include/black_detection_interfaces/black_detection_interfaces/srv/detail/detect_black_objects__struct.h
[0.668s] -- Up-to-date: /home/albert/practice/Service_ws/install/black_detection_interfaces/include/black_detection_interfaces/black_detection_interfaces/srv/detect_black_objects.h
[0.668s] -- Up-to-date: /home/albert/practice/Service_ws/install/black_detection_interfaces/include/black_detection_interfaces/black_detection_interfaces/msg
[0.668s] -- Up-to-date: /home/albert/practice/Service_ws/install/black_detection_interfaces/include/black_detection_interfaces/black_detection_interfaces/msg/rosidl_generator_c__visibility_control.h
[0.668s] -- Up-to-date: /home/albert/practice/Service_ws/install/black_detection_interfaces/include/black_detection_interfaces/black_detection_interfaces/msg/detail
[0.668s] -- Up-to-date: /home/albert/practice/Service_ws/install/black_detection_interfaces/include/black_detection_interfaces/black_detection_interfaces/msg/detail/black_object__functions.c
[0.669s] -- Up-to-date: /home/albert/practice/Service_ws/install/black_detection_interfaces/include/black_detection_interfaces/black_detection_interfaces/msg/detail/black_object_array__type_support.h
[0.669s] -- Up-to-date: /home/albert/practice/Service_ws/install/black_detection_interfaces/include/black_detection_interfaces/black_detection_interfaces/msg/detail/black_object__struct.h
[0.669s] -- Up-to-date: /home/albert/practice/Service_ws/install/black_detection_interfaces/include/black_detection_interfaces/black_detection_interfaces/msg/detail/black_object_array__functions.h
[0.669s] -- Up-to-date: /home/albert/practice/Service_ws/install/black_detection_interfaces/include/black_detection_interfaces/black_detection_interfaces/msg/detail/black_object_array__struct.h
[0.669s] -- Up-to-date: /home/albert/practice/Service_ws/install/black_detection_interfaces/include/black_detection_interfaces/black_detection_interfaces/msg/detail/black_object__functions.h
[0.669s] -- Up-to-date: /home/albert/practice/Service_ws/install/black_detection_interfaces/include/black_detection_interfaces/black_detection_interfaces/msg/detail/black_object_array__functions.c
[0.669s] -- Up-to-date: /home/albert/practice/Service_ws/install/black_detection_interfaces/include/black_detection_interfaces/black_detection_interfaces/msg/detail/black_object__type_support.h
[0.669s] -- Up-to-date: /home/albert/practice/Service_ws/install/black_detection_interfaces/include/black_detection_interfaces/black_detection_interfaces/msg/black_object.h
[0.669s] -- Up-to-date: /home/albert/practice/Service_ws/install/black_detection_interfaces/include/black_detection_interfaces/black_detection_interfaces/msg/black_object_array.h
[0.669s] -- Up-to-date: /home/albert/practice/Service_ws/install/black_detection_interfaces/share/black_detection_interfaces/environment/library_path.sh
[0.669s] -- Up-to-date: /home/albert/practice/Service_ws/install/black_detection_interfaces/share/black_detection_interfaces/environment/library_path.dsv
[0.670s] -- Up-to-date: /home/albert/practice/Service_ws/install/black_detection_interfaces/lib/libblack_detection_interfaces__rosidl_generator_c.so
[0.670s] -- Up-to-date: /home/albert/practice/Service_ws/install/black_detection_interfaces/include/black_detection_interfaces/black_detection_interfaces
[0.670s] -- Up-to-date: /home/albert/practice/Service_ws/install/black_detection_interfaces/include/black_detection_interfaces/black_detection_interfaces/srv
[0.670s] -- Up-to-date: /home/albert/practice/Service_ws/install/black_detection_interfaces/include/black_detection_interfaces/black_detection_interfaces/srv/detail
[0.670s] -- Up-to-date: /home/albert/practice/Service_ws/install/black_detection_interfaces/include/black_detection_interfaces/black_detection_interfaces/srv/detail/detect_black_objects__rosidl_typesupport_fastrtps_c.h
[0.671s] -- Up-to-date: /home/albert/practice/Service_ws/install/black_detection_interfaces/include/black_detection_interfaces/black_detection_interfaces/msg
[0.671s] -- Up-to-date: /home/albert/practice/Service_ws/install/black_detection_interfaces/include/black_detection_interfaces/black_detection_interfaces/msg/rosidl_typesupport_fastrtps_c__visibility_control.h
[0.671s] -- Up-to-date: /home/albert/practice/Service_ws/install/black_detection_interfaces/include/black_detection_interfaces/black_detection_interfaces/msg/detail
[0.671s] -- Up-to-date: /home/albert/practice/Service_ws/install/black_detection_interfaces/include/black_detection_interfaces/black_detection_interfaces/msg/detail/black_object__rosidl_typesupport_fastrtps_c.h
[0.671s] -- Up-to-date: /home/albert/practice/Service_ws/install/black_detection_interfaces/include/black_detection_interfaces/black_detection_interfaces/msg/detail/black_object_array__rosidl_typesupport_fastrtps_c.h
[0.671s] -- Up-to-date: /home/albert/practice/Service_ws/install/black_detection_interfaces/lib/libblack_detection_interfaces__rosidl_typesupport_fastrtps_c.so
[0.671s] -- Up-to-date: /home/albert/practice/Service_ws/install/black_detection_interfaces/include/black_detection_interfaces/black_detection_interfaces
[0.671s] -- Up-to-date: /home/albert/practice/Service_ws/install/black_detection_interfaces/include/black_detection_interfaces/black_detection_interfaces/srv
[0.671s] -- Up-to-date: /home/albert/practice/Service_ws/install/black_detection_interfaces/include/black_detection_interfaces/black_detection_interfaces/srv/detail
[0.671s] -- Up-to-date: /home/albert/practice/Service_ws/install/black_detection_interfaces/include/black_detection_interfaces/black_detection_interfaces/srv/detail/detect_black_objects__rosidl_typesupport_introspection_c.h
[0.671s] -- Up-to-date: /home/albert/practice/Service_ws/install/black_detection_interfaces/include/black_detection_interfaces/black_detection_interfaces/srv/detail/detect_black_objects__type_support.c
[0.671s] -- Up-to-date: /home/albert/practice/Service_ws/install/black_detection_interfaces/include/black_detection_interfaces/black_detection_interfaces/msg
[0.671s] -- Up-to-date: /home/albert/practice/Service_ws/install/black_detection_interfaces/include/black_detection_interfaces/black_detection_interfaces/msg/rosidl_typesupport_introspection_c__visibility_control.h
[0.671s] -- Up-to-date: /home/albert/practice/Service_ws/install/black_detection_interfaces/include/black_detection_interfaces/black_detection_interfaces/msg/detail
[0.671s] -- Up-to-date: /home/albert/practice/Service_ws/install/black_detection_interfaces/include/black_detection_interfaces/black_detection_interfaces/msg/detail/black_object_array__rosidl_typesupport_introspection_c.h
[0.671s] -- Up-to-date: /home/albert/practice/Service_ws/install/black_detection_interfaces/include/black_detection_interfaces/black_detection_interfaces/msg/detail/black_object__rosidl_typesupport_introspection_c.h
[0.671s] -- Up-to-date: /home/albert/practice/Service_ws/install/black_detection_interfaces/include/black_detection_interfaces/black_detection_interfaces/msg/detail/black_object__type_support.c
[0.671s] -- Up-to-date: /home/albert/practice/Service_ws/install/black_detection_interfaces/include/black_detection_interfaces/black_detection_interfaces/msg/detail/black_object_array__type_support.c
[0.671s] -- Up-to-date: /home/albert/practice/Service_ws/install/black_detection_interfaces/lib/libblack_detection_interfaces__rosidl_typesupport_introspection_c.so
[0.672s] -- Up-to-date: /home/albert/practice/Service_ws/install/black_detection_interfaces/lib/libblack_detection_interfaces__rosidl_typesupport_c.so
[0.672s] -- Up-to-date: /home/albert/practice/Service_ws/install/black_detection_interfaces/include/black_detection_interfaces/black_detection_interfaces
[0.673s] -- Up-to-date: /home/albert/practice/Service_ws/install/black_detection_interfaces/include/black_detection_interfaces/black_detection_interfaces/srv
[0.673s] -- Up-to-date: /home/albert/practice/Service_ws/install/black_detection_interfaces/include/black_detection_interfaces/black_detection_interfaces/srv/detect_black_objects.hpp
[0.673s] -- Up-to-date: /home/albert/practice/Service_ws/install/black_detection_interfaces/include/black_detection_interfaces/black_detection_interfaces/srv/detail
[0.673s] -- Up-to-date: /home/albert/practice/Service_ws/install/black_detection_interfaces/include/black_detection_interfaces/black_detection_interfaces/srv/detail/detect_black_objects__type_support.hpp
[0.673s] -- Up-to-date: /home/albert/practice/Service_ws/install/black_detection_interfaces/include/black_detection_interfaces/black_detection_interfaces/srv/detail/detect_black_objects__struct.hpp
[0.673s] -- Up-to-date: /home/albert/practice/Service_ws/install/black_detection_interfaces/include/black_detection_interfaces/black_detection_interfaces/srv/detail/detect_black_objects__traits.hpp
[0.673s] -- Up-to-date: /home/albert/practice/Service_ws/install/black_detection_interfaces/include/black_detection_interfaces/black_detection_interfaces/srv/detail/detect_black_objects__builder.hpp
[0.673s] -- Up-to-date: /home/albert/practice/Service_ws/install/black_detection_interfaces/include/black_detection_interfaces/black_detection_interfaces/msg
[0.673s] -- Up-to-date: /home/albert/practice/Service_ws/install/black_detection_interfaces/include/black_detection_interfaces/black_detection_interfaces/msg/black_object.hpp
[0.673s] -- Up-to-date: /home/albert/practice/Service_ws/install/black_detection_interfaces/include/black_detection_interfaces/black_detection_interfaces/msg/black_object_array.hpp
[0.673s] -- Up-to-date: /home/albert/practice/Service_ws/install/black_detection_interfaces/include/black_detection_interfaces/black_detection_interfaces/msg/detail
[0.673s] -- Up-to-date: /home/albert/practice/Service_ws/install/black_detection_interfaces/include/black_detection_interfaces/black_detection_interfaces/msg/detail/black_object__type_support.hpp
[0.673s] -- Up-to-date: /home/albert/practice/Service_ws/install/black_detection_interfaces/include/black_detection_interfaces/black_detection_interfaces/msg/detail/black_object_array__struct.hpp
[0.673s] -- Up-to-date: /home/albert/practice/Service_ws/install/black_detection_interfaces/include/black_detection_interfaces/black_detection_interfaces/msg/detail/black_object_array__type_support.hpp
[0.673s] -- Up-to-date: /home/albert/practice/Service_ws/install/black_detection_interfaces/include/black_detection_interfaces/black_detection_interfaces/msg/detail/black_object_array__traits.hpp
[0.673s] -- Up-to-date: /home/albert/practice/Service_ws/install/black_detection_interfaces/include/black_detection_interfaces/black_detection_interfaces/msg/detail/black_object_array__builder.hpp
[0.673s] -- Up-to-date: /home/albert/practice/Service_ws/install/black_detection_interfaces/include/black_detection_interfaces/black_detection_interfaces/msg/detail/black_object__struct.hpp
[0.673s] -- Up-to-date: /home/albert/practice/Service_ws/install/black_detection_interfaces/include/black_detection_interfaces/black_detection_interfaces/msg/detail/black_object__builder.hpp
[0.673s] -- Up-to-date: /home/albert/practice/Service_ws/install/black_detection_interfaces/include/black_detection_interfaces/black_detection_interfaces/msg/detail/black_object__traits.hpp
[0.673s] -- Up-to-date: /home/albert/practice/Service_ws/install/black_detection_interfaces/include/black_detection_interfaces/black_detection_interfaces/msg/rosidl_generator_cpp__visibility_control.hpp
[0.673s] -- Up-to-date: /home/albert/practice/Service_ws/install/black_detection_interfaces/include/black_detection_interfaces/black_detection_interfaces
[0.674s] -- Up-to-date: /home/albert/practice/Service_ws/install/black_detection_interfaces/include/black_detection_interfaces/black_detection_interfaces/srv
[0.674s] -- Up-to-date: /home/albert/practice/Service_ws/install/black_detection_interfaces/include/black_detection_interfaces/black_detection_interfaces/srv/detail
[0.674s] -- Up-to-date: /home/albert/practice/Service_ws/install/black_detection_interfaces/include/black_detection_interfaces/black_detection_interfaces/srv/detail/dds_fastrtps
[0.674s] -- Up-to-date: /home/albert/practice/Service_ws/install/black_detection_interfaces/include/black_detection_interfaces/black_detection_interfaces/srv/detail/detect_black_objects__rosidl_typesupport_fastrtps_cpp.hpp
[0.674s] -- Up-to-date: /home/albert/practice/Service_ws/install/black_detection_interfaces/include/black_detection_interfaces/black_detection_interfaces/msg
[0.674s] -- Up-to-date: /home/albert/practice/Service_ws/install/black_detection_interfaces/include/black_detection_interfaces/black_detection_interfaces/msg/detail
[0.674s] -- Up-to-date: /home/albert/practice/Service_ws/install/black_detection_interfaces/include/black_detection_interfaces/black_detection_interfaces/msg/detail/dds_fastrtps
[0.674s] -- Up-to-date: /home/albert/practice/Service_ws/install/black_detection_interfaces/include/black_detection_interfaces/black_detection_interfaces/msg/detail/black_object_array__rosidl_typesupport_fastrtps_cpp.hpp
[0.674s] -- Up-to-date: /home/albert/practice/Service_ws/install/black_detection_interfaces/include/black_detection_interfaces/black_detection_interfaces/msg/detail/black_object__rosidl_typesupport_fastrtps_cpp.hpp
[0.674s] -- Up-to-date: /home/albert/practice/Service_ws/install/black_detection_interfaces/include/black_detection_interfaces/black_detection_interfaces/msg/rosidl_typesupport_fastrtps_cpp__visibility_control.h
[0.674s] -- Up-to-date: /home/albert/practice/Service_ws/install/black_detection_interfaces/lib/libblack_detection_interfaces__rosidl_typesupport_fastrtps_cpp.so
[0.674s] -- Up-to-date: /home/albert/practice/Service_ws/install/black_detection_interfaces/include/black_detection_interfaces/black_detection_interfaces
[0.674s] -- Up-to-date: /home/albert/practice/Service_ws/install/black_detection_interfaces/include/black_detection_interfaces/black_detection_interfaces/srv
[0.674s] -- Up-to-date: /home/albert/practice/Service_ws/install/black_detection_interfaces/include/black_detection_interfaces/black_detection_interfaces/srv/detail
[0.674s] -- Up-to-date: /home/albert/practice/Service_ws/install/black_detection_interfaces/include/black_detection_interfaces/black_detection_interfaces/srv/detail/detect_black_objects__rosidl_typesupport_introspection_cpp.hpp
[0.674s] -- Up-to-date: /home/albert/practice/Service_ws/install/black_detection_interfaces/include/black_detection_interfaces/black_detection_interfaces/srv/detail/detect_black_objects__type_support.cpp
[0.675s] -- Up-to-date: /home/albert/practice/Service_ws/install/black_detection_interfaces/include/black_detection_interfaces/black_detection_interfaces/msg
[0.675s] -- Up-to-date: /home/albert/practice/Service_ws/install/black_detection_interfaces/include/black_detection_interfaces/black_detection_interfaces/msg/detail
[0.675s] -- Up-to-date: /home/albert/practice/Service_ws/install/black_detection_interfaces/include/black_detection_interfaces/black_detection_interfaces/msg/detail/black_object__rosidl_typesupport_introspection_cpp.hpp
[0.675s] -- Up-to-date: /home/albert/practice/Service_ws/install/black_detection_interfaces/include/black_detection_interfaces/black_detection_interfaces/msg/detail/black_object_array__rosidl_typesupport_introspection_cpp.hpp
[0.675s] -- Up-to-date: /home/albert/practice/Service_ws/install/black_detection_interfaces/include/black_detection_interfaces/black_detection_interfaces/msg/detail/black_object_array__type_support.cpp
[0.675s] -- Up-to-date: /home/albert/practice/Service_ws/install/black_detection_interfaces/include/black_detection_interfaces/black_detection_interfaces/msg/detail/black_object__type_support.cpp
[0.675s] -- Up-to-date: /home/albert/practice/Service_ws/install/black_detection_interfaces/lib/libblack_detection_interfaces__rosidl_typesupport_introspection_cpp.so
[0.676s] -- Up-to-date: /home/albert/practice/Service_ws/install/black_detection_interfaces/lib/libblack_detection_interfaces__rosidl_typesupport_cpp.so
[0.676s] -- Up-to-date: /home/albert/practice/Service_ws/install/black_detection_interfaces/share/black_detection_interfaces/environment/pythonpath.sh
[0.676s] -- Up-to-date: /home/albert/practice/Service_ws/install/black_detection_interfaces/share/black_detection_interfaces/environment/pythonpath.dsv
[0.676s] -- Up-to-date: /home/albert/practice/Service_ws/install/black_detection_interfaces/local/lib/python3.10/dist-packages/black_detection_interfaces-0.0.0-py3.10.egg-info
[0.676s] -- Installing: /home/albert/practice/Service_ws/install/black_detection_interfaces/local/lib/python3.10/dist-packages/black_detection_interfaces-0.0.0-py3.10.egg-info/PKG-INFO
[0.676s] -- Installing: /home/albert/practice/Service_ws/install/black_detection_interfaces/local/lib/python3.10/dist-packages/black_detection_interfaces-0.0.0-py3.10.egg-info/top_level.txt
[0.677s] -- Installing: /home/albert/practice/Service_ws/install/black_detection_interfaces/local/lib/python3.10/dist-packages/black_detection_interfaces-0.0.0-py3.10.egg-info/dependency_links.txt
[0.677s] -- Installing: /home/albert/practice/Service_ws/install/black_detection_interfaces/local/lib/python3.10/dist-packages/black_detection_interfaces-0.0.0-py3.10.egg-info/SOURCES.txt
[0.677s] -- Up-to-date: /home/albert/practice/Service_ws/install/black_detection_interfaces/local/lib/python3.10/dist-packages/black_detection_interfaces
[0.677s] -- Up-to-date: /home/albert/practice/Service_ws/install/black_detection_interfaces/local/lib/python3.10/dist-packages/black_detection_interfaces/_black_detection_interfaces_s.ep.rosidl_typesupport_fastrtps_c.c
[0.677s] -- Up-to-date: /home/albert/practice/Service_ws/install/black_detection_interfaces/local/lib/python3.10/dist-packages/black_detection_interfaces/libblack_detection_interfaces__rosidl_generator_py.so
[0.677s] -- Up-to-date: /home/albert/practice/Service_ws/install/black_detection_interfaces/local/lib/python3.10/dist-packages/black_detection_interfaces/black_detection_interfaces_s__rosidl_typesupport_c.cpython-310-aarch64-linux-gnu.so
[0.677s] -- Up-to-date: /home/albert/practice/Service_ws/install/black_detection_interfaces/local/lib/python3.10/dist-packages/black_detection_interfaces/black_detection_interfaces_s__rosidl_typesupport_introspection_c.cpython-310-aarch64-linux-gnu.so
[0.677s] -- Up-to-date: /home/albert/practice/Service_ws/install/black_detection_interfaces/local/lib/python3.10/dist-packages/black_detection_interfaces/srv
[0.678s] -- Up-to-date: /home/albert/practice/Service_ws/install/black_detection_interfaces/local/lib/python3.10/dist-packages/black_detection_interfaces/srv/__init__.py
[0.678s] -- Up-to-date: /home/albert/practice/Service_ws/install/black_detection_interfaces/local/lib/python3.10/dist-packages/black_detection_interfaces/srv/_detect_black_objects_s.c
[0.678s] -- Up-to-date: /home/albert/practice/Service_ws/install/black_detection_interfaces/local/lib/python3.10/dist-packages/black_detection_interfaces/srv/_detect_black_objects.py
[0.678s] -- Up-to-date: /home/albert/practice/Service_ws/install/black_detection_interfaces/local/lib/python3.10/dist-packages/black_detection_interfaces/msg
[0.678s] -- Up-to-date: /home/albert/practice/Service_ws/install/black_detection_interfaces/local/lib/python3.10/dist-packages/black_detection_interfaces/msg/_black_object_s.c
[0.678s] -- Up-to-date: /home/albert/practice/Service_ws/install/black_detection_interfaces/local/lib/python3.10/dist-packages/black_detection_interfaces/msg/_black_object_array.py
[0.678s] -- Up-to-date: /home/albert/practice/Service_ws/install/black_detection_interfaces/local/lib/python3.10/dist-packages/black_detection_interfaces/msg/__init__.py
[0.678s] -- Up-to-date: /home/albert/practice/Service_ws/install/black_detection_interfaces/local/lib/python3.10/dist-packages/black_detection_interfaces/msg/_black_object.py
[0.678s] -- Up-to-date: /home/albert/practice/Service_ws/install/black_detection_interfaces/local/lib/python3.10/dist-packages/black_detection_interfaces/msg/_black_object_array_s.c
[0.678s] -- Up-to-date: /home/albert/practice/Service_ws/install/black_detection_interfaces/local/lib/python3.10/dist-packages/black_detection_interfaces/_black_detection_interfaces_s.ep.rosidl_typesupport_introspection_c.c
[0.678s] -- Up-to-date: /home/albert/practice/Service_ws/install/black_detection_interfaces/local/lib/python3.10/dist-packages/black_detection_interfaces/__init__.py
[0.678s] -- Up-to-date: /home/albert/practice/Service_ws/install/black_detection_interfaces/local/lib/python3.10/dist-packages/black_detection_interfaces/black_detection_interfaces_s__rosidl_typesupport_fastrtps_c.cpython-310-aarch64-linux-gnu.so
[0.678s] -- Up-to-date: /home/albert/practice/Service_ws/install/black_detection_interfaces/local/lib/python3.10/dist-packages/black_detection_interfaces/_black_detection_interfaces_s.ep.rosidl_typesupport_c.c
[0.697s] Listing '/home/albert/practice/Service_ws/install/black_detection_interfaces/local/lib/python3.10/dist-packages/black_detection_interfaces'...
[0.697s] Listing '/home/albert/practice/Service_ws/install/black_detection_interfaces/local/lib/python3.10/dist-packages/black_detection_interfaces/msg'...
[0.697s] Listing '/home/albert/practice/Service_ws/install/black_detection_interfaces/local/lib/python3.10/dist-packages/black_detection_interfaces/srv'...
[0.701s] -- Up-to-date: /home/albert/practice/Service_ws/install/black_detection_interfaces/local/lib/python3.10/dist-packages/black_detection_interfaces/black_detection_interfaces_s__rosidl_typesupport_fastrtps_c.cpython-310-aarch64-linux-gnu.so
[0.701s] -- Up-to-date: /home/albert/practice/Service_ws/install/black_detection_interfaces/local/lib/python3.10/dist-packages/black_detection_interfaces/black_detection_interfaces_s__rosidl_typesupport_introspection_c.cpython-310-aarch64-linux-gnu.so
[0.701s] -- Up-to-date: /home/albert/practice/Service_ws/install/black_detection_interfaces/local/lib/python3.10/dist-packages/black_detection_interfaces/black_detection_interfaces_s__rosidl_typesupport_c.cpython-310-aarch64-linux-gnu.so
[0.702s] -- Up-to-date: /home/albert/practice/Service_ws/install/black_detection_interfaces/lib/libblack_detection_interfaces__rosidl_generator_py.so
[0.702s] -- Up-to-date: /home/albert/practice/Service_ws/install/black_detection_interfaces/share/black_detection_interfaces/msg/BlackObject.idl
[0.702s] -- Up-to-date: /home/albert/practice/Service_ws/install/black_detection_interfaces/share/black_detection_interfaces/msg/BlackObjectArray.idl
[0.702s] -- Up-to-date: /home/albert/practice/Service_ws/install/black_detection_interfaces/share/black_detection_interfaces/srv/DetectBlackObjects.idl
[0.702s] -- Up-to-date: /home/albert/practice/Service_ws/install/black_detection_interfaces/share/black_detection_interfaces/msg/BlackObject.msg
[0.702s] -- Up-to-date: /home/albert/practice/Service_ws/install/black_detection_interfaces/share/black_detection_interfaces/msg/BlackObjectArray.msg
[0.702s] -- Up-to-date: /home/albert/practice/Service_ws/install/black_detection_interfaces/share/black_detection_interfaces/srv/DetectBlackObjects.srv
[0.703s] -- Up-to-date: /home/albert/practice/Service_ws/install/black_detection_interfaces/share/black_detection_interfaces/srv/DetectBlackObjects_Request.msg
[0.703s] -- Up-to-date: /home/albert/practice/Service_ws/install/black_detection_interfaces/share/black_detection_interfaces/srv/DetectBlackObjects_Response.msg
[0.703s] -- Up-to-date: /home/albert/practice/Service_ws/install/black_detection_interfaces/share/ament_index/resource_index/package_run_dependencies/black_detection_interfaces
[0.703s] -- Up-to-date: /home/albert/practice/Service_ws/install/black_detection_interfaces/share/ament_index/resource_index/parent_prefix_path/black_detection_interfaces
[0.703s] -- Up-to-date: /home/albert/practice/Service_ws/install/black_detection_interfaces/share/black_detection_interfaces/environment/ament_prefix_path.sh
[0.703s] -- Up-to-date: /home/albert/practice/Service_ws/install/black_detection_interfaces/share/black_detection_interfaces/environment/ament_prefix_path.dsv
[0.703s] -- Up-to-date: /home/albert/practice/Service_ws/install/black_detection_interfaces/share/black_detection_interfaces/environment/path.sh
[0.703s] -- Up-to-date: /home/albert/practice/Service_ws/install/black_detection_interfaces/share/black_detection_interfaces/environment/path.dsv
[0.703s] -- Up-to-date: /home/albert/practice/Service_ws/install/black_detection_interfaces/share/black_detection_interfaces/local_setup.bash
[0.703s] -- Up-to-date: /home/albert/practice/Service_ws/install/black_detection_interfaces/share/black_detection_interfaces/local_setup.sh
[0.703s] -- Up-to-date: /home/albert/practice/Service_ws/install/black_detection_interfaces/share/black_detection_interfaces/local_setup.zsh
[0.703s] -- Up-to-date: /home/albert/practice/Service_ws/install/black_detection_interfaces/share/black_detection_interfaces/local_setup.dsv
[0.703s] -- Installing: /home/albert/practice/Service_ws/install/black_detection_interfaces/share/black_detection_interfaces/package.dsv
[0.703s] -- Up-to-date: /home/albert/practice/Service_ws/install/black_detection_interfaces/share/ament_index/resource_index/packages/black_detection_interfaces
[0.704s] -- Up-to-date: /home/albert/practice/Service_ws/install/black_detection_interfaces/share/black_detection_interfaces/cmake/export_black_detection_interfaces__rosidl_generator_cExport.cmake
[0.704s] -- Up-to-date: /home/albert/practice/Service_ws/install/black_detection_interfaces/share/black_detection_interfaces/cmake/export_black_detection_interfaces__rosidl_generator_cExport-noconfig.cmake
[0.704s] -- Up-to-date: /home/albert/practice/Service_ws/install/black_detection_interfaces/share/black_detection_interfaces/cmake/export_black_detection_interfaces__rosidl_typesupport_fastrtps_cExport.cmake
[0.704s] -- Up-to-date: /home/albert/practice/Service_ws/install/black_detection_interfaces/share/black_detection_interfaces/cmake/export_black_detection_interfaces__rosidl_typesupport_fastrtps_cExport-noconfig.cmake
[0.704s] -- Up-to-date: /home/albert/practice/Service_ws/install/black_detection_interfaces/share/black_detection_interfaces/cmake/black_detection_interfaces__rosidl_typesupport_introspection_cExport.cmake
[0.704s] -- Up-to-date: /home/albert/practice/Service_ws/install/black_detection_interfaces/share/black_detection_interfaces/cmake/black_detection_interfaces__rosidl_typesupport_introspection_cExport-noconfig.cmake
[0.704s] -- Up-to-date: /home/albert/practice/Service_ws/install/black_detection_interfaces/share/black_detection_interfaces/cmake/black_detection_interfaces__rosidl_typesupport_cExport.cmake
[0.705s] -- Up-to-date: /home/albert/practice/Service_ws/install/black_detection_interfaces/share/black_detection_interfaces/cmake/black_detection_interfaces__rosidl_typesupport_cExport-noconfig.cmake
[0.705s] -- Up-to-date: /home/albert/practice/Service_ws/install/black_detection_interfaces/share/black_detection_interfaces/cmake/export_black_detection_interfaces__rosidl_generator_cppExport.cmake
[0.705s] -- Up-to-date: /home/albert/practice/Service_ws/install/black_detection_interfaces/share/black_detection_interfaces/cmake/export_black_detection_interfaces__rosidl_typesupport_fastrtps_cppExport.cmake
[0.705s] -- Up-to-date: /home/albert/practice/Service_ws/install/black_detection_interfaces/share/black_detection_interfaces/cmake/export_black_detection_interfaces__rosidl_typesupport_fastrtps_cppExport-noconfig.cmake
[0.706s] -- Up-to-date: /home/albert/practice/Service_ws/install/black_detection_interfaces/share/black_detection_interfaces/cmake/black_detection_interfaces__rosidl_typesupport_introspection_cppExport.cmake
[0.706s] -- Up-to-date: /home/albert/practice/Service_ws/install/black_detection_interfaces/share/black_detection_interfaces/cmake/black_detection_interfaces__rosidl_typesupport_introspection_cppExport-noconfig.cmake
[0.706s] -- Up-to-date: /home/albert/practice/Service_ws/install/black_detection_interfaces/share/black_detection_interfaces/cmake/black_detection_interfaces__rosidl_typesupport_cppExport.cmake
[0.706s] -- Up-to-date: /home/albert/practice/Service_ws/install/black_detection_interfaces/share/black_detection_interfaces/cmake/black_detection_interfaces__rosidl_typesupport_cppExport-noconfig.cmake
[0.706s] -- Up-to-date: /home/albert/practice/Service_ws/install/black_detection_interfaces/share/black_detection_interfaces/cmake/export_black_detection_interfaces__rosidl_generator_pyExport.cmake
[0.706s] -- Up-to-date: /home/albert/practice/Service_ws/install/black_detection_interfaces/share/black_detection_interfaces/cmake/export_black_detection_interfaces__rosidl_generator_pyExport-noconfig.cmake
[0.706s] -- Up-to-date: /home/albert/practice/Service_ws/install/black_detection_interfaces/share/black_detection_interfaces/cmake/rosidl_cmake-extras.cmake
[0.707s] -- Up-to-date: /home/albert/practice/Service_ws/install/black_detection_interfaces/share/black_detection_interfaces/cmake/ament_cmake_export_dependencies-extras.cmake
[0.707s] -- Up-to-date: /home/albert/practice/Service_ws/install/black_detection_interfaces/share/black_detection_interfaces/cmake/ament_cmake_export_include_directories-extras.cmake
[0.707s] -- Up-to-date: /home/albert/practice/Service_ws/install/black_detection_interfaces/share/black_detection_interfaces/cmake/ament_cmake_export_libraries-extras.cmake
[0.707s] -- Up-to-date: /home/albert/practice/Service_ws/install/black_detection_interfaces/share/black_detection_interfaces/cmake/ament_cmake_export_targets-extras.cmake
[0.707s] -- Up-to-date: /home/albert/practice/Service_ws/install/black_detection_interfaces/share/black_detection_interfaces/cmake/rosidl_cmake_export_typesupport_targets-extras.cmake
[0.707s] -- Up-to-date: /home/albert/practice/Service_ws/install/black_detection_interfaces/share/black_detection_interfaces/cmake/rosidl_cmake_export_typesupport_libraries-extras.cmake
[0.707s] -- Up-to-date: /home/albert/practice/Service_ws/install/black_detection_interfaces/share/black_detection_interfaces/cmake/black_detection_interfacesConfig.cmake
[0.707s] -- Up-to-date: /home/albert/practice/Service_ws/install/black_detection_interfaces/share/black_detection_interfaces/cmake/black_detection_interfacesConfig-version.cmake
[0.707s] -- Up-to-date: /home/albert/practice/Service_ws/install/black_detection_interfaces/share/black_detection_interfaces/package.xml
[0.715s] Invoked command in '/home/albert/practice/Service_ws/build/black_detection_interfaces' returned '0': CMAKE_PREFIX_PATH=${CMAKE_PREFIX_PATH}:/home/albert/practice/Service_ws/install/black_detection_service:/opt/ros/humble /usr/bin/cmake --install /home/albert/practice/Service_ws/build/black_detection_interfaces
