-- The C compiler identification is GNU 11.4.0
-- The CXX compiler identification is GNU 11.4.0
-- Detecting C compiler ABI info
-- Detecting C compiler ABI info - done
-- Check for working C compiler: /usr/bin/cc - skipped
-- Detecting C compile features
-- Detecting C compile features - done
-- Detecting CXX compiler ABI info
-- Detecting CXX compiler ABI info - done
-- Check for working CXX compiler: /usr/bin/c++ - skipped
-- Detecting CXX compile features
-- Detecting CXX compile features - done
-- Found ament_cmake: 1.3.11 (/opt/ros/humble/share/ament_cmake/cmake)
-- Found Python3: /usr/bin/python3 (found version "3.10.12") found components: Interpreter 
-- Found rosidl_default_generators: 1.2.0 (/opt/ros/humble/share/rosidl_default_generators/cmake)
-- Using all available rosidl_typesupport_c: rosidl_typesupport_fastrtps_c;rosidl_typesupport_introspection_c
-- Found rosidl_adapter: 3.1.6 (/opt/ros/humble/share/rosidl_adapter/cmake)
-- Using all available rosidl_typesupport_cpp: rosidl_typesupport_fastrtps_cpp;rosidl_typesupport_introspection_cpp
-- Found std_msgs: 4.8.0 (/opt/ros/humble/share/std_msgs/cmake)
-- Found geometry_msgs: 4.8.0 (/opt/ros/humble/share/geometry_msgs/cmake)
-- Found sensor_msgs: 4.8.0 (/opt/ros/humble/share/sensor_msgs/cmake)
-- Found ament_cmake_cppcheck: 0.12.12 (/opt/ros/humble/share/ament_cmake_cppcheck/cmake)
-- Found ament_cmake_cpplint: 0.12.12 (/opt/ros/humble/share/ament_cmake_cpplint/cmake)
-- Found ament_cmake_uncrustify: 0.12.12 (/opt/ros/humble/share/ament_cmake_uncrustify/cmake)
-- Found ament_cmake_ros: 0.10.0 (/opt/ros/humble/share/ament_cmake_ros/cmake)
-- Using all available rosidl_typesupport_c: rosidl_typesupport_fastrtps_c;rosidl_typesupport_introspection_c
-- Using all available rosidl_typesupport_cpp: rosidl_typesupport_fastrtps_cpp;rosidl_typesupport_introspection_cpp
-- Found PythonInterp: /usr/bin/python3 (found suitable version "3.10.12", minimum required is "3.6") 
-- Found python_cmake_module: 0.10.0 (/opt/ros/humble/share/python_cmake_module/cmake)
-- Found PythonLibs: /usr/lib/aarch64-linux-gnu/libpython3.10.so (found suitable version "3.10.12", minimum required is "3.5") 
-- Using PYTHON_EXECUTABLE: /usr/bin/python3
-- Using PYTHON_INCLUDE_DIRS: /usr/include/python3.10
-- Using PYTHON_LIBRARIES: /usr/lib/aarch64-linux-gnu/libpython3.10.so
-- Found PythonExtra: .so  
-- Found ament_cmake_flake8: 0.12.12 (/opt/ros/humble/share/ament_cmake_flake8/cmake)
-- Found ament_cmake_pep257: 0.12.12 (/opt/ros/humble/share/ament_cmake_pep257/cmake)
-- Configuring done
-- Generating done
-- Build files have been written to: /home/albert/practice/Service_ws/build/black_detection_interfaces
[  2%] [34m[1mGenerating C++ code for ROS interfaces[0m
[  2%] Built target black_detection_interfaces__cpp
[  4%] [34m[1mGenerating C code for ROS interfaces[0m
[  6%] [32mBuilding C object CMakeFiles/black_detection_interfaces__rosidl_generator_c.dir/rosidl_generator_c/black_detection_interfaces/msg/detail/black_object__functions.c.o[0m
[  8%] [32mBuilding C object CMakeFiles/black_detection_interfaces__rosidl_generator_c.dir/rosidl_generator_c/black_detection_interfaces/msg/detail/black_object_array__functions.c.o[0m
[ 10%] [32mBuilding C object CMakeFiles/black_detection_interfaces__rosidl_generator_c.dir/rosidl_generator_c/black_detection_interfaces/srv/detail/detect_black_objects__functions.c.o[0m
[ 12%] [32m[1mLinking C shared library libblack_detection_interfaces__rosidl_generator_c.so[0m
[ 12%] Built target black_detection_interfaces__rosidl_generator_c
[ 12%] Built target ament_cmake_python_copy_black_detection_interfaces
[ 14%] [34m[1mGenerating C++ type support dispatch for ROS interfaces[0m
[ 17%] [32mBuilding CXX object CMakeFiles/black_detection_interfaces__rosidl_typesupport_cpp.dir/rosidl_typesupport_cpp/black_detection_interfaces/msg/black_object__type_support.cpp.o[0m
[ 19%] [32mBuilding CXX object CMakeFiles/black_detection_interfaces__rosidl_typesupport_cpp.dir/rosidl_typesupport_cpp/black_detection_interfaces/msg/black_object_array__type_support.cpp.o[0m
[ 21%] [32mBuilding CXX object CMakeFiles/black_detection_interfaces__rosidl_typesupport_cpp.dir/rosidl_typesupport_cpp/black_detection_interfaces/srv/detect_black_objects__type_support.cpp.o[0m
[ 23%] [32m[1mLinking CXX shared library libblack_detection_interfaces__rosidl_typesupport_cpp.so[0m
[ 23%] Built target black_detection_interfaces__rosidl_typesupport_cpp
[ 25%] [34m[1mGenerating C type support for eProsima Fast-RTPS[0m
[ 27%] [32mBuilding CXX object CMakeFiles/black_detection_interfaces__rosidl_typesupport_fastrtps_c.dir/rosidl_typesupport_fastrtps_c/black_detection_interfaces/msg/detail/black_object__type_support_c.cpp.o[0m
[ 29%] [32mBuilding CXX object CMakeFiles/black_detection_interfaces__rosidl_typesupport_fastrtps_c.dir/rosidl_typesupport_fastrtps_c/black_detection_interfaces/msg/detail/black_object_array__type_support_c.cpp.o[0m
[ 31%] [32mBuilding CXX object CMakeFiles/black_detection_interfaces__rosidl_typesupport_fastrtps_c.dir/rosidl_typesupport_fastrtps_c/black_detection_interfaces/srv/detail/detect_black_objects__type_support_c.cpp.o[0m
[ 34%] [32m[1mLinking CXX shared library libblack_detection_interfaces__rosidl_typesupport_fastrtps_c.so[0m
[ 34%] Built target black_detection_interfaces__rosidl_typesupport_fastrtps_c
[ 36%] [34m[1mGenerating C introspection for ROS interfaces[0m
[ 38%] [32mBuilding C object CMakeFiles/black_detection_interfaces__rosidl_typesupport_introspection_c.dir/rosidl_typesupport_introspection_c/black_detection_interfaces/msg/detail/black_object__type_support.c.o[0m
[ 40%] [32mBuilding C object CMakeFiles/black_detection_interfaces__rosidl_typesupport_introspection_c.dir/rosidl_typesupport_introspection_c/black_detection_interfaces/msg/detail/black_object_array__type_support.c.o[0m
[ 42%] [32mBuilding C object CMakeFiles/black_detection_interfaces__rosidl_typesupport_introspection_c.dir/rosidl_typesupport_introspection_c/black_detection_interfaces/srv/detail/detect_black_objects__type_support.c.o[0m
[ 44%] [32m[1mLinking C shared library libblack_detection_interfaces__rosidl_typesupport_introspection_c.so[0m
[ 44%] Built target black_detection_interfaces__rosidl_typesupport_introspection_c
[ 46%] [34m[1mGenerating C type support dispatch for ROS interfaces[0m
[ 48%] [32mBuilding CXX object CMakeFiles/black_detection_interfaces__rosidl_typesupport_c.dir/rosidl_typesupport_c/black_detection_interfaces/msg/black_object__type_support.cpp.o[0m
[ 51%] [32mBuilding CXX object CMakeFiles/black_detection_interfaces__rosidl_typesupport_c.dir/rosidl_typesupport_c/black_detection_interfaces/msg/black_object_array__type_support.cpp.o[0m
[ 53%] [32mBuilding CXX object CMakeFiles/black_detection_interfaces__rosidl_typesupport_c.dir/rosidl_typesupport_c/black_detection_interfaces/srv/detect_black_objects__type_support.cpp.o[0m
[ 55%] [32m[1mLinking CXX shared library libblack_detection_interfaces__rosidl_typesupport_c.so[0m
[ 55%] Built target black_detection_interfaces__rosidl_typesupport_c
[ 57%] [34m[1mGenerating C++ type support for eProsima Fast-RTPS[0m
[ 59%] [32mBuilding CXX object CMakeFiles/black_detection_interfaces__rosidl_typesupport_fastrtps_cpp.dir/rosidl_typesupport_fastrtps_cpp/black_detection_interfaces/msg/detail/dds_fastrtps/black_object__type_support.cpp.o[0m
[ 61%] [32mBuilding CXX object CMakeFiles/black_detection_interfaces__rosidl_typesupport_fastrtps_cpp.dir/rosidl_typesupport_fastrtps_cpp/black_detection_interfaces/msg/detail/dds_fastrtps/black_object_array__type_support.cpp.o[0m
[ 63%] [32mBuilding CXX object CMakeFiles/black_detection_interfaces__rosidl_typesupport_fastrtps_cpp.dir/rosidl_typesupport_fastrtps_cpp/black_detection_interfaces/srv/detail/dds_fastrtps/detect_black_objects__type_support.cpp.o[0m
[ 65%] [32m[1mLinking CXX shared library libblack_detection_interfaces__rosidl_typesupport_fastrtps_cpp.so[0m
[ 65%] Built target black_detection_interfaces__rosidl_typesupport_fastrtps_cpp
[ 68%] [34m[1mGenerating C++ introspection for ROS interfaces[0m
[ 70%] [32mBuilding CXX object CMakeFiles/black_detection_interfaces__rosidl_typesupport_introspection_cpp.dir/rosidl_typesupport_introspection_cpp/black_detection_interfaces/msg/detail/black_object__type_support.cpp.o[0m
[ 72%] [32mBuilding CXX object CMakeFiles/black_detection_interfaces__rosidl_typesupport_introspection_cpp.dir/rosidl_typesupport_introspection_cpp/black_detection_interfaces/msg/detail/black_object_array__type_support.cpp.o[0m
[ 74%] [32mBuilding CXX object CMakeFiles/black_detection_interfaces__rosidl_typesupport_introspection_cpp.dir/rosidl_typesupport_introspection_cpp/black_detection_interfaces/srv/detail/detect_black_objects__type_support.cpp.o[0m
[ 76%] [32m[1mLinking CXX shared library libblack_detection_interfaces__rosidl_typesupport_introspection_cpp.so[0m
[ 76%] Built target black_detection_interfaces__rosidl_typesupport_introspection_cpp
running egg_info
creating black_detection_interfaces.egg-info
writing black_detection_interfaces.egg-info/PKG-INFO
writing dependency_links to black_detection_interfaces.egg-info/dependency_links.txt
writing top-level names to black_detection_interfaces.egg-info/top_level.txt
writing manifest file 'black_detection_interfaces.egg-info/SOURCES.txt'
reading manifest file 'black_detection_interfaces.egg-info/SOURCES.txt'
writing manifest file 'black_detection_interfaces.egg-info/SOURCES.txt'
[ 76%] Built target ament_cmake_python_build_black_detection_interfaces_egg
[ 76%] Built target black_detection_interfaces
[ 78%] [34m[1mGenerating Python code for ROS interfaces[0m
[ 78%] Built target black_detection_interfaces__py
[ 80%] [32mBuilding C object CMakeFiles/black_detection_interfaces__rosidl_generator_py.dir/rosidl_generator_py/black_detection_interfaces/msg/_black_object_s.c.o[0m
[ 82%] [32mBuilding C object CMakeFiles/black_detection_interfaces__rosidl_generator_py.dir/rosidl_generator_py/black_detection_interfaces/msg/_black_object_array_s.c.o[0m
[ 85%] [32mBuilding C object CMakeFiles/black_detection_interfaces__rosidl_generator_py.dir/rosidl_generator_py/black_detection_interfaces/srv/_detect_black_objects_s.c.o[0m
[ 87%] [32m[1mLinking C shared library rosidl_generator_py/black_detection_interfaces/libblack_detection_interfaces__rosidl_generator_py.so[0m
[ 87%] Built target black_detection_interfaces__rosidl_generator_py
[ 89%] [32mBuilding C object CMakeFiles/black_detection_interfaces__rosidl_typesupport_fastrtps_c__pyext.dir/rosidl_generator_py/black_detection_interfaces/_black_detection_interfaces_s.ep.rosidl_typesupport_fastrtps_c.c.o[0m
[ 91%] [32m[1mLinking C shared library rosidl_generator_py/black_detection_interfaces/black_detection_interfaces_s__rosidl_typesupport_fastrtps_c.cpython-310-aarch64-linux-gnu.so[0m
[ 91%] Built target black_detection_interfaces__rosidl_typesupport_fastrtps_c__pyext
[ 93%] [32mBuilding C object CMakeFiles/black_detection_interfaces__rosidl_typesupport_introspection_c__pyext.dir/rosidl_generator_py/black_detection_interfaces/_black_detection_interfaces_s.ep.rosidl_typesupport_introspection_c.c.o[0m
[ 95%] [32m[1mLinking C shared library rosidl_generator_py/black_detection_interfaces/black_detection_interfaces_s__rosidl_typesupport_introspection_c.cpython-310-aarch64-linux-gnu.so[0m
[ 95%] Built target black_detection_interfaces__rosidl_typesupport_introspection_c__pyext
[ 97%] [32mBuilding C object CMakeFiles/black_detection_interfaces__rosidl_typesupport_c__pyext.dir/rosidl_generator_py/black_detection_interfaces/_black_detection_interfaces_s.ep.rosidl_typesupport_c.c.o[0m
[100%] [32m[1mLinking C shared library rosidl_generator_py/black_detection_interfaces/black_detection_interfaces_s__rosidl_typesupport_c.cpython-310-aarch64-linux-gnu.so[0m
[100%] Built target black_detection_interfaces__rosidl_typesupport_c__pyext
-- Install configuration: ""
-- Installing: /home/albert/practice/Service_ws/install/black_detection_interfaces/share/ament_index/resource_index/rosidl_interfaces/black_detection_interfaces
-- Installing: /home/albert/practice/Service_ws/install/black_detection_interfaces/include/black_detection_interfaces/black_detection_interfaces
-- Installing: /home/albert/practice/Service_ws/install/black_detection_interfaces/include/black_detection_interfaces/black_detection_interfaces/srv
-- Installing: /home/albert/practice/Service_ws/install/black_detection_interfaces/include/black_detection_interfaces/black_detection_interfaces/srv/detail
-- Installing: /home/albert/practice/Service_ws/install/black_detection_interfaces/include/black_detection_interfaces/black_detection_interfaces/srv/detail/detect_black_objects__functions.h
-- Installing: /home/albert/practice/Service_ws/install/black_detection_interfaces/include/black_detection_interfaces/black_detection_interfaces/srv/detail/detect_black_objects__functions.c
-- Installing: /home/albert/practice/Service_ws/install/black_detection_interfaces/include/black_detection_interfaces/black_detection_interfaces/srv/detail/detect_black_objects__type_support.h
-- Installing: /home/albert/practice/Service_ws/install/black_detection_interfaces/include/black_detection_interfaces/black_detection_interfaces/srv/detail/detect_black_objects__struct.h
-- Installing: /home/albert/practice/Service_ws/install/black_detection_interfaces/include/black_detection_interfaces/black_detection_interfaces/srv/detect_black_objects.h
-- Installing: /home/albert/practice/Service_ws/install/black_detection_interfaces/include/black_detection_interfaces/black_detection_interfaces/msg
-- Installing: /home/albert/practice/Service_ws/install/black_detection_interfaces/include/black_detection_interfaces/black_detection_interfaces/msg/rosidl_generator_c__visibility_control.h
-- Installing: /home/albert/practice/Service_ws/install/black_detection_interfaces/include/black_detection_interfaces/black_detection_interfaces/msg/detail
-- Installing: /home/albert/practice/Service_ws/install/black_detection_interfaces/include/black_detection_interfaces/black_detection_interfaces/msg/detail/black_object__functions.c
-- Installing: /home/albert/practice/Service_ws/install/black_detection_interfaces/include/black_detection_interfaces/black_detection_interfaces/msg/detail/black_object_array__type_support.h
-- Installing: /home/albert/practice/Service_ws/install/black_detection_interfaces/include/black_detection_interfaces/black_detection_interfaces/msg/detail/black_object__struct.h
-- Installing: /home/albert/practice/Service_ws/install/black_detection_interfaces/include/black_detection_interfaces/black_detection_interfaces/msg/detail/black_object_array__functions.h
-- Installing: /home/albert/practice/Service_ws/install/black_detection_interfaces/include/black_detection_interfaces/black_detection_interfaces/msg/detail/black_object_array__struct.h
-- Installing: /home/albert/practice/Service_ws/install/black_detection_interfaces/include/black_detection_interfaces/black_detection_interfaces/msg/detail/black_object__functions.h
-- Installing: /home/albert/practice/Service_ws/install/black_detection_interfaces/include/black_detection_interfaces/black_detection_interfaces/msg/detail/black_object_array__functions.c
-- Installing: /home/albert/practice/Service_ws/install/black_detection_interfaces/include/black_detection_interfaces/black_detection_interfaces/msg/detail/black_object__type_support.h
-- Installing: /home/albert/practice/Service_ws/install/black_detection_interfaces/include/black_detection_interfaces/black_detection_interfaces/msg/black_object.h
-- Installing: /home/albert/practice/Service_ws/install/black_detection_interfaces/include/black_detection_interfaces/black_detection_interfaces/msg/black_object_array.h
-- Installing: /home/albert/practice/Service_ws/install/black_detection_interfaces/share/black_detection_interfaces/environment/library_path.sh
-- Installing: /home/albert/practice/Service_ws/install/black_detection_interfaces/share/black_detection_interfaces/environment/library_path.dsv
-- Installing: /home/albert/practice/Service_ws/install/black_detection_interfaces/lib/libblack_detection_interfaces__rosidl_generator_c.so
-- Set runtime path of "/home/albert/practice/Service_ws/install/black_detection_interfaces/lib/libblack_detection_interfaces__rosidl_generator_c.so" to ""
-- Up-to-date: /home/albert/practice/Service_ws/install/black_detection_interfaces/include/black_detection_interfaces/black_detection_interfaces
-- Up-to-date: /home/albert/practice/Service_ws/install/black_detection_interfaces/include/black_detection_interfaces/black_detection_interfaces/srv
-- Up-to-date: /home/albert/practice/Service_ws/install/black_detection_interfaces/include/black_detection_interfaces/black_detection_interfaces/srv/detail
-- Installing: /home/albert/practice/Service_ws/install/black_detection_interfaces/include/black_detection_interfaces/black_detection_interfaces/srv/detail/detect_black_objects__rosidl_typesupport_fastrtps_c.h
-- Up-to-date: /home/albert/practice/Service_ws/install/black_detection_interfaces/include/black_detection_interfaces/black_detection_interfaces/msg
-- Installing: /home/albert/practice/Service_ws/install/black_detection_interfaces/include/black_detection_interfaces/black_detection_interfaces/msg/rosidl_typesupport_fastrtps_c__visibility_control.h
-- Up-to-date: /home/albert/practice/Service_ws/install/black_detection_interfaces/include/black_detection_interfaces/black_detection_interfaces/msg/detail
-- Installing: /home/albert/practice/Service_ws/install/black_detection_interfaces/include/black_detection_interfaces/black_detection_interfaces/msg/detail/black_object__rosidl_typesupport_fastrtps_c.h
-- Installing: /home/albert/practice/Service_ws/install/black_detection_interfaces/include/black_detection_interfaces/black_detection_interfaces/msg/detail/black_object_array__rosidl_typesupport_fastrtps_c.h
-- Installing: /home/albert/practice/Service_ws/install/black_detection_interfaces/lib/libblack_detection_interfaces__rosidl_typesupport_fastrtps_c.so
-- Set runtime path of "/home/albert/practice/Service_ws/install/black_detection_interfaces/lib/libblack_detection_interfaces__rosidl_typesupport_fastrtps_c.so" to ""
-- Up-to-date: /home/albert/practice/Service_ws/install/black_detection_interfaces/include/black_detection_interfaces/black_detection_interfaces
-- Up-to-date: /home/albert/practice/Service_ws/install/black_detection_interfaces/include/black_detection_interfaces/black_detection_interfaces/srv
-- Up-to-date: /home/albert/practice/Service_ws/install/black_detection_interfaces/include/black_detection_interfaces/black_detection_interfaces/srv/detail
-- Installing: /home/albert/practice/Service_ws/install/black_detection_interfaces/include/black_detection_interfaces/black_detection_interfaces/srv/detail/detect_black_objects__rosidl_typesupport_introspection_c.h
-- Installing: /home/albert/practice/Service_ws/install/black_detection_interfaces/include/black_detection_interfaces/black_detection_interfaces/srv/detail/detect_black_objects__type_support.c
-- Up-to-date: /home/albert/practice/Service_ws/install/black_detection_interfaces/include/black_detection_interfaces/black_detection_interfaces/msg
-- Installing: /home/albert/practice/Service_ws/install/black_detection_interfaces/include/black_detection_interfaces/black_detection_interfaces/msg/rosidl_typesupport_introspection_c__visibility_control.h
-- Up-to-date: /home/albert/practice/Service_ws/install/black_detection_interfaces/include/black_detection_interfaces/black_detection_interfaces/msg/detail
-- Installing: /home/albert/practice/Service_ws/install/black_detection_interfaces/include/black_detection_interfaces/black_detection_interfaces/msg/detail/black_object_array__rosidl_typesupport_introspection_c.h
-- Installing: /home/albert/practice/Service_ws/install/black_detection_interfaces/include/black_detection_interfaces/black_detection_interfaces/msg/detail/black_object__rosidl_typesupport_introspection_c.h
-- Installing: /home/albert/practice/Service_ws/install/black_detection_interfaces/include/black_detection_interfaces/black_detection_interfaces/msg/detail/black_object__type_support.c
-- Installing: /home/albert/practice/Service_ws/install/black_detection_interfaces/include/black_detection_interfaces/black_detection_interfaces/msg/detail/black_object_array__type_support.c
-- Installing: /home/albert/practice/Service_ws/install/black_detection_interfaces/lib/libblack_detection_interfaces__rosidl_typesupport_introspection_c.so
-- Set runtime path of "/home/albert/practice/Service_ws/install/black_detection_interfaces/lib/libblack_detection_interfaces__rosidl_typesupport_introspection_c.so" to ""
-- Installing: /home/albert/practice/Service_ws/install/black_detection_interfaces/lib/libblack_detection_interfaces__rosidl_typesupport_c.so
-- Set runtime path of "/home/albert/practice/Service_ws/install/black_detection_interfaces/lib/libblack_detection_interfaces__rosidl_typesupport_c.so" to ""
-- Up-to-date: /home/albert/practice/Service_ws/install/black_detection_interfaces/include/black_detection_interfaces/black_detection_interfaces
-- Up-to-date: /home/albert/practice/Service_ws/install/black_detection_interfaces/include/black_detection_interfaces/black_detection_interfaces/srv
-- Installing: /home/albert/practice/Service_ws/install/black_detection_interfaces/include/black_detection_interfaces/black_detection_interfaces/srv/detect_black_objects.hpp
-- Up-to-date: /home/albert/practice/Service_ws/install/black_detection_interfaces/include/black_detection_interfaces/black_detection_interfaces/srv/detail
-- Installing: /home/albert/practice/Service_ws/install/black_detection_interfaces/include/black_detection_interfaces/black_detection_interfaces/srv/detail/detect_black_objects__type_support.hpp
-- Installing: /home/albert/practice/Service_ws/install/black_detection_interfaces/include/black_detection_interfaces/black_detection_interfaces/srv/detail/detect_black_objects__struct.hpp
-- Installing: /home/albert/practice/Service_ws/install/black_detection_interfaces/include/black_detection_interfaces/black_detection_interfaces/srv/detail/detect_black_objects__traits.hpp
-- Installing: /home/albert/practice/Service_ws/install/black_detection_interfaces/include/black_detection_interfaces/black_detection_interfaces/srv/detail/detect_black_objects__builder.hpp
-- Up-to-date: /home/albert/practice/Service_ws/install/black_detection_interfaces/include/black_detection_interfaces/black_detection_interfaces/msg
-- Installing: /home/albert/practice/Service_ws/install/black_detection_interfaces/include/black_detection_interfaces/black_detection_interfaces/msg/black_object.hpp
-- Installing: /home/albert/practice/Service_ws/install/black_detection_interfaces/include/black_detection_interfaces/black_detection_interfaces/msg/black_object_array.hpp
-- Up-to-date: /home/albert/practice/Service_ws/install/black_detection_interfaces/include/black_detection_interfaces/black_detection_interfaces/msg/detail
-- Installing: /home/albert/practice/Service_ws/install/black_detection_interfaces/include/black_detection_interfaces/black_detection_interfaces/msg/detail/black_object__type_support.hpp
-- Installing: /home/albert/practice/Service_ws/install/black_detection_interfaces/include/black_detection_interfaces/black_detection_interfaces/msg/detail/black_object_array__struct.hpp
-- Installing: /home/albert/practice/Service_ws/install/black_detection_interfaces/include/black_detection_interfaces/black_detection_interfaces/msg/detail/black_object_array__type_support.hpp
-- Installing: /home/albert/practice/Service_ws/install/black_detection_interfaces/include/black_detection_interfaces/black_detection_interfaces/msg/detail/black_object_array__traits.hpp
-- Installing: /home/albert/practice/Service_ws/install/black_detection_interfaces/include/black_detection_interfaces/black_detection_interfaces/msg/detail/black_object_array__builder.hpp
-- Installing: /home/albert/practice/Service_ws/install/black_detection_interfaces/include/black_detection_interfaces/black_detection_interfaces/msg/detail/black_object__struct.hpp
-- Installing: /home/albert/practice/Service_ws/install/black_detection_interfaces/include/black_detection_interfaces/black_detection_interfaces/msg/detail/black_object__builder.hpp
-- Installing: /home/albert/practice/Service_ws/install/black_detection_interfaces/include/black_detection_interfaces/black_detection_interfaces/msg/detail/black_object__traits.hpp
-- Installing: /home/albert/practice/Service_ws/install/black_detection_interfaces/include/black_detection_interfaces/black_detection_interfaces/msg/rosidl_generator_cpp__visibility_control.hpp
-- Up-to-date: /home/albert/practice/Service_ws/install/black_detection_interfaces/include/black_detection_interfaces/black_detection_interfaces
-- Up-to-date: /home/albert/practice/Service_ws/install/black_detection_interfaces/include/black_detection_interfaces/black_detection_interfaces/srv
-- Up-to-date: /home/albert/practice/Service_ws/install/black_detection_interfaces/include/black_detection_interfaces/black_detection_interfaces/srv/detail
-- Installing: /home/albert/practice/Service_ws/install/black_detection_interfaces/include/black_detection_interfaces/black_detection_interfaces/srv/detail/dds_fastrtps
-- Installing: /home/albert/practice/Service_ws/install/black_detection_interfaces/include/black_detection_interfaces/black_detection_interfaces/srv/detail/detect_black_objects__rosidl_typesupport_fastrtps_cpp.hpp
-- Up-to-date: /home/albert/practice/Service_ws/install/black_detection_interfaces/include/black_detection_interfaces/black_detection_interfaces/msg
-- Up-to-date: /home/albert/practice/Service_ws/install/black_detection_interfaces/include/black_detection_interfaces/black_detection_interfaces/msg/detail
-- Installing: /home/albert/practice/Service_ws/install/black_detection_interfaces/include/black_detection_interfaces/black_detection_interfaces/msg/detail/dds_fastrtps
-- Installing: /home/albert/practice/Service_ws/install/black_detection_interfaces/include/black_detection_interfaces/black_detection_interfaces/msg/detail/black_object_array__rosidl_typesupport_fastrtps_cpp.hpp
-- Installing: /home/albert/practice/Service_ws/install/black_detection_interfaces/include/black_detection_interfaces/black_detection_interfaces/msg/detail/black_object__rosidl_typesupport_fastrtps_cpp.hpp
-- Installing: /home/albert/practice/Service_ws/install/black_detection_interfaces/include/black_detection_interfaces/black_detection_interfaces/msg/rosidl_typesupport_fastrtps_cpp__visibility_control.h
-- Installing: /home/albert/practice/Service_ws/install/black_detection_interfaces/lib/libblack_detection_interfaces__rosidl_typesupport_fastrtps_cpp.so
-- Set runtime path of "/home/albert/practice/Service_ws/install/black_detection_interfaces/lib/libblack_detection_interfaces__rosidl_typesupport_fastrtps_cpp.so" to ""
-- Up-to-date: /home/albert/practice/Service_ws/install/black_detection_interfaces/include/black_detection_interfaces/black_detection_interfaces
-- Up-to-date: /home/albert/practice/Service_ws/install/black_detection_interfaces/include/black_detection_interfaces/black_detection_interfaces/srv
-- Up-to-date: /home/albert/practice/Service_ws/install/black_detection_interfaces/include/black_detection_interfaces/black_detection_interfaces/srv/detail
-- Installing: /home/albert/practice/Service_ws/install/black_detection_interfaces/include/black_detection_interfaces/black_detection_interfaces/srv/detail/detect_black_objects__rosidl_typesupport_introspection_cpp.hpp
-- Installing: /home/albert/practice/Service_ws/install/black_detection_interfaces/include/black_detection_interfaces/black_detection_interfaces/srv/detail/detect_black_objects__type_support.cpp
-- Up-to-date: /home/albert/practice/Service_ws/install/black_detection_interfaces/include/black_detection_interfaces/black_detection_interfaces/msg
-- Up-to-date: /home/albert/practice/Service_ws/install/black_detection_interfaces/include/black_detection_interfaces/black_detection_interfaces/msg/detail
-- Installing: /home/albert/practice/Service_ws/install/black_detection_interfaces/include/black_detection_interfaces/black_detection_interfaces/msg/detail/black_object__rosidl_typesupport_introspection_cpp.hpp
-- Installing: /home/albert/practice/Service_ws/install/black_detection_interfaces/include/black_detection_interfaces/black_detection_interfaces/msg/detail/black_object_array__rosidl_typesupport_introspection_cpp.hpp
-- Installing: /home/albert/practice/Service_ws/install/black_detection_interfaces/include/black_detection_interfaces/black_detection_interfaces/msg/detail/black_object_array__type_support.cpp
-- Installing: /home/albert/practice/Service_ws/install/black_detection_interfaces/include/black_detection_interfaces/black_detection_interfaces/msg/detail/black_object__type_support.cpp
-- Installing: /home/albert/practice/Service_ws/install/black_detection_interfaces/lib/libblack_detection_interfaces__rosidl_typesupport_introspection_cpp.so
-- Set runtime path of "/home/albert/practice/Service_ws/install/black_detection_interfaces/lib/libblack_detection_interfaces__rosidl_typesupport_introspection_cpp.so" to ""
-- Installing: /home/albert/practice/Service_ws/install/black_detection_interfaces/lib/libblack_detection_interfaces__rosidl_typesupport_cpp.so
-- Set runtime path of "/home/albert/practice/Service_ws/install/black_detection_interfaces/lib/libblack_detection_interfaces__rosidl_typesupport_cpp.so" to ""
-- Installing: /home/albert/practice/Service_ws/install/black_detection_interfaces/share/black_detection_interfaces/environment/pythonpath.sh
-- Installing: /home/albert/practice/Service_ws/install/black_detection_interfaces/share/black_detection_interfaces/environment/pythonpath.dsv
-- Installing: /home/albert/practice/Service_ws/install/black_detection_interfaces/local/lib/python3.10/dist-packages/black_detection_interfaces-0.0.0-py3.10.egg-info
-- Installing: /home/albert/practice/Service_ws/install/black_detection_interfaces/local/lib/python3.10/dist-packages/black_detection_interfaces-0.0.0-py3.10.egg-info/PKG-INFO
-- Installing: /home/albert/practice/Service_ws/install/black_detection_interfaces/local/lib/python3.10/dist-packages/black_detection_interfaces-0.0.0-py3.10.egg-info/top_level.txt
-- Installing: /home/albert/practice/Service_ws/install/black_detection_interfaces/local/lib/python3.10/dist-packages/black_detection_interfaces-0.0.0-py3.10.egg-info/dependency_links.txt
-- Installing: /home/albert/practice/Service_ws/install/black_detection_interfaces/local/lib/python3.10/dist-packages/black_detection_interfaces-0.0.0-py3.10.egg-info/SOURCES.txt
-- Installing: /home/albert/practice/Service_ws/install/black_detection_interfaces/local/lib/python3.10/dist-packages/black_detection_interfaces
-- Installing: /home/albert/practice/Service_ws/install/black_detection_interfaces/local/lib/python3.10/dist-packages/black_detection_interfaces/_black_detection_interfaces_s.ep.rosidl_typesupport_fastrtps_c.c
-- Installing: /home/albert/practice/Service_ws/install/black_detection_interfaces/local/lib/python3.10/dist-packages/black_detection_interfaces/libblack_detection_interfaces__rosidl_generator_py.so
-- Installing: /home/albert/practice/Service_ws/install/black_detection_interfaces/local/lib/python3.10/dist-packages/black_detection_interfaces/black_detection_interfaces_s__rosidl_typesupport_c.cpython-310-aarch64-linux-gnu.so
-- Installing: /home/albert/practice/Service_ws/install/black_detection_interfaces/local/lib/python3.10/dist-packages/black_detection_interfaces/black_detection_interfaces_s__rosidl_typesupport_introspection_c.cpython-310-aarch64-linux-gnu.so
-- Installing: /home/albert/practice/Service_ws/install/black_detection_interfaces/local/lib/python3.10/dist-packages/black_detection_interfaces/srv
-- Installing: /home/albert/practice/Service_ws/install/black_detection_interfaces/local/lib/python3.10/dist-packages/black_detection_interfaces/srv/__init__.py
-- Installing: /home/albert/practice/Service_ws/install/black_detection_interfaces/local/lib/python3.10/dist-packages/black_detection_interfaces/srv/_detect_black_objects_s.c
-- Installing: /home/albert/practice/Service_ws/install/black_detection_interfaces/local/lib/python3.10/dist-packages/black_detection_interfaces/srv/_detect_black_objects.py
-- Installing: /home/albert/practice/Service_ws/install/black_detection_interfaces/local/lib/python3.10/dist-packages/black_detection_interfaces/msg
-- Installing: /home/albert/practice/Service_ws/install/black_detection_interfaces/local/lib/python3.10/dist-packages/black_detection_interfaces/msg/_black_object_s.c
-- Installing: /home/albert/practice/Service_ws/install/black_detection_interfaces/local/lib/python3.10/dist-packages/black_detection_interfaces/msg/_black_object_array.py
-- Installing: /home/albert/practice/Service_ws/install/black_detection_interfaces/local/lib/python3.10/dist-packages/black_detection_interfaces/msg/__init__.py
-- Installing: /home/albert/practice/Service_ws/install/black_detection_interfaces/local/lib/python3.10/dist-packages/black_detection_interfaces/msg/_black_object.py
-- Installing: /home/albert/practice/Service_ws/install/black_detection_interfaces/local/lib/python3.10/dist-packages/black_detection_interfaces/msg/_black_object_array_s.c
-- Installing: /home/albert/practice/Service_ws/install/black_detection_interfaces/local/lib/python3.10/dist-packages/black_detection_interfaces/_black_detection_interfaces_s.ep.rosidl_typesupport_introspection_c.c
-- Installing: /home/albert/practice/Service_ws/install/black_detection_interfaces/local/lib/python3.10/dist-packages/black_detection_interfaces/__init__.py
-- Installing: /home/albert/practice/Service_ws/install/black_detection_interfaces/local/lib/python3.10/dist-packages/black_detection_interfaces/black_detection_interfaces_s__rosidl_typesupport_fastrtps_c.cpython-310-aarch64-linux-gnu.so
-- Installing: /home/albert/practice/Service_ws/install/black_detection_interfaces/local/lib/python3.10/dist-packages/black_detection_interfaces/_black_detection_interfaces_s.ep.rosidl_typesupport_c.c
Listing '/home/albert/practice/Service_ws/install/black_detection_interfaces/local/lib/python3.10/dist-packages/black_detection_interfaces'...
Compiling '/home/albert/practice/Service_ws/install/black_detection_interfaces/local/lib/python3.10/dist-packages/black_detection_interfaces/__init__.py'...
Listing '/home/albert/practice/Service_ws/install/black_detection_interfaces/local/lib/python3.10/dist-packages/black_detection_interfaces/msg'...
Compiling '/home/albert/practice/Service_ws/install/black_detection_interfaces/local/lib/python3.10/dist-packages/black_detection_interfaces/msg/__init__.py'...
Compiling '/home/albert/practice/Service_ws/install/black_detection_interfaces/local/lib/python3.10/dist-packages/black_detection_interfaces/msg/_black_object.py'...
Compiling '/home/albert/practice/Service_ws/install/black_detection_interfaces/local/lib/python3.10/dist-packages/black_detection_interfaces/msg/_black_object_array.py'...
Listing '/home/albert/practice/Service_ws/install/black_detection_interfaces/local/lib/python3.10/dist-packages/black_detection_interfaces/srv'...
Compiling '/home/albert/practice/Service_ws/install/black_detection_interfaces/local/lib/python3.10/dist-packages/black_detection_interfaces/srv/__init__.py'...
Compiling '/home/albert/practice/Service_ws/install/black_detection_interfaces/local/lib/python3.10/dist-packages/black_detection_interfaces/srv/_detect_black_objects.py'...
-- Installing: /home/albert/practice/Service_ws/install/black_detection_interfaces/local/lib/python3.10/dist-packages/black_detection_interfaces/black_detection_interfaces_s__rosidl_typesupport_fastrtps_c.cpython-310-aarch64-linux-gnu.so
-- Set runtime path of "/home/albert/practice/Service_ws/install/black_detection_interfaces/local/lib/python3.10/dist-packages/black_detection_interfaces/black_detection_interfaces_s__rosidl_typesupport_fastrtps_c.cpython-310-aarch64-linux-gnu.so" to ""
-- Installing: /home/albert/practice/Service_ws/install/black_detection_interfaces/local/lib/python3.10/dist-packages/black_detection_interfaces/black_detection_interfaces_s__rosidl_typesupport_introspection_c.cpython-310-aarch64-linux-gnu.so
-- Set runtime path of "/home/albert/practice/Service_ws/install/black_detection_interfaces/local/lib/python3.10/dist-packages/black_detection_interfaces/black_detection_interfaces_s__rosidl_typesupport_introspection_c.cpython-310-aarch64-linux-gnu.so" to ""
-- Installing: /home/albert/practice/Service_ws/install/black_detection_interfaces/local/lib/python3.10/dist-packages/black_detection_interfaces/black_detection_interfaces_s__rosidl_typesupport_c.cpython-310-aarch64-linux-gnu.so
-- Set runtime path of "/home/albert/practice/Service_ws/install/black_detection_interfaces/local/lib/python3.10/dist-packages/black_detection_interfaces/black_detection_interfaces_s__rosidl_typesupport_c.cpython-310-aarch64-linux-gnu.so" to ""
-- Installing: /home/albert/practice/Service_ws/install/black_detection_interfaces/lib/libblack_detection_interfaces__rosidl_generator_py.so
-- Set runtime path of "/home/albert/practice/Service_ws/install/black_detection_interfaces/lib/libblack_detection_interfaces__rosidl_generator_py.so" to ""
-- Installing: /home/albert/practice/Service_ws/install/black_detection_interfaces/share/black_detection_interfaces/msg/BlackObject.idl
-- Installing: /home/albert/practice/Service_ws/install/black_detection_interfaces/share/black_detection_interfaces/msg/BlackObjectArray.idl
-- Installing: /home/albert/practice/Service_ws/install/black_detection_interfaces/share/black_detection_interfaces/srv/DetectBlackObjects.idl
-- Installing: /home/albert/practice/Service_ws/install/black_detection_interfaces/share/black_detection_interfaces/msg/BlackObject.msg
-- Installing: /home/albert/practice/Service_ws/install/black_detection_interfaces/share/black_detection_interfaces/msg/BlackObjectArray.msg
-- Installing: /home/albert/practice/Service_ws/install/black_detection_interfaces/share/black_detection_interfaces/srv/DetectBlackObjects.srv
-- Installing: /home/albert/practice/Service_ws/install/black_detection_interfaces/share/black_detection_interfaces/srv/DetectBlackObjects_Request.msg
-- Installing: /home/albert/practice/Service_ws/install/black_detection_interfaces/share/black_detection_interfaces/srv/DetectBlackObjects_Response.msg
-- Installing: /home/albert/practice/Service_ws/install/black_detection_interfaces/share/ament_index/resource_index/package_run_dependencies/black_detection_interfaces
-- Installing: /home/albert/practice/Service_ws/install/black_detection_interfaces/share/ament_index/resource_index/parent_prefix_path/black_detection_interfaces
-- Installing: /home/albert/practice/Service_ws/install/black_detection_interfaces/share/black_detection_interfaces/environment/ament_prefix_path.sh
-- Installing: /home/albert/practice/Service_ws/install/black_detection_interfaces/share/black_detection_interfaces/environment/ament_prefix_path.dsv
-- Installing: /home/albert/practice/Service_ws/install/black_detection_interfaces/share/black_detection_interfaces/environment/path.sh
-- Installing: /home/albert/practice/Service_ws/install/black_detection_interfaces/share/black_detection_interfaces/environment/path.dsv
-- Installing: /home/albert/practice/Service_ws/install/black_detection_interfaces/share/black_detection_interfaces/local_setup.bash
-- Installing: /home/albert/practice/Service_ws/install/black_detection_interfaces/share/black_detection_interfaces/local_setup.sh
-- Installing: /home/albert/practice/Service_ws/install/black_detection_interfaces/share/black_detection_interfaces/local_setup.zsh
-- Installing: /home/albert/practice/Service_ws/install/black_detection_interfaces/share/black_detection_interfaces/local_setup.dsv
-- Installing: /home/albert/practice/Service_ws/install/black_detection_interfaces/share/black_detection_interfaces/package.dsv
-- Installing: /home/albert/practice/Service_ws/install/black_detection_interfaces/share/ament_index/resource_index/packages/black_detection_interfaces
-- Installing: /home/albert/practice/Service_ws/install/black_detection_interfaces/share/black_detection_interfaces/cmake/export_black_detection_interfaces__rosidl_generator_cExport.cmake
-- Installing: /home/albert/practice/Service_ws/install/black_detection_interfaces/share/black_detection_interfaces/cmake/export_black_detection_interfaces__rosidl_generator_cExport-noconfig.cmake
-- Installing: /home/albert/practice/Service_ws/install/black_detection_interfaces/share/black_detection_interfaces/cmake/export_black_detection_interfaces__rosidl_typesupport_fastrtps_cExport.cmake
-- Installing: /home/albert/practice/Service_ws/install/black_detection_interfaces/share/black_detection_interfaces/cmake/export_black_detection_interfaces__rosidl_typesupport_fastrtps_cExport-noconfig.cmake
-- Installing: /home/albert/practice/Service_ws/install/black_detection_interfaces/share/black_detection_interfaces/cmake/black_detection_interfaces__rosidl_typesupport_introspection_cExport.cmake
-- Installing: /home/albert/practice/Service_ws/install/black_detection_interfaces/share/black_detection_interfaces/cmake/black_detection_interfaces__rosidl_typesupport_introspection_cExport-noconfig.cmake
-- Installing: /home/albert/practice/Service_ws/install/black_detection_interfaces/share/black_detection_interfaces/cmake/black_detection_interfaces__rosidl_typesupport_cExport.cmake
-- Installing: /home/albert/practice/Service_ws/install/black_detection_interfaces/share/black_detection_interfaces/cmake/black_detection_interfaces__rosidl_typesupport_cExport-noconfig.cmake
-- Installing: /home/albert/practice/Service_ws/install/black_detection_interfaces/share/black_detection_interfaces/cmake/export_black_detection_interfaces__rosidl_generator_cppExport.cmake
-- Installing: /home/albert/practice/Service_ws/install/black_detection_interfaces/share/black_detection_interfaces/cmake/export_black_detection_interfaces__rosidl_typesupport_fastrtps_cppExport.cmake
-- Installing: /home/albert/practice/Service_ws/install/black_detection_interfaces/share/black_detection_interfaces/cmake/export_black_detection_interfaces__rosidl_typesupport_fastrtps_cppExport-noconfig.cmake
-- Installing: /home/albert/practice/Service_ws/install/black_detection_interfaces/share/black_detection_interfaces/cmake/black_detection_interfaces__rosidl_typesupport_introspection_cppExport.cmake
-- Installing: /home/albert/practice/Service_ws/install/black_detection_interfaces/share/black_detection_interfaces/cmake/black_detection_interfaces__rosidl_typesupport_introspection_cppExport-noconfig.cmake
-- Installing: /home/albert/practice/Service_ws/install/black_detection_interfaces/share/black_detection_interfaces/cmake/black_detection_interfaces__rosidl_typesupport_cppExport.cmake
-- Installing: /home/albert/practice/Service_ws/install/black_detection_interfaces/share/black_detection_interfaces/cmake/black_detection_interfaces__rosidl_typesupport_cppExport-noconfig.cmake
-- Installing: /home/albert/practice/Service_ws/install/black_detection_interfaces/share/black_detection_interfaces/cmake/export_black_detection_interfaces__rosidl_generator_pyExport.cmake
-- Installing: /home/albert/practice/Service_ws/install/black_detection_interfaces/share/black_detection_interfaces/cmake/export_black_detection_interfaces__rosidl_generator_pyExport-noconfig.cmake
-- Installing: /home/albert/practice/Service_ws/install/black_detection_interfaces/share/black_detection_interfaces/cmake/rosidl_cmake-extras.cmake
-- Installing: /home/albert/practice/Service_ws/install/black_detection_interfaces/share/black_detection_interfaces/cmake/ament_cmake_export_dependencies-extras.cmake
-- Installing: /home/albert/practice/Service_ws/install/black_detection_interfaces/share/black_detection_interfaces/cmake/ament_cmake_export_include_directories-extras.cmake
-- Installing: /home/albert/practice/Service_ws/install/black_detection_interfaces/share/black_detection_interfaces/cmake/ament_cmake_export_libraries-extras.cmake
-- Installing: /home/albert/practice/Service_ws/install/black_detection_interfaces/share/black_detection_interfaces/cmake/ament_cmake_export_targets-extras.cmake
-- Installing: /home/albert/practice/Service_ws/install/black_detection_interfaces/share/black_detection_interfaces/cmake/rosidl_cmake_export_typesupport_targets-extras.cmake
-- Installing: /home/albert/practice/Service_ws/install/black_detection_interfaces/share/black_detection_interfaces/cmake/rosidl_cmake_export_typesupport_libraries-extras.cmake
-- Installing: /home/albert/practice/Service_ws/install/black_detection_interfaces/share/black_detection_interfaces/cmake/black_detection_interfacesConfig.cmake
-- Installing: /home/albert/practice/Service_ws/install/black_detection_interfaces/share/black_detection_interfaces/cmake/black_detection_interfacesConfig-version.cmake
-- Installing: /home/albert/practice/Service_ws/install/black_detection_interfaces/share/black_detection_interfaces/package.xml
