[0.029s] Invoking command in '/home/albert/practice/Service_ws/build/black_detection_interfaces': CMAKE_PREFIX_PATH=/opt/ros/humble /usr/bin/cmake /home/albert/practice/Service_ws/src/black_detection_interfaces -DCMAKE_INSTALL_PREFIX=/home/albert/practice/Service_ws/install/black_detection_interfaces
[0.376s] -- The C compiler identification is GNU 11.4.0
[0.513s] -- The CXX compiler identification is GNU 11.4.0
[0.533s] -- Detecting C compiler ABI info
[0.701s] -- Detecting C compiler ABI info - done
[0.702s] -- Check for working C compiler: /usr/bin/cc - skipped
[0.703s] -- Detecting C compile features
[0.706s] -- Detecting C compile features - done
[0.723s] -- Detecting CXX compiler ABI info
[0.831s] -- Detecting CXX compiler ABI info - done
[0.834s] -- Check for working CXX compiler: /usr/bin/c++ - skipped
[0.835s] -- Detecting CXX compile features
[0.835s] -- Detecting CXX compile features - done
[0.852s] -- Found ament_cmake: 1.3.11 (/opt/ros/humble/share/ament_cmake/cmake)
[1.067s] -- Found Python3: /usr/bin/python3 (found version "3.10.12") found components: Interpreter 
[1.229s] -- Found rosidl_default_generators: 1.2.0 (/opt/ros/humble/share/rosidl_default_generators/cmake)
[1.240s] -- Using all available rosidl_typesupport_c: rosidl_typesupport_fastrtps_c;rosidl_typesupport_introspection_c
[1.257s] -- Found rosidl_adapter: 3.1.6 (/opt/ros/humble/share/rosidl_adapter/cmake)
[1.316s] -- Using all available rosidl_typesupport_cpp: rosidl_typesupport_fastrtps_cpp;rosidl_typesupport_introspection_cpp
[1.362s] -- Found std_msgs: 4.8.0 (/opt/ros/humble/share/std_msgs/cmake)
[1.392s] -- Found geometry_msgs: 4.8.0 (/opt/ros/humble/share/geometry_msgs/cmake)
[1.418s] -- Found sensor_msgs: 4.8.0 (/opt/ros/humble/share/sensor_msgs/cmake)
[1.798s] -- Found ament_cmake_cppcheck: 0.12.12 (/opt/ros/humble/share/ament_cmake_cppcheck/cmake)
[1.810s] -- Found ament_cmake_cpplint: 0.12.12 (/opt/ros/humble/share/ament_cmake_cpplint/cmake)
[1.812s] -- Found ament_cmake_uncrustify: 0.12.12 (/opt/ros/humble/share/ament_cmake_uncrustify/cmake)
[1.817s] -- Found ament_cmake_ros: 0.10.0 (/opt/ros/humble/share/ament_cmake_ros/cmake)
[2.141s] -- Using all available rosidl_typesupport_c: rosidl_typesupport_fastrtps_c;rosidl_typesupport_introspection_c
[2.903s] -- Using all available rosidl_typesupport_cpp: rosidl_typesupport_fastrtps_cpp;rosidl_typesupport_introspection_cpp
[2.964s] -- Found PythonInterp: /usr/bin/python3 (found suitable version "3.10.12", minimum required is "3.6") 
[2.967s] -- Found python_cmake_module: 0.10.0 (/opt/ros/humble/share/python_cmake_module/cmake)
[3.024s] -- Found PythonLibs: /usr/lib/aarch64-linux-gnu/libpython3.10.so (found suitable version "3.10.12", minimum required is "3.5") 
[3.026s] -- Using PYTHON_EXECUTABLE: /usr/bin/python3
[3.026s] -- Using PYTHON_INCLUDE_DIRS: /usr/include/python3.10
[3.027s] -- Using PYTHON_LIBRARIES: /usr/lib/aarch64-linux-gnu/libpython3.10.so
[3.050s] -- Found PythonExtra: .so  
[3.173s] -- Found ament_cmake_flake8: 0.12.12 (/opt/ros/humble/share/ament_cmake_flake8/cmake)
[3.179s] -- Found ament_cmake_pep257: 0.12.12 (/opt/ros/humble/share/ament_cmake_pep257/cmake)
[3.221s] -- Configuring done
[3.334s] -- Generating done
[3.352s] -- Build files have been written to: /home/albert/practice/Service_ws/build/black_detection_interfaces
[3.370s] Invoked command in '/home/albert/practice/Service_ws/build/black_detection_interfaces' returned '0': CMAKE_PREFIX_PATH=/opt/ros/humble /usr/bin/cmake /home/albert/practice/Service_ws/src/black_detection_interfaces -DCMAKE_INSTALL_PREFIX=/home/albert/practice/Service_ws/install/black_detection_interfaces
[3.376s] Invoking command in '/home/albert/practice/Service_ws/build/black_detection_interfaces': CMAKE_PREFIX_PATH=/opt/ros/humble /usr/bin/cmake --build /home/albert/practice/Service_ws/build/black_detection_interfaces -- -j2 -l2
[3.448s] [  2%] [34m[1mGenerating C++ code for ROS interfaces[0m
[4.561s] [  2%] Built target black_detection_interfaces__cpp
[4.578s] [  4%] [34m[1mGenerating C code for ROS interfaces[0m
[5.368s] [  6%] [32mBuilding C object CMakeFiles/black_detection_interfaces__rosidl_generator_c.dir/rosidl_generator_c/black_detection_interfaces/msg/detail/black_object__functions.c.o[0m
[5.482s] [  8%] [32mBuilding C object CMakeFiles/black_detection_interfaces__rosidl_generator_c.dir/rosidl_generator_c/black_detection_interfaces/msg/detail/black_object_array__functions.c.o[0m
[5.523s] [ 10%] [32mBuilding C object CMakeFiles/black_detection_interfaces__rosidl_generator_c.dir/rosidl_generator_c/black_detection_interfaces/srv/detail/detect_black_objects__functions.c.o[0m
[5.592s] [ 12%] [32m[1mLinking C shared library libblack_detection_interfaces__rosidl_generator_c.so[0m
[5.627s] [ 12%] Built target black_detection_interfaces__rosidl_generator_c
[5.645s] [ 12%] Built target ament_cmake_python_copy_black_detection_interfaces
[5.654s] [ 14%] [34m[1mGenerating C++ type support dispatch for ROS interfaces[0m
[6.095s] [ 17%] [32mBuilding CXX object CMakeFiles/black_detection_interfaces__rosidl_typesupport_cpp.dir/rosidl_typesupport_cpp/black_detection_interfaces/msg/black_object__type_support.cpp.o[0m
[6.537s] [ 19%] [32mBuilding CXX object CMakeFiles/black_detection_interfaces__rosidl_typesupport_cpp.dir/rosidl_typesupport_cpp/black_detection_interfaces/msg/black_object_array__type_support.cpp.o[0m
[6.781s] [ 21%] [32mBuilding CXX object CMakeFiles/black_detection_interfaces__rosidl_typesupport_cpp.dir/rosidl_typesupport_cpp/black_detection_interfaces/srv/detect_black_objects__type_support.cpp.o[0m
[7.019s] [ 23%] [32m[1mLinking CXX shared library libblack_detection_interfaces__rosidl_typesupport_cpp.so[0m
[7.053s] [ 23%] Built target black_detection_interfaces__rosidl_typesupport_cpp
[7.060s] [ 25%] [34m[1mGenerating C type support for eProsima Fast-RTPS[0m
[7.668s] [ 27%] [32mBuilding CXX object CMakeFiles/black_detection_interfaces__rosidl_typesupport_fastrtps_c.dir/rosidl_typesupport_fastrtps_c/black_detection_interfaces/msg/detail/black_object__type_support_c.cpp.o[0m
[8.070s] [ 29%] [32mBuilding CXX object CMakeFiles/black_detection_interfaces__rosidl_typesupport_fastrtps_c.dir/rosidl_typesupport_fastrtps_c/black_detection_interfaces/msg/detail/black_object_array__type_support_c.cpp.o[0m
[8.377s] [ 31%] [32mBuilding CXX object CMakeFiles/black_detection_interfaces__rosidl_typesupport_fastrtps_c.dir/rosidl_typesupport_fastrtps_c/black_detection_interfaces/srv/detail/detect_black_objects__type_support_c.cpp.o[0m
[8.691s] [ 34%] [32m[1mLinking CXX shared library libblack_detection_interfaces__rosidl_typesupport_fastrtps_c.so[0m
[8.770s] [ 34%] Built target black_detection_interfaces__rosidl_typesupport_fastrtps_c
[8.777s] [ 36%] [34m[1mGenerating C introspection for ROS interfaces[0m
[9.268s] [ 38%] [32mBuilding C object CMakeFiles/black_detection_interfaces__rosidl_typesupport_introspection_c.dir/rosidl_typesupport_introspection_c/black_detection_interfaces/msg/detail/black_object__type_support.c.o[0m
[9.326s] [ 40%] [32mBuilding C object CMakeFiles/black_detection_interfaces__rosidl_typesupport_introspection_c.dir/rosidl_typesupport_introspection_c/black_detection_interfaces/msg/detail/black_object_array__type_support.c.o[0m
[9.381s] [ 42%] [32mBuilding C object CMakeFiles/black_detection_interfaces__rosidl_typesupport_introspection_c.dir/rosidl_typesupport_introspection_c/black_detection_interfaces/srv/detail/detect_black_objects__type_support.c.o[0m
[9.425s] [ 44%] [32m[1mLinking C shared library libblack_detection_interfaces__rosidl_typesupport_introspection_c.so[0m
[9.464s] [ 44%] Built target black_detection_interfaces__rosidl_typesupport_introspection_c
[9.471s] [ 46%] [34m[1mGenerating C type support dispatch for ROS interfaces[0m
[9.970s] [ 48%] [32mBuilding CXX object CMakeFiles/black_detection_interfaces__rosidl_typesupport_c.dir/rosidl_typesupport_c/black_detection_interfaces/msg/black_object__type_support.cpp.o[0m
[10.006s] [ 51%] [32mBuilding CXX object CMakeFiles/black_detection_interfaces__rosidl_typesupport_c.dir/rosidl_typesupport_c/black_detection_interfaces/msg/black_object_array__type_support.cpp.o[0m
[10.032s] [ 53%] [32mBuilding CXX object CMakeFiles/black_detection_interfaces__rosidl_typesupport_c.dir/rosidl_typesupport_c/black_detection_interfaces/srv/detect_black_objects__type_support.cpp.o[0m
[10.061s] [ 55%] [32m[1mLinking CXX shared library libblack_detection_interfaces__rosidl_typesupport_c.so[0m
[10.127s] [ 55%] Built target black_detection_interfaces__rosidl_typesupport_c
[10.140s] [ 57%] [34m[1mGenerating C++ type support for eProsima Fast-RTPS[0m
[11.005s] [ 59%] [32mBuilding CXX object CMakeFiles/black_detection_interfaces__rosidl_typesupport_fastrtps_cpp.dir/rosidl_typesupport_fastrtps_cpp/black_detection_interfaces/msg/detail/dds_fastrtps/black_object__type_support.cpp.o[0m
[11.608s] [ 61%] [32mBuilding CXX object CMakeFiles/black_detection_interfaces__rosidl_typesupport_fastrtps_cpp.dir/rosidl_typesupport_fastrtps_cpp/black_detection_interfaces/msg/detail/dds_fastrtps/black_object_array__type_support.cpp.o[0m
[11.971s] [ 63%] [32mBuilding CXX object CMakeFiles/black_detection_interfaces__rosidl_typesupport_fastrtps_cpp.dir/rosidl_typesupport_fastrtps_cpp/black_detection_interfaces/srv/detail/dds_fastrtps/detect_black_objects__type_support.cpp.o[0m
[12.481s] [ 65%] [32m[1mLinking CXX shared library libblack_detection_interfaces__rosidl_typesupport_fastrtps_cpp.so[0m
[12.561s] [ 65%] Built target black_detection_interfaces__rosidl_typesupport_fastrtps_cpp
[12.570s] [ 68%] [34m[1mGenerating C++ introspection for ROS interfaces[0m
[13.084s] [ 70%] [32mBuilding CXX object CMakeFiles/black_detection_interfaces__rosidl_typesupport_introspection_cpp.dir/rosidl_typesupport_introspection_cpp/black_detection_interfaces/msg/detail/black_object__type_support.cpp.o[0m
[13.428s] [ 72%] [32mBuilding CXX object CMakeFiles/black_detection_interfaces__rosidl_typesupport_introspection_cpp.dir/rosidl_typesupport_introspection_cpp/black_detection_interfaces/msg/detail/black_object_array__type_support.cpp.o[0m
[13.778s] [ 74%] [32mBuilding CXX object CMakeFiles/black_detection_interfaces__rosidl_typesupport_introspection_cpp.dir/rosidl_typesupport_introspection_cpp/black_detection_interfaces/srv/detail/detect_black_objects__type_support.cpp.o[0m
[14.163s] [ 76%] [32m[1mLinking CXX shared library libblack_detection_interfaces__rosidl_typesupport_introspection_cpp.so[0m
[14.286s] [ 76%] Built target black_detection_interfaces__rosidl_typesupport_introspection_cpp
[14.626s] running egg_info
[14.627s] creating black_detection_interfaces.egg-info
[14.627s] writing black_detection_interfaces.egg-info/PKG-INFO
[14.629s] writing dependency_links to black_detection_interfaces.egg-info/dependency_links.txt
[14.633s] writing top-level names to black_detection_interfaces.egg-info/top_level.txt
[14.634s] writing manifest file 'black_detection_interfaces.egg-info/SOURCES.txt'
[14.642s] reading manifest file 'black_detection_interfaces.egg-info/SOURCES.txt'
[14.643s] writing manifest file 'black_detection_interfaces.egg-info/SOURCES.txt'
[14.684s] [ 76%] Built target ament_cmake_python_build_black_detection_interfaces_egg
[14.718s] [ 76%] Built target black_detection_interfaces
[14.734s] [ 78%] [34m[1mGenerating Python code for ROS interfaces[0m
[16.092s] [ 78%] Built target black_detection_interfaces__py
[16.110s] [ 80%] [32mBuilding C object CMakeFiles/black_detection_interfaces__rosidl_generator_py.dir/rosidl_generator_py/black_detection_interfaces/msg/_black_object_s.c.o[0m
[16.289s] [ 82%] [32mBuilding C object CMakeFiles/black_detection_interfaces__rosidl_generator_py.dir/rosidl_generator_py/black_detection_interfaces/msg/_black_object_array_s.c.o[0m
[16.408s] [ 85%] [32mBuilding C object CMakeFiles/black_detection_interfaces__rosidl_generator_py.dir/rosidl_generator_py/black_detection_interfaces/srv/_detect_black_objects_s.c.o[0m
[16.655s] [ 87%] [32m[1mLinking C shared library rosidl_generator_py/black_detection_interfaces/libblack_detection_interfaces__rosidl_generator_py.so[0m
[16.699s] [ 87%] Built target black_detection_interfaces__rosidl_generator_py
[16.719s] [ 89%] [32mBuilding C object CMakeFiles/black_detection_interfaces__rosidl_typesupport_fastrtps_c__pyext.dir/rosidl_generator_py/black_detection_interfaces/_black_detection_interfaces_s.ep.rosidl_typesupport_fastrtps_c.c.o[0m
[16.830s] [ 91%] [32m[1mLinking C shared library rosidl_generator_py/black_detection_interfaces/black_detection_interfaces_s__rosidl_typesupport_fastrtps_c.cpython-310-aarch64-linux-gnu.so[0m
[16.865s] [ 91%] Built target black_detection_interfaces__rosidl_typesupport_fastrtps_c__pyext
[16.881s] [ 93%] [32mBuilding C object CMakeFiles/black_detection_interfaces__rosidl_typesupport_introspection_c__pyext.dir/rosidl_generator_py/black_detection_interfaces/_black_detection_interfaces_s.ep.rosidl_typesupport_introspection_c.c.o[0m
[16.985s] [ 95%] [32m[1mLinking C shared library rosidl_generator_py/black_detection_interfaces/black_detection_interfaces_s__rosidl_typesupport_introspection_c.cpython-310-aarch64-linux-gnu.so[0m
[17.025s] [ 95%] Built target black_detection_interfaces__rosidl_typesupport_introspection_c__pyext
[17.041s] [ 97%] [32mBuilding C object CMakeFiles/black_detection_interfaces__rosidl_typesupport_c__pyext.dir/rosidl_generator_py/black_detection_interfaces/_black_detection_interfaces_s.ep.rosidl_typesupport_c.c.o[0m
[17.145s] [100%] [32m[1mLinking C shared library rosidl_generator_py/black_detection_interfaces/black_detection_interfaces_s__rosidl_typesupport_c.cpython-310-aarch64-linux-gnu.so[0m
[17.182s] [100%] Built target black_detection_interfaces__rosidl_typesupport_c__pyext
[17.217s] Invoked command in '/home/albert/practice/Service_ws/build/black_detection_interfaces' returned '0': CMAKE_PREFIX_PATH=/opt/ros/humble /usr/bin/cmake --build /home/albert/practice/Service_ws/build/black_detection_interfaces -- -j2 -l2
[17.232s] Invoking command in '/home/albert/practice/Service_ws/build/black_detection_interfaces': CMAKE_PREFIX_PATH=/opt/ros/humble /usr/bin/cmake --install /home/albert/practice/Service_ws/build/black_detection_interfaces
[17.243s] -- Install configuration: ""
[17.243s] -- Installing: /home/albert/practice/Service_ws/install/black_detection_interfaces/share/ament_index/resource_index/rosidl_interfaces/black_detection_interfaces
[17.243s] -- Installing: /home/albert/practice/Service_ws/install/black_detection_interfaces/include/black_detection_interfaces/black_detection_interfaces
[17.244s] -- Installing: /home/albert/practice/Service_ws/install/black_detection_interfaces/include/black_detection_interfaces/black_detection_interfaces/srv
[17.244s] -- Installing: /home/albert/practice/Service_ws/install/black_detection_interfaces/include/black_detection_interfaces/black_detection_interfaces/srv/detail
[17.244s] -- Installing: /home/albert/practice/Service_ws/install/black_detection_interfaces/include/black_detection_interfaces/black_detection_interfaces/srv/detail/detect_black_objects__functions.h
[17.244s] -- Installing: /home/albert/practice/Service_ws/install/black_detection_interfaces/include/black_detection_interfaces/black_detection_interfaces/srv/detail/detect_black_objects__functions.c
[17.244s] -- Installing: /home/albert/practice/Service_ws/install/black_detection_interfaces/include/black_detection_interfaces/black_detection_interfaces/srv/detail/detect_black_objects__type_support.h
[17.244s] -- Installing: /home/albert/practice/Service_ws/install/black_detection_interfaces/include/black_detection_interfaces/black_detection_interfaces/srv/detail/detect_black_objects__struct.h
[17.245s] -- Installing: /home/albert/practice/Service_ws/install/black_detection_interfaces/include/black_detection_interfaces/black_detection_interfaces/srv/detect_black_objects.h
[17.245s] -- Installing: /home/albert/practice/Service_ws/install/black_detection_interfaces/include/black_detection_interfaces/black_detection_interfaces/msg
[17.245s] -- Installing: /home/albert/practice/Service_ws/install/black_detection_interfaces/include/black_detection_interfaces/black_detection_interfaces/msg/rosidl_generator_c__visibility_control.h
[17.245s] -- Installing: /home/albert/practice/Service_ws/install/black_detection_interfaces/include/black_detection_interfaces/black_detection_interfaces/msg/detail
[17.245s] -- Installing: /home/albert/practice/Service_ws/install/black_detection_interfaces/include/black_detection_interfaces/black_detection_interfaces/msg/detail/black_object__functions.c
[17.245s] -- Installing: /home/albert/practice/Service_ws/install/black_detection_interfaces/include/black_detection_interfaces/black_detection_interfaces/msg/detail/black_object_array__type_support.h
[17.245s] -- Installing: /home/albert/practice/Service_ws/install/black_detection_interfaces/include/black_detection_interfaces/black_detection_interfaces/msg/detail/black_object__struct.h
[17.245s] -- Installing: /home/albert/practice/Service_ws/install/black_detection_interfaces/include/black_detection_interfaces/black_detection_interfaces/msg/detail/black_object_array__functions.h
[17.245s] -- Installing: /home/albert/practice/Service_ws/install/black_detection_interfaces/include/black_detection_interfaces/black_detection_interfaces/msg/detail/black_object_array__struct.h
[17.246s] -- Installing: /home/albert/practice/Service_ws/install/black_detection_interfaces/include/black_detection_interfaces/black_detection_interfaces/msg/detail/black_object__functions.h
[17.246s] -- Installing: /home/albert/practice/Service_ws/install/black_detection_interfaces/include/black_detection_interfaces/black_detection_interfaces/msg/detail/black_object_array__functions.c
[17.246s] -- Installing: /home/albert/practice/Service_ws/install/black_detection_interfaces/include/black_detection_interfaces/black_detection_interfaces/msg/detail/black_object__type_support.h
[17.246s] -- Installing: /home/albert/practice/Service_ws/install/black_detection_interfaces/include/black_detection_interfaces/black_detection_interfaces/msg/black_object.h
[17.246s] -- Installing: /home/albert/practice/Service_ws/install/black_detection_interfaces/include/black_detection_interfaces/black_detection_interfaces/msg/black_object_array.h
[17.246s] -- Installing: /home/albert/practice/Service_ws/install/black_detection_interfaces/share/black_detection_interfaces/environment/library_path.sh
[17.246s] -- Installing: /home/albert/practice/Service_ws/install/black_detection_interfaces/share/black_detection_interfaces/environment/library_path.dsv
[17.247s] -- Installing: /home/albert/practice/Service_ws/install/black_detection_interfaces/lib/libblack_detection_interfaces__rosidl_generator_c.so
[17.247s] -- Set runtime path of "/home/albert/practice/Service_ws/install/black_detection_interfaces/lib/libblack_detection_interfaces__rosidl_generator_c.so" to ""
[17.247s] -- Up-to-date: /home/albert/practice/Service_ws/install/black_detection_interfaces/include/black_detection_interfaces/black_detection_interfaces
[17.247s] -- Up-to-date: /home/albert/practice/Service_ws/install/black_detection_interfaces/include/black_detection_interfaces/black_detection_interfaces/srv
[17.247s] -- Up-to-date: /home/albert/practice/Service_ws/install/black_detection_interfaces/include/black_detection_interfaces/black_detection_interfaces/srv/detail
[17.247s] -- Installing: /home/albert/practice/Service_ws/install/black_detection_interfaces/include/black_detection_interfaces/black_detection_interfaces/srv/detail/detect_black_objects__rosidl_typesupport_fastrtps_c.h
[17.248s] -- Up-to-date: /home/albert/practice/Service_ws/install/black_detection_interfaces/include/black_detection_interfaces/black_detection_interfaces/msg
[17.248s] -- Installing: /home/albert/practice/Service_ws/install/black_detection_interfaces/include/black_detection_interfaces/black_detection_interfaces/msg/rosidl_typesupport_fastrtps_c__visibility_control.h
[17.248s] -- Up-to-date: /home/albert/practice/Service_ws/install/black_detection_interfaces/include/black_detection_interfaces/black_detection_interfaces/msg/detail
[17.248s] -- Installing: /home/albert/practice/Service_ws/install/black_detection_interfaces/include/black_detection_interfaces/black_detection_interfaces/msg/detail/black_object__rosidl_typesupport_fastrtps_c.h
[17.248s] -- Installing: /home/albert/practice/Service_ws/install/black_detection_interfaces/include/black_detection_interfaces/black_detection_interfaces/msg/detail/black_object_array__rosidl_typesupport_fastrtps_c.h
[17.248s] -- Installing: /home/albert/practice/Service_ws/install/black_detection_interfaces/lib/libblack_detection_interfaces__rosidl_typesupport_fastrtps_c.so
[17.248s] -- Set runtime path of "/home/albert/practice/Service_ws/install/black_detection_interfaces/lib/libblack_detection_interfaces__rosidl_typesupport_fastrtps_c.so" to ""
[17.248s] -- Up-to-date: /home/albert/practice/Service_ws/install/black_detection_interfaces/include/black_detection_interfaces/black_detection_interfaces
[17.249s] -- Up-to-date: /home/albert/practice/Service_ws/install/black_detection_interfaces/include/black_detection_interfaces/black_detection_interfaces/srv
[17.249s] -- Up-to-date: /home/albert/practice/Service_ws/install/black_detection_interfaces/include/black_detection_interfaces/black_detection_interfaces/srv/detail
[17.249s] -- Installing: /home/albert/practice/Service_ws/install/black_detection_interfaces/include/black_detection_interfaces/black_detection_interfaces/srv/detail/detect_black_objects__rosidl_typesupport_introspection_c.h
[17.249s] -- Installing: /home/albert/practice/Service_ws/install/black_detection_interfaces/include/black_detection_interfaces/black_detection_interfaces/srv/detail/detect_black_objects__type_support.c
[17.249s] -- Up-to-date: /home/albert/practice/Service_ws/install/black_detection_interfaces/include/black_detection_interfaces/black_detection_interfaces/msg
[17.249s] -- Installing: /home/albert/practice/Service_ws/install/black_detection_interfaces/include/black_detection_interfaces/black_detection_interfaces/msg/rosidl_typesupport_introspection_c__visibility_control.h
[17.249s] -- Up-to-date: /home/albert/practice/Service_ws/install/black_detection_interfaces/include/black_detection_interfaces/black_detection_interfaces/msg/detail
[17.249s] -- Installing: /home/albert/practice/Service_ws/install/black_detection_interfaces/include/black_detection_interfaces/black_detection_interfaces/msg/detail/black_object_array__rosidl_typesupport_introspection_c.h
[17.249s] -- Installing: /home/albert/practice/Service_ws/install/black_detection_interfaces/include/black_detection_interfaces/black_detection_interfaces/msg/detail/black_object__rosidl_typesupport_introspection_c.h
[17.250s] -- Installing: /home/albert/practice/Service_ws/install/black_detection_interfaces/include/black_detection_interfaces/black_detection_interfaces/msg/detail/black_object__type_support.c
[17.250s] -- Installing: /home/albert/practice/Service_ws/install/black_detection_interfaces/include/black_detection_interfaces/black_detection_interfaces/msg/detail/black_object_array__type_support.c
[17.250s] -- Installing: /home/albert/practice/Service_ws/install/black_detection_interfaces/lib/libblack_detection_interfaces__rosidl_typesupport_introspection_c.so
[17.251s] -- Set runtime path of "/home/albert/practice/Service_ws/install/black_detection_interfaces/lib/libblack_detection_interfaces__rosidl_typesupport_introspection_c.so" to ""
[17.251s] -- Installing: /home/albert/practice/Service_ws/install/black_detection_interfaces/lib/libblack_detection_interfaces__rosidl_typesupport_c.so
[17.251s] -- Set runtime path of "/home/albert/practice/Service_ws/install/black_detection_interfaces/lib/libblack_detection_interfaces__rosidl_typesupport_c.so" to ""
[17.251s] -- Up-to-date: /home/albert/practice/Service_ws/install/black_detection_interfaces/include/black_detection_interfaces/black_detection_interfaces
[17.251s] -- Up-to-date: /home/albert/practice/Service_ws/install/black_detection_interfaces/include/black_detection_interfaces/black_detection_interfaces/srv
[17.251s] -- Installing: /home/albert/practice/Service_ws/install/black_detection_interfaces/include/black_detection_interfaces/black_detection_interfaces/srv/detect_black_objects.hpp
[17.252s] -- Up-to-date: /home/albert/practice/Service_ws/install/black_detection_interfaces/include/black_detection_interfaces/black_detection_interfaces/srv/detail
[17.252s] -- Installing: /home/albert/practice/Service_ws/install/black_detection_interfaces/include/black_detection_interfaces/black_detection_interfaces/srv/detail/detect_black_objects__type_support.hpp
[17.252s] -- Installing: /home/albert/practice/Service_ws/install/black_detection_interfaces/include/black_detection_interfaces/black_detection_interfaces/srv/detail/detect_black_objects__struct.hpp
[17.252s] -- Installing: /home/albert/practice/Service_ws/install/black_detection_interfaces/include/black_detection_interfaces/black_detection_interfaces/srv/detail/detect_black_objects__traits.hpp
[17.252s] -- Installing: /home/albert/practice/Service_ws/install/black_detection_interfaces/include/black_detection_interfaces/black_detection_interfaces/srv/detail/detect_black_objects__builder.hpp
[17.252s] -- Up-to-date: /home/albert/practice/Service_ws/install/black_detection_interfaces/include/black_detection_interfaces/black_detection_interfaces/msg
[17.253s] -- Installing: /home/albert/practice/Service_ws/install/black_detection_interfaces/include/black_detection_interfaces/black_detection_interfaces/msg/black_object.hpp
[17.253s] -- Installing: /home/albert/practice/Service_ws/install/black_detection_interfaces/include/black_detection_interfaces/black_detection_interfaces/msg/black_object_array.hpp
[17.253s] -- Up-to-date: /home/albert/practice/Service_ws/install/black_detection_interfaces/include/black_detection_interfaces/black_detection_interfaces/msg/detail
[17.253s] -- Installing: /home/albert/practice/Service_ws/install/black_detection_interfaces/include/black_detection_interfaces/black_detection_interfaces/msg/detail/black_object__type_support.hpp
[17.253s] -- Installing: /home/albert/practice/Service_ws/install/black_detection_interfaces/include/black_detection_interfaces/black_detection_interfaces/msg/detail/black_object_array__struct.hpp
[17.253s] -- Installing: /home/albert/practice/Service_ws/install/black_detection_interfaces/include/black_detection_interfaces/black_detection_interfaces/msg/detail/black_object_array__type_support.hpp
[17.253s] -- Installing: /home/albert/practice/Service_ws/install/black_detection_interfaces/include/black_detection_interfaces/black_detection_interfaces/msg/detail/black_object_array__traits.hpp
[17.254s] -- Installing: /home/albert/practice/Service_ws/install/black_detection_interfaces/include/black_detection_interfaces/black_detection_interfaces/msg/detail/black_object_array__builder.hpp
[17.254s] -- Installing: /home/albert/practice/Service_ws/install/black_detection_interfaces/include/black_detection_interfaces/black_detection_interfaces/msg/detail/black_object__struct.hpp
[17.254s] -- Installing: /home/albert/practice/Service_ws/install/black_detection_interfaces/include/black_detection_interfaces/black_detection_interfaces/msg/detail/black_object__builder.hpp
[17.254s] -- Installing: /home/albert/practice/Service_ws/install/black_detection_interfaces/include/black_detection_interfaces/black_detection_interfaces/msg/detail/black_object__traits.hpp
[17.254s] -- Installing: /home/albert/practice/Service_ws/install/black_detection_interfaces/include/black_detection_interfaces/black_detection_interfaces/msg/rosidl_generator_cpp__visibility_control.hpp
[17.254s] -- Up-to-date: /home/albert/practice/Service_ws/install/black_detection_interfaces/include/black_detection_interfaces/black_detection_interfaces
[17.254s] -- Up-to-date: /home/albert/practice/Service_ws/install/black_detection_interfaces/include/black_detection_interfaces/black_detection_interfaces/srv
[17.255s] -- Up-to-date: /home/albert/practice/Service_ws/install/black_detection_interfaces/include/black_detection_interfaces/black_detection_interfaces/srv/detail
[17.255s] -- Installing: /home/albert/practice/Service_ws/install/black_detection_interfaces/include/black_detection_interfaces/black_detection_interfaces/srv/detail/dds_fastrtps
[17.255s] -- Installing: /home/albert/practice/Service_ws/install/black_detection_interfaces/include/black_detection_interfaces/black_detection_interfaces/srv/detail/detect_black_objects__rosidl_typesupport_fastrtps_cpp.hpp
[17.255s] -- Up-to-date: /home/albert/practice/Service_ws/install/black_detection_interfaces/include/black_detection_interfaces/black_detection_interfaces/msg
[17.255s] -- Up-to-date: /home/albert/practice/Service_ws/install/black_detection_interfaces/include/black_detection_interfaces/black_detection_interfaces/msg/detail
[17.255s] -- Installing: /home/albert/practice/Service_ws/install/black_detection_interfaces/include/black_detection_interfaces/black_detection_interfaces/msg/detail/dds_fastrtps
[17.255s] -- Installing: /home/albert/practice/Service_ws/install/black_detection_interfaces/include/black_detection_interfaces/black_detection_interfaces/msg/detail/black_object_array__rosidl_typesupport_fastrtps_cpp.hpp
[17.255s] -- Installing: /home/albert/practice/Service_ws/install/black_detection_interfaces/include/black_detection_interfaces/black_detection_interfaces/msg/detail/black_object__rosidl_typesupport_fastrtps_cpp.hpp
[17.256s] -- Installing: /home/albert/practice/Service_ws/install/black_detection_interfaces/include/black_detection_interfaces/black_detection_interfaces/msg/rosidl_typesupport_fastrtps_cpp__visibility_control.h
[17.256s] -- Installing: /home/albert/practice/Service_ws/install/black_detection_interfaces/lib/libblack_detection_interfaces__rosidl_typesupport_fastrtps_cpp.so
[17.257s] -- Set runtime path of "/home/albert/practice/Service_ws/install/black_detection_interfaces/lib/libblack_detection_interfaces__rosidl_typesupport_fastrtps_cpp.so" to ""
[17.257s] -- Up-to-date: /home/albert/practice/Service_ws/install/black_detection_interfaces/include/black_detection_interfaces/black_detection_interfaces
[17.257s] -- Up-to-date: /home/albert/practice/Service_ws/install/black_detection_interfaces/include/black_detection_interfaces/black_detection_interfaces/srv
[17.257s] -- Up-to-date: /home/albert/practice/Service_ws/install/black_detection_interfaces/include/black_detection_interfaces/black_detection_interfaces/srv/detail
[17.257s] -- Installing: /home/albert/practice/Service_ws/install/black_detection_interfaces/include/black_detection_interfaces/black_detection_interfaces/srv/detail/detect_black_objects__rosidl_typesupport_introspection_cpp.hpp
[17.257s] -- Installing: /home/albert/practice/Service_ws/install/black_detection_interfaces/include/black_detection_interfaces/black_detection_interfaces/srv/detail/detect_black_objects__type_support.cpp
[17.258s] -- Up-to-date: /home/albert/practice/Service_ws/install/black_detection_interfaces/include/black_detection_interfaces/black_detection_interfaces/msg
[17.258s] -- Up-to-date: /home/albert/practice/Service_ws/install/black_detection_interfaces/include/black_detection_interfaces/black_detection_interfaces/msg/detail
[17.258s] -- Installing: /home/albert/practice/Service_ws/install/black_detection_interfaces/include/black_detection_interfaces/black_detection_interfaces/msg/detail/black_object__rosidl_typesupport_introspection_cpp.hpp
[17.258s] -- Installing: /home/albert/practice/Service_ws/install/black_detection_interfaces/include/black_detection_interfaces/black_detection_interfaces/msg/detail/black_object_array__rosidl_typesupport_introspection_cpp.hpp
[17.258s] -- Installing: /home/albert/practice/Service_ws/install/black_detection_interfaces/include/black_detection_interfaces/black_detection_interfaces/msg/detail/black_object_array__type_support.cpp
[17.258s] -- Installing: /home/albert/practice/Service_ws/install/black_detection_interfaces/include/black_detection_interfaces/black_detection_interfaces/msg/detail/black_object__type_support.cpp
[17.260s] -- Installing: /home/albert/practice/Service_ws/install/black_detection_interfaces/lib/libblack_detection_interfaces__rosidl_typesupport_introspection_cpp.so
[17.261s] -- Set runtime path of "/home/albert/practice/Service_ws/install/black_detection_interfaces/lib/libblack_detection_interfaces__rosidl_typesupport_introspection_cpp.so" to ""
[17.261s] -- Installing: /home/albert/practice/Service_ws/install/black_detection_interfaces/lib/libblack_detection_interfaces__rosidl_typesupport_cpp.so
[17.261s] -- Set runtime path of "/home/albert/practice/Service_ws/install/black_detection_interfaces/lib/libblack_detection_interfaces__rosidl_typesupport_cpp.so" to ""
[17.262s] -- Installing: /home/albert/practice/Service_ws/install/black_detection_interfaces/share/black_detection_interfaces/environment/pythonpath.sh
[17.262s] -- Installing: /home/albert/practice/Service_ws/install/black_detection_interfaces/share/black_detection_interfaces/environment/pythonpath.dsv
[17.262s] -- Installing: /home/albert/practice/Service_ws/install/black_detection_interfaces/local/lib/python3.10/dist-packages/black_detection_interfaces-0.0.0-py3.10.egg-info
[17.263s] -- Installing: /home/albert/practice/Service_ws/install/black_detection_interfaces/local/lib/python3.10/dist-packages/black_detection_interfaces-0.0.0-py3.10.egg-info/PKG-INFO
[17.263s] -- Installing: /home/albert/practice/Service_ws/install/black_detection_interfaces/local/lib/python3.10/dist-packages/black_detection_interfaces-0.0.0-py3.10.egg-info/top_level.txt
[17.263s] -- Installing: /home/albert/practice/Service_ws/install/black_detection_interfaces/local/lib/python3.10/dist-packages/black_detection_interfaces-0.0.0-py3.10.egg-info/dependency_links.txt
[17.263s] -- Installing: /home/albert/practice/Service_ws/install/black_detection_interfaces/local/lib/python3.10/dist-packages/black_detection_interfaces-0.0.0-py3.10.egg-info/SOURCES.txt
[17.263s] -- Installing: /home/albert/practice/Service_ws/install/black_detection_interfaces/local/lib/python3.10/dist-packages/black_detection_interfaces
[17.263s] -- Installing: /home/albert/practice/Service_ws/install/black_detection_interfaces/local/lib/python3.10/dist-packages/black_detection_interfaces/_black_detection_interfaces_s.ep.rosidl_typesupport_fastrtps_c.c
[17.264s] -- Installing: /home/albert/practice/Service_ws/install/black_detection_interfaces/local/lib/python3.10/dist-packages/black_detection_interfaces/libblack_detection_interfaces__rosidl_generator_py.so
[17.264s] -- Installing: /home/albert/practice/Service_ws/install/black_detection_interfaces/local/lib/python3.10/dist-packages/black_detection_interfaces/black_detection_interfaces_s__rosidl_typesupport_c.cpython-310-aarch64-linux-gnu.so
[17.264s] -- Installing: /home/albert/practice/Service_ws/install/black_detection_interfaces/local/lib/python3.10/dist-packages/black_detection_interfaces/black_detection_interfaces_s__rosidl_typesupport_introspection_c.cpython-310-aarch64-linux-gnu.so
[17.264s] -- Installing: /home/albert/practice/Service_ws/install/black_detection_interfaces/local/lib/python3.10/dist-packages/black_detection_interfaces/srv
[17.264s] -- Installing: /home/albert/practice/Service_ws/install/black_detection_interfaces/local/lib/python3.10/dist-packages/black_detection_interfaces/srv/__init__.py
[17.264s] -- Installing: /home/albert/practice/Service_ws/install/black_detection_interfaces/local/lib/python3.10/dist-packages/black_detection_interfaces/srv/_detect_black_objects_s.c
[17.265s] -- Installing: /home/albert/practice/Service_ws/install/black_detection_interfaces/local/lib/python3.10/dist-packages/black_detection_interfaces/srv/_detect_black_objects.py
[17.265s] -- Installing: /home/albert/practice/Service_ws/install/black_detection_interfaces/local/lib/python3.10/dist-packages/black_detection_interfaces/msg
[17.265s] -- Installing: /home/albert/practice/Service_ws/install/black_detection_interfaces/local/lib/python3.10/dist-packages/black_detection_interfaces/msg/_black_object_s.c
[17.265s] -- Installing: /home/albert/practice/Service_ws/install/black_detection_interfaces/local/lib/python3.10/dist-packages/black_detection_interfaces/msg/_black_object_array.py
[17.265s] -- Installing: /home/albert/practice/Service_ws/install/black_detection_interfaces/local/lib/python3.10/dist-packages/black_detection_interfaces/msg/__init__.py
[17.265s] -- Installing: /home/albert/practice/Service_ws/install/black_detection_interfaces/local/lib/python3.10/dist-packages/black_detection_interfaces/msg/_black_object.py
[17.266s] -- Installing: /home/albert/practice/Service_ws/install/black_detection_interfaces/local/lib/python3.10/dist-packages/black_detection_interfaces/msg/_black_object_array_s.c
[17.266s] -- Installing: /home/albert/practice/Service_ws/install/black_detection_interfaces/local/lib/python3.10/dist-packages/black_detection_interfaces/_black_detection_interfaces_s.ep.rosidl_typesupport_introspection_c.c
[17.266s] -- Installing: /home/albert/practice/Service_ws/install/black_detection_interfaces/local/lib/python3.10/dist-packages/black_detection_interfaces/__init__.py
[17.266s] -- Installing: /home/albert/practice/Service_ws/install/black_detection_interfaces/local/lib/python3.10/dist-packages/black_detection_interfaces/black_detection_interfaces_s__rosidl_typesupport_fastrtps_c.cpython-310-aarch64-linux-gnu.so
[17.266s] -- Installing: /home/albert/practice/Service_ws/install/black_detection_interfaces/local/lib/python3.10/dist-packages/black_detection_interfaces/_black_detection_interfaces_s.ep.rosidl_typesupport_c.c
[17.333s] Listing '/home/albert/practice/Service_ws/install/black_detection_interfaces/local/lib/python3.10/dist-packages/black_detection_interfaces'...
[17.333s] Compiling '/home/albert/practice/Service_ws/install/black_detection_interfaces/local/lib/python3.10/dist-packages/black_detection_interfaces/__init__.py'...
[17.333s] Listing '/home/albert/practice/Service_ws/install/black_detection_interfaces/local/lib/python3.10/dist-packages/black_detection_interfaces/msg'...
[17.333s] Compiling '/home/albert/practice/Service_ws/install/black_detection_interfaces/local/lib/python3.10/dist-packages/black_detection_interfaces/msg/__init__.py'...
[17.333s] Compiling '/home/albert/practice/Service_ws/install/black_detection_interfaces/local/lib/python3.10/dist-packages/black_detection_interfaces/msg/_black_object.py'...
[17.333s] Compiling '/home/albert/practice/Service_ws/install/black_detection_interfaces/local/lib/python3.10/dist-packages/black_detection_interfaces/msg/_black_object_array.py'...
[17.333s] Listing '/home/albert/practice/Service_ws/install/black_detection_interfaces/local/lib/python3.10/dist-packages/black_detection_interfaces/srv'...
[17.333s] Compiling '/home/albert/practice/Service_ws/install/black_detection_interfaces/local/lib/python3.10/dist-packages/black_detection_interfaces/srv/__init__.py'...
[17.333s] Compiling '/home/albert/practice/Service_ws/install/black_detection_interfaces/local/lib/python3.10/dist-packages/black_detection_interfaces/srv/_detect_black_objects.py'...
[17.343s] -- Installing: /home/albert/practice/Service_ws/install/black_detection_interfaces/local/lib/python3.10/dist-packages/black_detection_interfaces/black_detection_interfaces_s__rosidl_typesupport_fastrtps_c.cpython-310-aarch64-linux-gnu.so
[17.344s] -- Set runtime path of "/home/albert/practice/Service_ws/install/black_detection_interfaces/local/lib/python3.10/dist-packages/black_detection_interfaces/black_detection_interfaces_s__rosidl_typesupport_fastrtps_c.cpython-310-aarch64-linux-gnu.so" to ""
[17.344s] -- Installing: /home/albert/practice/Service_ws/install/black_detection_interfaces/local/lib/python3.10/dist-packages/black_detection_interfaces/black_detection_interfaces_s__rosidl_typesupport_introspection_c.cpython-310-aarch64-linux-gnu.so
[17.344s] -- Set runtime path of "/home/albert/practice/Service_ws/install/black_detection_interfaces/local/lib/python3.10/dist-packages/black_detection_interfaces/black_detection_interfaces_s__rosidl_typesupport_introspection_c.cpython-310-aarch64-linux-gnu.so" to ""
[17.344s] -- Installing: /home/albert/practice/Service_ws/install/black_detection_interfaces/local/lib/python3.10/dist-packages/black_detection_interfaces/black_detection_interfaces_s__rosidl_typesupport_c.cpython-310-aarch64-linux-gnu.so
[17.344s] -- Set runtime path of "/home/albert/practice/Service_ws/install/black_detection_interfaces/local/lib/python3.10/dist-packages/black_detection_interfaces/black_detection_interfaces_s__rosidl_typesupport_c.cpython-310-aarch64-linux-gnu.so" to ""
[17.344s] -- Installing: /home/albert/practice/Service_ws/install/black_detection_interfaces/lib/libblack_detection_interfaces__rosidl_generator_py.so
[17.344s] -- Set runtime path of "/home/albert/practice/Service_ws/install/black_detection_interfaces/lib/libblack_detection_interfaces__rosidl_generator_py.so" to ""
[17.345s] -- Installing: /home/albert/practice/Service_ws/install/black_detection_interfaces/share/black_detection_interfaces/msg/BlackObject.idl
[17.345s] -- Installing: /home/albert/practice/Service_ws/install/black_detection_interfaces/share/black_detection_interfaces/msg/BlackObjectArray.idl
[17.345s] -- Installing: /home/albert/practice/Service_ws/install/black_detection_interfaces/share/black_detection_interfaces/srv/DetectBlackObjects.idl
[17.345s] -- Installing: /home/albert/practice/Service_ws/install/black_detection_interfaces/share/black_detection_interfaces/msg/BlackObject.msg
[17.345s] -- Installing: /home/albert/practice/Service_ws/install/black_detection_interfaces/share/black_detection_interfaces/msg/BlackObjectArray.msg
[17.345s] -- Installing: /home/albert/practice/Service_ws/install/black_detection_interfaces/share/black_detection_interfaces/srv/DetectBlackObjects.srv
[17.345s] -- Installing: /home/albert/practice/Service_ws/install/black_detection_interfaces/share/black_detection_interfaces/srv/DetectBlackObjects_Request.msg
[17.345s] -- Installing: /home/albert/practice/Service_ws/install/black_detection_interfaces/share/black_detection_interfaces/srv/DetectBlackObjects_Response.msg
[17.352s] -- Installing: /home/albert/practice/Service_ws/install/black_detection_interfaces/share/ament_index/resource_index/package_run_dependencies/black_detection_interfaces
[17.352s] -- Installing: /home/albert/practice/Service_ws/install/black_detection_interfaces/share/ament_index/resource_index/parent_prefix_path/black_detection_interfaces
[17.353s] -- Installing: /home/albert/practice/Service_ws/install/black_detection_interfaces/share/black_detection_interfaces/environment/ament_prefix_path.sh
[17.353s] -- Installing: /home/albert/practice/Service_ws/install/black_detection_interfaces/share/black_detection_interfaces/environment/ament_prefix_path.dsv
[17.354s] -- Installing: /home/albert/practice/Service_ws/install/black_detection_interfaces/share/black_detection_interfaces/environment/path.sh
[17.354s] -- Installing: /home/albert/practice/Service_ws/install/black_detection_interfaces/share/black_detection_interfaces/environment/path.dsv
[17.354s] -- Installing: /home/albert/practice/Service_ws/install/black_detection_interfaces/share/black_detection_interfaces/local_setup.bash
[17.356s] -- Installing: /home/albert/practice/Service_ws/install/black_detection_interfaces/share/black_detection_interfaces/local_setup.sh
[17.356s] -- Installing: /home/albert/practice/Service_ws/install/black_detection_interfaces/share/black_detection_interfaces/local_setup.zsh
[17.356s] -- Installing: /home/albert/practice/Service_ws/install/black_detection_interfaces/share/black_detection_interfaces/local_setup.dsv
[17.356s] -- Installing: /home/albert/practice/Service_ws/install/black_detection_interfaces/share/black_detection_interfaces/package.dsv
[17.357s] -- Installing: /home/albert/practice/Service_ws/install/black_detection_interfaces/share/ament_index/resource_index/packages/black_detection_interfaces
[17.357s] -- Installing: /home/albert/practice/Service_ws/install/black_detection_interfaces/share/black_detection_interfaces/cmake/export_black_detection_interfaces__rosidl_generator_cExport.cmake
[17.357s] -- Installing: /home/albert/practice/Service_ws/install/black_detection_interfaces/share/black_detection_interfaces/cmake/export_black_detection_interfaces__rosidl_generator_cExport-noconfig.cmake
[17.357s] -- Installing: /home/albert/practice/Service_ws/install/black_detection_interfaces/share/black_detection_interfaces/cmake/export_black_detection_interfaces__rosidl_typesupport_fastrtps_cExport.cmake
[17.357s] -- Installing: /home/albert/practice/Service_ws/install/black_detection_interfaces/share/black_detection_interfaces/cmake/export_black_detection_interfaces__rosidl_typesupport_fastrtps_cExport-noconfig.cmake
[17.357s] -- Installing: /home/albert/practice/Service_ws/install/black_detection_interfaces/share/black_detection_interfaces/cmake/black_detection_interfaces__rosidl_typesupport_introspection_cExport.cmake
[17.357s] -- Installing: /home/albert/practice/Service_ws/install/black_detection_interfaces/share/black_detection_interfaces/cmake/black_detection_interfaces__rosidl_typesupport_introspection_cExport-noconfig.cmake
[17.357s] -- Installing: /home/albert/practice/Service_ws/install/black_detection_interfaces/share/black_detection_interfaces/cmake/black_detection_interfaces__rosidl_typesupport_cExport.cmake
[17.357s] -- Installing: /home/albert/practice/Service_ws/install/black_detection_interfaces/share/black_detection_interfaces/cmake/black_detection_interfaces__rosidl_typesupport_cExport-noconfig.cmake
[17.358s] -- Installing: /home/albert/practice/Service_ws/install/black_detection_interfaces/share/black_detection_interfaces/cmake/export_black_detection_interfaces__rosidl_generator_cppExport.cmake
[17.358s] -- Installing: /home/albert/practice/Service_ws/install/black_detection_interfaces/share/black_detection_interfaces/cmake/export_black_detection_interfaces__rosidl_typesupport_fastrtps_cppExport.cmake
[17.358s] -- Installing: /home/albert/practice/Service_ws/install/black_detection_interfaces/share/black_detection_interfaces/cmake/export_black_detection_interfaces__rosidl_typesupport_fastrtps_cppExport-noconfig.cmake
[17.358s] -- Installing: /home/albert/practice/Service_ws/install/black_detection_interfaces/share/black_detection_interfaces/cmake/black_detection_interfaces__rosidl_typesupport_introspection_cppExport.cmake
[17.358s] -- Installing: /home/albert/practice/Service_ws/install/black_detection_interfaces/share/black_detection_interfaces/cmake/black_detection_interfaces__rosidl_typesupport_introspection_cppExport-noconfig.cmake
[17.358s] -- Installing: /home/albert/practice/Service_ws/install/black_detection_interfaces/share/black_detection_interfaces/cmake/black_detection_interfaces__rosidl_typesupport_cppExport.cmake
[17.358s] -- Installing: /home/albert/practice/Service_ws/install/black_detection_interfaces/share/black_detection_interfaces/cmake/black_detection_interfaces__rosidl_typesupport_cppExport-noconfig.cmake
[17.358s] -- Installing: /home/albert/practice/Service_ws/install/black_detection_interfaces/share/black_detection_interfaces/cmake/export_black_detection_interfaces__rosidl_generator_pyExport.cmake
[17.358s] -- Installing: /home/albert/practice/Service_ws/install/black_detection_interfaces/share/black_detection_interfaces/cmake/export_black_detection_interfaces__rosidl_generator_pyExport-noconfig.cmake
[17.358s] -- Installing: /home/albert/practice/Service_ws/install/black_detection_interfaces/share/black_detection_interfaces/cmake/rosidl_cmake-extras.cmake
[17.358s] -- Installing: /home/albert/practice/Service_ws/install/black_detection_interfaces/share/black_detection_interfaces/cmake/ament_cmake_export_dependencies-extras.cmake
[17.358s] -- Installing: /home/albert/practice/Service_ws/install/black_detection_interfaces/share/black_detection_interfaces/cmake/ament_cmake_export_include_directories-extras.cmake
[17.359s] -- Installing: /home/albert/practice/Service_ws/install/black_detection_interfaces/share/black_detection_interfaces/cmake/ament_cmake_export_libraries-extras.cmake
[17.359s] -- Installing: /home/albert/practice/Service_ws/install/black_detection_interfaces/share/black_detection_interfaces/cmake/ament_cmake_export_targets-extras.cmake
[17.359s] -- Installing: /home/albert/practice/Service_ws/install/black_detection_interfaces/share/black_detection_interfaces/cmake/rosidl_cmake_export_typesupport_targets-extras.cmake
[17.359s] -- Installing: /home/albert/practice/Service_ws/install/black_detection_interfaces/share/black_detection_interfaces/cmake/rosidl_cmake_export_typesupport_libraries-extras.cmake
[17.359s] -- Installing: /home/albert/practice/Service_ws/install/black_detection_interfaces/share/black_detection_interfaces/cmake/black_detection_interfacesConfig.cmake
[17.359s] -- Installing: /home/albert/practice/Service_ws/install/black_detection_interfaces/share/black_detection_interfaces/cmake/black_detection_interfacesConfig-version.cmake
[17.359s] -- Installing: /home/albert/practice/Service_ws/install/black_detection_interfaces/share/black_detection_interfaces/package.xml
[17.370s] Invoked command in '/home/albert/practice/Service_ws/build/black_detection_interfaces' returned '0': CMAKE_PREFIX_PATH=/opt/ros/humble /usr/bin/cmake --install /home/albert/practice/Service_ws/build/black_detection_interfaces
