[0.154s] DEBUG:colcon:Command line arguments: ['/usr/bin/colcon', 'build', '--symlink-install']
[0.154s] DEBUG:colcon:Parsed command line arguments: Namespace(log_base=None, log_level=None, verb_name='build', build_base='build', install_base='install', merge_install=False, symlink_install=True, test_result_base=None, continue_on_error=False, executor='parallel', parallel_workers=2, event_handlers=None, ignore_user_meta=False, metas=['./colcon.meta'], base_paths=['.'], packages_ignore=None, packages_ignore_regex=None, paths=None, packages_up_to=None, packages_up_to_regex=None, packages_above=None, packages_above_and_dependencies=None, packages_above_depth=None, packages_select_by_dep=None, packages_skip_by_dep=None, packages_skip_up_to=None, packages_select_build_failed=False, packages_skip_build_finished=False, packages_select_test_failures=False, packages_skip_test_passed=False, packages_select=None, packages_skip=None, packages_select_regex=None, packages_skip_regex=None, packages_start=None, packages_end=None, allow_overriding=[], cmake_args=None, cmake_target=None, cmake_target_skip_unavailable=False, cmake_clean_cache=False, cmake_clean_first=False, cmake_force_configure=False, ament_cmake_args=None, catkin_cmake_args=None, catkin_skip_building_tests=False, verb_parser=<colcon_defaults.argument_parser.defaults.DefaultArgumentsDecorator object at 0xffff93dc7e20>, verb_extension=<colcon_core.verb.build.BuildVerb object at 0xffff93dc78e0>, main=<bound method BuildVerb.main of <colcon_core.verb.build.BuildVerb object at 0xffff93dc78e0>>)
[0.366s] Level 1:colcon.colcon_core.package_discovery:discover_packages(colcon_meta) check parameters
[0.366s] Level 1:colcon.colcon_core.package_discovery:discover_packages(recursive) check parameters
[0.366s] Level 1:colcon.colcon_core.package_discovery:discover_packages(ignore) check parameters
[0.366s] Level 1:colcon.colcon_core.package_discovery:discover_packages(path) check parameters
[0.366s] Level 1:colcon.colcon_core.package_discovery:discover_packages(colcon_meta) discover
[0.366s] Level 1:colcon.colcon_core.package_discovery:discover_packages(recursive) discover
[0.366s] INFO:colcon.colcon_core.package_discovery:Crawling recursively for packages in '/home/albert/practice/TOPIC_PRACTICE_WS'
[0.366s] Level 1:colcon.colcon_core.package_identification:_identify(.) by extensions ['ignore', 'ignore_ament_install']
[0.367s] Level 1:colcon.colcon_core.package_identification:_identify(.) by extension 'ignore'
[0.367s] Level 1:colcon.colcon_core.package_identification:_identify(.) by extension 'ignore_ament_install'
[0.367s] Level 1:colcon.colcon_core.package_identification:_identify(.) by extensions ['colcon_pkg']
[0.367s] Level 1:colcon.colcon_core.package_identification:_identify(.) by extension 'colcon_pkg'
[0.367s] Level 1:colcon.colcon_core.package_identification:_identify(.) by extensions ['colcon_meta']
[0.367s] Level 1:colcon.colcon_core.package_identification:_identify(.) by extension 'colcon_meta'
[0.367s] Level 1:colcon.colcon_core.package_identification:_identify(.) by extensions ['ros']
[0.367s] Level 1:colcon.colcon_core.package_identification:_identify(.) by extension 'ros'
[0.398s] Level 1:colcon.colcon_core.package_identification:_identify(.) by extensions ['cmake', 'python']
[0.398s] Level 1:colcon.colcon_core.package_identification:_identify(.) by extension 'cmake'
[0.398s] Level 1:colcon.colcon_core.package_identification:_identify(.) by extension 'python'
[0.398s] Level 1:colcon.colcon_core.package_identification:_identify(.) by extensions ['python_setup_py']
[0.398s] Level 1:colcon.colcon_core.package_identification:_identify(.) by extension 'python_setup_py'
[0.398s] Level 1:colcon.colcon_core.package_identification:_identify(build) by extensions ['ignore', 'ignore_ament_install']
[0.398s] Level 1:colcon.colcon_core.package_identification:_identify(build) by extension 'ignore'
[0.398s] Level 1:colcon.colcon_core.package_identification:_identify(build) ignored
[0.398s] Level 1:colcon.colcon_core.package_identification:_identify(install) by extensions ['ignore', 'ignore_ament_install']
[0.399s] Level 1:colcon.colcon_core.package_identification:_identify(install) by extension 'ignore'
[0.399s] Level 1:colcon.colcon_core.package_identification:_identify(install) ignored
[0.399s] Level 1:colcon.colcon_core.package_identification:_identify(log) by extensions ['ignore', 'ignore_ament_install']
[0.399s] Level 1:colcon.colcon_core.package_identification:_identify(log) by extension 'ignore'
[0.399s] Level 1:colcon.colcon_core.package_identification:_identify(log) ignored
[0.399s] Level 1:colcon.colcon_core.package_identification:_identify(src) by extensions ['ignore', 'ignore_ament_install']
[0.399s] Level 1:colcon.colcon_core.package_identification:_identify(src) by extension 'ignore'
[0.399s] Level 1:colcon.colcon_core.package_identification:_identify(src) by extension 'ignore_ament_install'
[0.399s] Level 1:colcon.colcon_core.package_identification:_identify(src) by extensions ['colcon_pkg']
[0.399s] Level 1:colcon.colcon_core.package_identification:_identify(src) by extension 'colcon_pkg'
[0.399s] Level 1:colcon.colcon_core.package_identification:_identify(src) by extensions ['colcon_meta']
[0.399s] Level 1:colcon.colcon_core.package_identification:_identify(src) by extension 'colcon_meta'
[0.399s] Level 1:colcon.colcon_core.package_identification:_identify(src) by extensions ['ros']
[0.399s] Level 1:colcon.colcon_core.package_identification:_identify(src) by extension 'ros'
[0.399s] Level 1:colcon.colcon_core.package_identification:_identify(src) by extensions ['cmake', 'python']
[0.399s] Level 1:colcon.colcon_core.package_identification:_identify(src) by extension 'cmake'
[0.399s] Level 1:colcon.colcon_core.package_identification:_identify(src) by extension 'python'
[0.399s] Level 1:colcon.colcon_core.package_identification:_identify(src) by extensions ['python_setup_py']
[0.399s] Level 1:colcon.colcon_core.package_identification:_identify(src) by extension 'python_setup_py'
[0.399s] Level 1:colcon.colcon_core.package_identification:_identify(src/status_interfaces) by extensions ['ignore', 'ignore_ament_install']
[0.399s] Level 1:colcon.colcon_core.package_identification:_identify(src/status_interfaces) by extension 'ignore'
[0.399s] Level 1:colcon.colcon_core.package_identification:_identify(src/status_interfaces) by extension 'ignore_ament_install'
[0.399s] Level 1:colcon.colcon_core.package_identification:_identify(src/status_interfaces) by extensions ['colcon_pkg']
[0.399s] Level 1:colcon.colcon_core.package_identification:_identify(src/status_interfaces) by extension 'colcon_pkg'
[0.399s] Level 1:colcon.colcon_core.package_identification:_identify(src/status_interfaces) by extensions ['colcon_meta']
[0.399s] Level 1:colcon.colcon_core.package_identification:_identify(src/status_interfaces) by extension 'colcon_meta'
[0.399s] Level 1:colcon.colcon_core.package_identification:_identify(src/status_interfaces) by extensions ['ros']
[0.399s] Level 1:colcon.colcon_core.package_identification:_identify(src/status_interfaces) by extension 'ros'
[0.405s] DEBUG:colcon.colcon_core.package_identification:Package 'src/status_interfaces' with type 'ros.ament_cmake' and name 'status_interfaces'
[0.405s] Level 1:colcon.colcon_core.package_discovery:discover_packages(recursive) using defaults
[0.405s] Level 1:colcon.colcon_core.package_discovery:discover_packages(ignore) discover
[0.405s] Level 1:colcon.colcon_core.package_discovery:discover_packages(ignore) using defaults
[0.405s] Level 1:colcon.colcon_core.package_discovery:discover_packages(path) discover
[0.405s] Level 1:colcon.colcon_core.package_discovery:discover_packages(path) using defaults
[0.427s] Level 1:colcon.colcon_core.package_discovery:discover_packages(prefix_path) check parameters
[0.427s] Level 1:colcon.colcon_core.package_discovery:discover_packages(prefix_path) discover
[0.430s] DEBUG:colcon.colcon_installed_package_information.package_discovery:Found 271 installed packages in /opt/ros/humble
[0.441s] Level 1:colcon.colcon_core.package_discovery:discover_packages(prefix_path) using defaults
[0.486s] Level 5:colcon.colcon_core.verb:set package 'status_interfaces' build argument 'cmake_args' from command line to 'None'
[0.486s] Level 5:colcon.colcon_core.verb:set package 'status_interfaces' build argument 'cmake_target' from command line to 'None'
[0.486s] Level 5:colcon.colcon_core.verb:set package 'status_interfaces' build argument 'cmake_target_skip_unavailable' from command line to 'False'
[0.487s] Level 5:colcon.colcon_core.verb:set package 'status_interfaces' build argument 'cmake_clean_cache' from command line to 'False'
[0.487s] Level 5:colcon.colcon_core.verb:set package 'status_interfaces' build argument 'cmake_clean_first' from command line to 'False'
[0.487s] Level 5:colcon.colcon_core.verb:set package 'status_interfaces' build argument 'cmake_force_configure' from command line to 'False'
[0.487s] Level 5:colcon.colcon_core.verb:set package 'status_interfaces' build argument 'ament_cmake_args' from command line to 'None'
[0.487s] Level 5:colcon.colcon_core.verb:set package 'status_interfaces' build argument 'catkin_cmake_args' from command line to 'None'
[0.487s] Level 5:colcon.colcon_core.verb:set package 'status_interfaces' build argument 'catkin_skip_building_tests' from command line to 'False'
[0.487s] DEBUG:colcon.colcon_core.verb:Building package 'status_interfaces' with the following arguments: {'ament_cmake_args': None, 'build_base': '/home/albert/practice/TOPIC_PRACTICE_WS/build/status_interfaces', 'catkin_cmake_args': None, 'catkin_skip_building_tests': False, 'cmake_args': None, 'cmake_clean_cache': False, 'cmake_clean_first': False, 'cmake_force_configure': False, 'cmake_target': None, 'cmake_target_skip_unavailable': False, 'install_base': '/home/albert/practice/TOPIC_PRACTICE_WS/install/status_interfaces', 'merge_install': False, 'path': '/home/albert/practice/TOPIC_PRACTICE_WS/src/status_interfaces', 'symlink_install': True, 'test_result_base': None}
[0.487s] INFO:colcon.colcon_core.executor:Executing jobs using 'parallel' executor
[0.488s] DEBUG:colcon.colcon_parallel_executor.executor.parallel:run_until_complete
[0.488s] INFO:colcon.colcon_ros.task.ament_cmake.build:Building ROS package in '/home/albert/practice/TOPIC_PRACTICE_WS/src/status_interfaces' with build type 'ament_cmake'
[0.488s] INFO:colcon.colcon_cmake.task.cmake.build:Building CMake package in '/home/albert/practice/TOPIC_PRACTICE_WS/src/status_interfaces'
[0.490s] INFO:colcon.colcon_core.plugin_system:Skipping extension 'colcon_core.shell.bat': Not used on non-Windows systems
[0.490s] INFO:colcon.colcon_core.shell:Skip shell extension 'powershell' for command environment: Not usable outside of PowerShell
[0.490s] DEBUG:colcon.colcon_core.shell:Skip shell extension 'dsv' for command environment
[0.512s] DEBUG:colcon.colcon_core.event_handler.log_command:Invoking command in '/home/albert/practice/TOPIC_PRACTICE_WS/build/status_interfaces': CMAKE_PREFIX_PATH=/opt/ros/humble /usr/bin/cmake /home/albert/practice/TOPIC_PRACTICE_WS/src/status_interfaces -DAMENT_CMAKE_SYMLINK_INSTALL=1 -DCMAKE_INSTALL_PREFIX=/home/albert/practice/TOPIC_PRACTICE_WS/install/status_interfaces
[3.827s] DEBUG:colcon.colcon_core.event_handler.log_command:Invoked command in '/home/albert/practice/TOPIC_PRACTICE_WS/build/status_interfaces' returned '0': CMAKE_PREFIX_PATH=/opt/ros/humble /usr/bin/cmake /home/albert/practice/TOPIC_PRACTICE_WS/src/status_interfaces -DAMENT_CMAKE_SYMLINK_INSTALL=1 -DCMAKE_INSTALL_PREFIX=/home/albert/practice/TOPIC_PRACTICE_WS/install/status_interfaces
[3.832s] DEBUG:colcon.colcon_core.event_handler.log_command:Invoking command in '/home/albert/practice/TOPIC_PRACTICE_WS/build/status_interfaces': CMAKE_PREFIX_PATH=/opt/ros/humble /usr/bin/cmake --build /home/albert/practice/TOPIC_PRACTICE_WS/build/status_interfaces -- -j2 -l2
[18.682s] DEBUG:colcon.colcon_core.event_handler.log_command:Invoked command in '/home/albert/practice/TOPIC_PRACTICE_WS/build/status_interfaces' returned '0': CMAKE_PREFIX_PATH=/opt/ros/humble /usr/bin/cmake --build /home/albert/practice/TOPIC_PRACTICE_WS/build/status_interfaces -- -j2 -l2
[18.729s] DEBUG:colcon.colcon_core.event_handler.log_command:Invoking command in '/home/albert/practice/TOPIC_PRACTICE_WS/build/status_interfaces': CMAKE_PREFIX_PATH=/opt/ros/humble /usr/bin/cmake --install /home/albert/practice/TOPIC_PRACTICE_WS/build/status_interfaces
[19.448s] Level 1:colcon.colcon_core.environment:create_environment_scripts_only(status_interfaces)
[19.449s] DEBUG:colcon.colcon_core.event_handler.log_command:Invoked command in '/home/albert/practice/TOPIC_PRACTICE_WS/build/status_interfaces' returned '0': CMAKE_PREFIX_PATH=/opt/ros/humble /usr/bin/cmake --install /home/albert/practice/TOPIC_PRACTICE_WS/build/status_interfaces
[19.453s] Level 1:colcon.colcon_core.environment:checking '/home/albert/practice/TOPIC_PRACTICE_WS/install/status_interfaces' for CMake module files
[19.454s] Level 1:colcon.colcon_core.environment:checking '/home/albert/practice/TOPIC_PRACTICE_WS/install/status_interfaces' for CMake config files
[19.455s] Level 1:colcon.colcon_core.shell:create_environment_hook('status_interfaces', 'cmake_prefix_path')
[19.463s] INFO:colcon.colcon_core.shell:Creating environment hook '/home/albert/practice/TOPIC_PRACTICE_WS/install/status_interfaces/share/status_interfaces/hook/cmake_prefix_path.ps1'
[19.471s] INFO:colcon.colcon_core.shell:Creating environment descriptor '/home/albert/practice/TOPIC_PRACTICE_WS/install/status_interfaces/share/status_interfaces/hook/cmake_prefix_path.dsv'
[19.472s] INFO:colcon.colcon_core.shell:Creating environment hook '/home/albert/practice/TOPIC_PRACTICE_WS/install/status_interfaces/share/status_interfaces/hook/cmake_prefix_path.sh'
[19.474s] Level 1:colcon.colcon_core.environment:checking '/home/albert/practice/TOPIC_PRACTICE_WS/install/status_interfaces/lib'
[19.474s] Level 1:colcon.colcon_core.shell:create_environment_hook('status_interfaces', 'ld_library_path_lib')
[19.475s] INFO:colcon.colcon_core.shell:Creating environment hook '/home/albert/practice/TOPIC_PRACTICE_WS/install/status_interfaces/share/status_interfaces/hook/ld_library_path_lib.ps1'
[19.476s] INFO:colcon.colcon_core.shell:Creating environment descriptor '/home/albert/practice/TOPIC_PRACTICE_WS/install/status_interfaces/share/status_interfaces/hook/ld_library_path_lib.dsv'
[19.476s] INFO:colcon.colcon_core.shell:Creating environment hook '/home/albert/practice/TOPIC_PRACTICE_WS/install/status_interfaces/share/status_interfaces/hook/ld_library_path_lib.sh'
[19.477s] Level 1:colcon.colcon_core.environment:checking '/home/albert/practice/TOPIC_PRACTICE_WS/install/status_interfaces/bin'
[19.477s] Level 1:colcon.colcon_core.environment:checking '/home/albert/practice/TOPIC_PRACTICE_WS/install/status_interfaces/lib/pkgconfig/status_interfaces.pc'
[19.477s] Level 1:colcon.colcon_core.environment:checking '/home/albert/practice/TOPIC_PRACTICE_WS/install/status_interfaces/lib/python3.10/site-packages'
[19.478s] Level 1:colcon.colcon_core.environment:checking '/home/albert/practice/TOPIC_PRACTICE_WS/install/status_interfaces/bin'
[19.478s] INFO:colcon.colcon_core.shell:Creating package script '/home/albert/practice/TOPIC_PRACTICE_WS/install/status_interfaces/share/status_interfaces/package.ps1'
[19.479s] INFO:colcon.colcon_core.shell:Creating package descriptor '/home/albert/practice/TOPIC_PRACTICE_WS/install/status_interfaces/share/status_interfaces/package.dsv'
[19.483s] INFO:colcon.colcon_core.shell:Creating package script '/home/albert/practice/TOPIC_PRACTICE_WS/install/status_interfaces/share/status_interfaces/package.sh'
[19.484s] INFO:colcon.colcon_core.shell:Creating package script '/home/albert/practice/TOPIC_PRACTICE_WS/install/status_interfaces/share/status_interfaces/package.bash'
[19.484s] INFO:colcon.colcon_core.shell:Creating package script '/home/albert/practice/TOPIC_PRACTICE_WS/install/status_interfaces/share/status_interfaces/package.zsh'
[19.485s] Level 1:colcon.colcon_core.environment:create_file_with_runtime_dependencies(/home/albert/practice/TOPIC_PRACTICE_WS/install/status_interfaces/share/colcon-core/packages/status_interfaces)
[19.488s] Level 1:colcon.colcon_core.environment:create_environment_scripts_only(status_interfaces)
[19.488s] Level 1:colcon.colcon_core.environment:checking '/home/albert/practice/TOPIC_PRACTICE_WS/install/status_interfaces' for CMake module files
[19.488s] Level 1:colcon.colcon_core.environment:checking '/home/albert/practice/TOPIC_PRACTICE_WS/install/status_interfaces' for CMake config files
[19.488s] Level 1:colcon.colcon_core.shell:create_environment_hook('status_interfaces', 'cmake_prefix_path')
[19.489s] INFO:colcon.colcon_core.shell:Creating environment hook '/home/albert/practice/TOPIC_PRACTICE_WS/install/status_interfaces/share/status_interfaces/hook/cmake_prefix_path.ps1'
[19.489s] INFO:colcon.colcon_core.shell:Creating environment descriptor '/home/albert/practice/TOPIC_PRACTICE_WS/install/status_interfaces/share/status_interfaces/hook/cmake_prefix_path.dsv'
[19.489s] INFO:colcon.colcon_core.shell:Creating environment hook '/home/albert/practice/TOPIC_PRACTICE_WS/install/status_interfaces/share/status_interfaces/hook/cmake_prefix_path.sh'
[19.490s] Level 1:colcon.colcon_core.environment:checking '/home/albert/practice/TOPIC_PRACTICE_WS/install/status_interfaces/lib'
[19.490s] Level 1:colcon.colcon_core.shell:create_environment_hook('status_interfaces', 'ld_library_path_lib')
[19.490s] INFO:colcon.colcon_core.shell:Creating environment hook '/home/albert/practice/TOPIC_PRACTICE_WS/install/status_interfaces/share/status_interfaces/hook/ld_library_path_lib.ps1'
[19.491s] INFO:colcon.colcon_core.shell:Creating environment descriptor '/home/albert/practice/TOPIC_PRACTICE_WS/install/status_interfaces/share/status_interfaces/hook/ld_library_path_lib.dsv'
[19.491s] INFO:colcon.colcon_core.shell:Creating environment hook '/home/albert/practice/TOPIC_PRACTICE_WS/install/status_interfaces/share/status_interfaces/hook/ld_library_path_lib.sh'
[19.492s] Level 1:colcon.colcon_core.environment:checking '/home/albert/practice/TOPIC_PRACTICE_WS/install/status_interfaces/bin'
[19.492s] Level 1:colcon.colcon_core.environment:checking '/home/albert/practice/TOPIC_PRACTICE_WS/install/status_interfaces/lib/pkgconfig/status_interfaces.pc'
[19.492s] Level 1:colcon.colcon_core.environment:checking '/home/albert/practice/TOPIC_PRACTICE_WS/install/status_interfaces/lib/python3.10/site-packages'
[19.492s] Level 1:colcon.colcon_core.environment:checking '/home/albert/practice/TOPIC_PRACTICE_WS/install/status_interfaces/bin'
[19.492s] INFO:colcon.colcon_core.shell:Creating package script '/home/albert/practice/TOPIC_PRACTICE_WS/install/status_interfaces/share/status_interfaces/package.ps1'
[19.493s] INFO:colcon.colcon_core.shell:Creating package descriptor '/home/albert/practice/TOPIC_PRACTICE_WS/install/status_interfaces/share/status_interfaces/package.dsv'
[19.493s] INFO:colcon.colcon_core.shell:Creating package script '/home/albert/practice/TOPIC_PRACTICE_WS/install/status_interfaces/share/status_interfaces/package.sh'
[19.493s] INFO:colcon.colcon_core.shell:Creating package script '/home/albert/practice/TOPIC_PRACTICE_WS/install/status_interfaces/share/status_interfaces/package.bash'
[19.494s] INFO:colcon.colcon_core.shell:Creating package script '/home/albert/practice/TOPIC_PRACTICE_WS/install/status_interfaces/share/status_interfaces/package.zsh'
[19.494s] Level 1:colcon.colcon_core.environment:create_file_with_runtime_dependencies(/home/albert/practice/TOPIC_PRACTICE_WS/install/status_interfaces/share/colcon-core/packages/status_interfaces)
[19.495s] DEBUG:colcon.colcon_parallel_executor.executor.parallel:closing loop
[19.495s] DEBUG:colcon.colcon_parallel_executor.executor.parallel:loop closed
[19.495s] DEBUG:colcon.colcon_parallel_executor.executor.parallel:run_until_complete finished with '0'
[19.495s] DEBUG:colcon.colcon_core.event_reactor:joining thread
[19.530s] INFO:colcon.colcon_core.plugin_system:Skipping extension 'colcon_notification.desktop_notification.terminal_notifier': Not used on non-Darwin systems
[19.530s] INFO:colcon.colcon_core.plugin_system:Skipping extension 'colcon_notification.desktop_notification.win32': Not used on non-Windows systems
[19.530s] INFO:colcon.colcon_notification.desktop_notification:Sending desktop notification using 'notify2'
[19.671s] DEBUG:colcon.colcon_core.event_reactor:joined thread
[19.671s] INFO:colcon.colcon_core.shell:Creating prefix script '/home/albert/practice/TOPIC_PRACTICE_WS/install/local_setup.ps1'
[19.672s] INFO:colcon.colcon_core.shell:Creating prefix util module '/home/albert/practice/TOPIC_PRACTICE_WS/install/_local_setup_util_ps1.py'
[19.674s] INFO:colcon.colcon_core.shell:Creating prefix chain script '/home/albert/practice/TOPIC_PRACTICE_WS/install/setup.ps1'
[19.675s] INFO:colcon.colcon_core.shell:Creating prefix script '/home/albert/practice/TOPIC_PRACTICE_WS/install/local_setup.sh'
[19.675s] INFO:colcon.colcon_core.shell:Creating prefix util module '/home/albert/practice/TOPIC_PRACTICE_WS/install/_local_setup_util_sh.py'
[19.676s] INFO:colcon.colcon_core.shell:Creating prefix chain script '/home/albert/practice/TOPIC_PRACTICE_WS/install/setup.sh'
[19.677s] INFO:colcon.colcon_core.shell:Creating prefix script '/home/albert/practice/TOPIC_PRACTICE_WS/install/local_setup.bash'
[19.678s] INFO:colcon.colcon_core.shell:Creating prefix chain script '/home/albert/practice/TOPIC_PRACTICE_WS/install/setup.bash'
[19.678s] INFO:colcon.colcon_core.shell:Creating prefix script '/home/albert/practice/TOPIC_PRACTICE_WS/install/local_setup.zsh'
[19.681s] INFO:colcon.colcon_core.shell:Creating prefix chain script '/home/albert/practice/TOPIC_PRACTICE_WS/install/setup.zsh'
