running egg_info
creating ../../build/black_detection_service/black_detection_service.egg-info
writing ../../build/black_detection_service/black_detection_service.egg-info/PKG-INFO
writing dependency_links to ../../build/black_detection_service/black_detection_service.egg-info/dependency_links.txt
writing entry points to ../../build/black_detection_service/black_detection_service.egg-info/entry_points.txt
writing requirements to ../../build/black_detection_service/black_detection_service.egg-info/requires.txt
writing top-level names to ../../build/black_detection_service/black_detection_service.egg-info/top_level.txt
writing manifest file '../../build/black_detection_service/black_detection_service.egg-info/SOURCES.txt'
reading manifest file '../../build/black_detection_service/black_detection_service.egg-info/SOURCES.txt'
writing manifest file '../../build/black_detection_service/black_detection_service.egg-info/SOURCES.txt'
running build
running build_py
creating /home/albert/practice/Service_ws/build/black_detection_service/build
creating /home/albert/practice/Service_ws/build/black_detection_service/build/lib
creating /home/albert/practice/Service_ws/build/black_detection_service/build/lib/black_detection_service
copying black_detection_service/__init__.py -> /home/albert/practice/Service_ws/build/black_detection_service/build/lib/black_detection_service
running install
running install_lib
creating /home/albert/practice/Service_ws/install/black_detection_service/lib/python3.10/site-packages/black_detection_service
copying /home/albert/practice/Service_ws/build/black_detection_service/build/lib/black_detection_service/__init__.py -> /home/albert/practice/Service_ws/install/black_detection_service/lib/python3.10/site-packages/black_detection_service
byte-compiling /home/albert/practice/Service_ws/install/black_detection_service/lib/python3.10/site-packages/black_detection_service/__init__.py to __init__.cpython-310.pyc
running install_data
creating /home/albert/practice/Service_ws/install/black_detection_service/share/ament_index
creating /home/albert/practice/Service_ws/install/black_detection_service/share/ament_index/resource_index
creating /home/albert/practice/Service_ws/install/black_detection_service/share/ament_index/resource_index/packages
copying resource/black_detection_service -> /home/albert/practice/Service_ws/install/black_detection_service/share/ament_index/resource_index/packages
copying package.xml -> /home/albert/practice/Service_ws/install/black_detection_service/share/black_detection_service
running install_egg_info
Copying ../../build/black_detection_service/black_detection_service.egg-info to /home/albert/practice/Service_ws/install/black_detection_service/lib/python3.10/site-packages/black_detection_service-0.0.0-py3.10.egg-info
running install_scripts
writing list of installed files to '/home/albert/practice/Service_ws/build/black_detection_service/install.log'
