[0.034s] Invoking command in '/home/albert/practice/TOPIC_PRACTICE_WS/build/status_interfaces': CMAKE_PREFIX_PATH=${CMAKE_PREFIX_PATH}:/opt/ros/humble /usr/bin/cmake /home/albert/practice/TOPIC_PRACTICE_WS/src/status_interfaces -DCMAKE_INSTALL_PREFIX=/home/albert/practice/TOPIC_PRACTICE_WS/install/status_interfaces
[0.139s] -- Found ament_cmake: 1.3.11 (/opt/ros/humble/share/ament_cmake/cmake)
[0.424s] -- Override CMake install command with custom implementation using symlinks instead of copying resources
[0.444s] -- Found rosidl_default_generators: 1.2.0 (/opt/ros/humble/share/rosidl_default_generators/cmake)
[0.447s] -- Using all available rosidl_typesupport_c: rosidl_typesupport_fastrtps_c;rosidl_typesupport_introspection_c
[0.451s] -- Found rosidl_adapter: 3.1.6 (/opt/ros/humble/share/rosidl_adapter/cmake)
[0.513s] -- Using all available rosidl_typesupport_cpp: rosidl_typesupport_fastrtps_cpp;rosidl_typesupport_introspection_cpp
[0.566s] -- Found builtin_interfaces: 1.2.1 (/opt/ros/humble/share/builtin_interfaces/cmake)
[0.835s] -- Found ament_cmake_ros: 0.10.0 (/opt/ros/humble/share/ament_cmake_ros/cmake)
[0.999s] -- Using all available rosidl_typesupport_c: rosidl_typesupport_fastrtps_c;rosidl_typesupport_introspection_c
[1.208s] -- Using all available rosidl_typesupport_cpp: rosidl_typesupport_fastrtps_cpp;rosidl_typesupport_introspection_cpp
[1.251s] -- Found python_cmake_module: 0.10.0 (/opt/ros/humble/share/python_cmake_module/cmake)
[1.282s] -- Using PYTHON_EXECUTABLE: /usr/bin/python3
[1.282s] -- Using PYTHON_INCLUDE_DIRS: /usr/include/python3.10
[1.282s] -- Using PYTHON_LIBRARIES: /usr/lib/aarch64-linux-gnu/libpython3.10.so
[1.304s] -- Found ament_lint_auto: 0.12.12 (/opt/ros/humble/share/ament_lint_auto/cmake)
[1.344s] -- Added test 'lint_cmake' to check CMake code style
[1.345s] -- Added test 'xmllint' to check XML markup files
[1.356s] -- Configuring done
[1.413s] -- Generating done
[1.430s] -- Build files have been written to: /home/albert/practice/TOPIC_PRACTICE_WS/build/status_interfaces
[1.443s] Invoked command in '/home/albert/practice/TOPIC_PRACTICE_WS/build/status_interfaces' returned '0': CMAKE_PREFIX_PATH=${CMAKE_PREFIX_PATH}:/opt/ros/humble /usr/bin/cmake /home/albert/practice/TOPIC_PRACTICE_WS/src/status_interfaces -DCMAKE_INSTALL_PREFIX=/home/albert/practice/TOPIC_PRACTICE_WS/install/status_interfaces
[1.443s] Invoking command in '/home/albert/practice/TOPIC_PRACTICE_WS/build/status_interfaces': CMAKE_PREFIX_PATH=${CMAKE_PREFIX_PATH}:/opt/ros/humble /usr/bin/cmake --build /home/albert/practice/TOPIC_PRACTICE_WS/build/status_interfaces -- -j2 -l2
[1.485s] [  3%] Built target status_interfaces__cpp
[1.495s] [35m[1mConsolidate compiler generated dependencies of target status_interfaces__rosidl_generator_c[0m
[1.547s] [ 12%] Built target status_interfaces__rosidl_generator_c
[1.571s] [ 12%] Built target ament_cmake_python_symlink_status_interfaces
[1.578s] [35m[1mConsolidate compiler generated dependencies of target status_interfaces__rosidl_typesupport_cpp[0m
[1.590s] [ 22%] Built target status_interfaces__rosidl_typesupport_cpp
[1.596s] [35m[1mConsolidate compiler generated dependencies of target status_interfaces__rosidl_typesupport_fastrtps_c[0m
[1.604s] [ 32%] Built target status_interfaces__rosidl_typesupport_fastrtps_c
[1.614s] [35m[1mConsolidate compiler generated dependencies of target status_interfaces__rosidl_typesupport_introspection_c[0m
[1.620s] [ 41%] Built target status_interfaces__rosidl_typesupport_introspection_c
[1.646s] [35m[1mConsolidate compiler generated dependencies of target status_interfaces__rosidl_typesupport_c[0m
[1.657s] [ 51%] Built target status_interfaces__rosidl_typesupport_c
[1.674s] [35m[1mConsolidate compiler generated dependencies of target status_interfaces__rosidl_typesupport_fastrtps_cpp[0m
[1.683s] [ 61%] Built target status_interfaces__rosidl_typesupport_fastrtps_cpp
[1.692s] [35m[1mConsolidate compiler generated dependencies of target status_interfaces__rosidl_typesupport_introspection_cpp[0m
[1.701s] [ 70%] Built target status_interfaces__rosidl_typesupport_introspection_cpp
[1.925s] running egg_info
[1.925s] writing status_interfaces.egg-info/PKG-INFO
[1.926s] writing dependency_links to status_interfaces.egg-info/dependency_links.txt
[1.926s] writing top-level names to status_interfaces.egg-info/top_level.txt
[1.928s] reading manifest file 'status_interfaces.egg-info/SOURCES.txt'
[1.929s] writing manifest file 'status_interfaces.egg-info/SOURCES.txt'
[1.959s] [ 70%] Built target ament_cmake_python_build_status_interfaces_egg
[1.975s] [ 70%] Built target status_interfaces
[1.991s] [ 74%] Built target status_interfaces__py
[2.000s] [35m[1mConsolidate compiler generated dependencies of target status_interfaces__rosidl_generator_py[0m
[2.024s] [ 80%] Built target status_interfaces__rosidl_generator_py
[2.034s] [35m[1mConsolidate compiler generated dependencies of target status_interfaces__rosidl_typesupport_fastrtps_c__pyext[0m
[2.045s] [ 87%] Built target status_interfaces__rosidl_typesupport_fastrtps_c__pyext
[2.057s] [35m[1mConsolidate compiler generated dependencies of target status_interfaces__rosidl_typesupport_introspection_c__pyext[0m
[2.067s] [ 93%] Built target status_interfaces__rosidl_typesupport_introspection_c__pyext
[2.076s] [35m[1mConsolidate compiler generated dependencies of target status_interfaces__rosidl_typesupport_c__pyext[0m
[2.085s] [100%] Built target status_interfaces__rosidl_typesupport_c__pyext
[2.096s] Invoked command in '/home/albert/practice/TOPIC_PRACTICE_WS/build/status_interfaces' returned '0': CMAKE_PREFIX_PATH=${CMAKE_PREFIX_PATH}:/opt/ros/humble /usr/bin/cmake --build /home/albert/practice/TOPIC_PRACTICE_WS/build/status_interfaces -- -j2 -l2
[2.103s] Invoking command in '/home/albert/practice/TOPIC_PRACTICE_WS/build/status_interfaces': CMAKE_PREFIX_PATH=${CMAKE_PREFIX_PATH}:/opt/ros/humble /usr/bin/cmake --install /home/albert/practice/TOPIC_PRACTICE_WS/build/status_interfaces
[2.110s] -- Install configuration: ""
[2.111s] -- Execute custom install script
[2.112s] -- Up-to-date symlink: /home/albert/practice/TOPIC_PRACTICE_WS/install/status_interfaces/share/ament_index/resource_index/rosidl_interfaces/status_interfaces
[2.120s] -- Up-to-date symlink: /home/albert/practice/TOPIC_PRACTICE_WS/install/status_interfaces/include/status_interfaces/status_interfaces/msg/detail/system_status__functions.h
[2.123s] -- Up-to-date symlink: /home/albert/practice/TOPIC_PRACTICE_WS/install/status_interfaces/include/status_interfaces/status_interfaces/msg/detail/system_status__struct.h
[2.123s] -- Up-to-date symlink: /home/albert/practice/TOPIC_PRACTICE_WS/install/status_interfaces/include/status_interfaces/status_interfaces/msg/detail/system_status__type_support.h
[2.124s] -- Up-to-date symlink: /home/albert/practice/TOPIC_PRACTICE_WS/install/status_interfaces/include/status_interfaces/status_interfaces/msg/rosidl_generator_c__visibility_control.h
[2.132s] -- Up-to-date symlink: /home/albert/practice/TOPIC_PRACTICE_WS/install/status_interfaces/include/status_interfaces/status_interfaces/msg/system_status.h
[2.132s] -- Up-to-date symlink: /home/albert/practice/TOPIC_PRACTICE_WS/install/status_interfaces/share/status_interfaces/environment/library_path.sh
[2.135s] -- Up-to-date symlink: /home/albert/practice/TOPIC_PRACTICE_WS/install/status_interfaces/share/status_interfaces/environment/library_path.dsv
[2.136s] -- Up-to-date symlink: /home/albert/practice/TOPIC_PRACTICE_WS/install/status_interfaces/include/status_interfaces/status_interfaces/msg/detail/system_status__rosidl_typesupport_fastrtps_c.h
[2.136s] -- Up-to-date symlink: /home/albert/practice/TOPIC_PRACTICE_WS/install/status_interfaces/include/status_interfaces/status_interfaces/msg/rosidl_typesupport_fastrtps_c__visibility_control.h
[2.137s] -- Up-to-date symlink: /home/albert/practice/TOPIC_PRACTICE_WS/install/status_interfaces/include/status_interfaces/status_interfaces/msg/detail/system_status__rosidl_typesupport_introspection_c.h
[2.138s] -- Up-to-date symlink: /home/albert/practice/TOPIC_PRACTICE_WS/install/status_interfaces/include/status_interfaces/status_interfaces/msg/rosidl_typesupport_introspection_c__visibility_control.h
[2.138s] -- Up-to-date symlink: /home/albert/practice/TOPIC_PRACTICE_WS/install/status_interfaces/include/status_interfaces/status_interfaces/msg/detail/system_status__builder.hpp
[2.139s] -- Up-to-date symlink: /home/albert/practice/TOPIC_PRACTICE_WS/install/status_interfaces/include/status_interfaces/status_interfaces/msg/detail/system_status__struct.hpp
[2.139s] -- Up-to-date symlink: /home/albert/practice/TOPIC_PRACTICE_WS/install/status_interfaces/include/status_interfaces/status_interfaces/msg/detail/system_status__traits.hpp
[2.140s] -- Up-to-date symlink: /home/albert/practice/TOPIC_PRACTICE_WS/install/status_interfaces/include/status_interfaces/status_interfaces/msg/detail/system_status__type_support.hpp
[2.140s] -- Up-to-date symlink: /home/albert/practice/TOPIC_PRACTICE_WS/install/status_interfaces/include/status_interfaces/status_interfaces/msg/rosidl_generator_cpp__visibility_control.hpp
[2.142s] -- Up-to-date symlink: /home/albert/practice/TOPIC_PRACTICE_WS/install/status_interfaces/include/status_interfaces/status_interfaces/msg/system_status.hpp
[2.142s] -- Up-to-date symlink: /home/albert/practice/TOPIC_PRACTICE_WS/install/status_interfaces/include/status_interfaces/status_interfaces/msg/detail/system_status__rosidl_typesupport_fastrtps_cpp.hpp
[2.143s] -- Up-to-date symlink: /home/albert/practice/TOPIC_PRACTICE_WS/install/status_interfaces/include/status_interfaces/status_interfaces/msg/rosidl_typesupport_fastrtps_cpp__visibility_control.h
[2.146s] -- Up-to-date symlink: /home/albert/practice/TOPIC_PRACTICE_WS/install/status_interfaces/include/status_interfaces/status_interfaces/msg/detail/system_status__rosidl_typesupport_introspection_cpp.hpp
[2.149s] -- Up-to-date symlink: /home/albert/practice/TOPIC_PRACTICE_WS/install/status_interfaces/share/status_interfaces/environment/pythonpath.sh
[2.149s] -- Up-to-date symlink: /home/albert/practice/TOPIC_PRACTICE_WS/install/status_interfaces/share/status_interfaces/environment/pythonpath.dsv
[2.150s] -- Up-to-date symlink: /home/albert/practice/TOPIC_PRACTICE_WS/install/status_interfaces/local/lib/python3.10/dist-packages/status_interfaces-0.0.0-py3.10.egg-info/PKG-INFO
[2.150s] -- Up-to-date symlink: /home/albert/practice/TOPIC_PRACTICE_WS/install/status_interfaces/local/lib/python3.10/dist-packages/status_interfaces-0.0.0-py3.10.egg-info/SOURCES.txt
[2.151s] -- Up-to-date symlink: /home/albert/practice/TOPIC_PRACTICE_WS/install/status_interfaces/local/lib/python3.10/dist-packages/status_interfaces-0.0.0-py3.10.egg-info/dependency_links.txt
[2.151s] -- Up-to-date symlink: /home/albert/practice/TOPIC_PRACTICE_WS/install/status_interfaces/local/lib/python3.10/dist-packages/status_interfaces-0.0.0-py3.10.egg-info/top_level.txt
[2.154s] -- Up-to-date symlink: /home/albert/practice/TOPIC_PRACTICE_WS/install/status_interfaces/local/lib/python3.10/dist-packages/status_interfaces/__init__.py
[2.154s] -- Up-to-date symlink: /home/albert/practice/TOPIC_PRACTICE_WS/install/status_interfaces/local/lib/python3.10/dist-packages/status_interfaces/_status_interfaces_s.ep.rosidl_typesupport_c.c
[2.155s] -- Up-to-date symlink: /home/albert/practice/TOPIC_PRACTICE_WS/install/status_interfaces/local/lib/python3.10/dist-packages/status_interfaces/_status_interfaces_s.ep.rosidl_typesupport_fastrtps_c.c
[2.155s] -- Up-to-date symlink: /home/albert/practice/TOPIC_PRACTICE_WS/install/status_interfaces/local/lib/python3.10/dist-packages/status_interfaces/_status_interfaces_s.ep.rosidl_typesupport_introspection_c.c
[2.156s] -- Up-to-date symlink: /home/albert/practice/TOPIC_PRACTICE_WS/install/status_interfaces/local/lib/python3.10/dist-packages/status_interfaces/libstatus_interfaces__rosidl_generator_py.so
[2.156s] -- Up-to-date symlink: /home/albert/practice/TOPIC_PRACTICE_WS/install/status_interfaces/local/lib/python3.10/dist-packages/status_interfaces/msg/__init__.py
[2.158s] -- Up-to-date symlink: /home/albert/practice/TOPIC_PRACTICE_WS/install/status_interfaces/local/lib/python3.10/dist-packages/status_interfaces/msg/_system_status.py
[2.160s] -- Up-to-date symlink: /home/albert/practice/TOPIC_PRACTICE_WS/install/status_interfaces/local/lib/python3.10/dist-packages/status_interfaces/msg/_system_status_s.c
[2.160s] -- Up-to-date symlink: /home/albert/practice/TOPIC_PRACTICE_WS/install/status_interfaces/local/lib/python3.10/dist-packages/status_interfaces/status_interfaces_s__rosidl_typesupport_c.cpython-310-aarch64-linux-gnu.so
[2.161s] -- Up-to-date symlink: /home/albert/practice/TOPIC_PRACTICE_WS/install/status_interfaces/local/lib/python3.10/dist-packages/status_interfaces/status_interfaces_s__rosidl_typesupport_fastrtps_c.cpython-310-aarch64-linux-gnu.so
[2.161s] -- Up-to-date symlink: /home/albert/practice/TOPIC_PRACTICE_WS/install/status_interfaces/local/lib/python3.10/dist-packages/status_interfaces/status_interfaces_s__rosidl_typesupport_introspection_c.cpython-310-aarch64-linux-gnu.so
[2.163s] -- Up-to-date symlink: /home/albert/practice/TOPIC_PRACTICE_WS/install/status_interfaces/local/lib/python3.10/dist-packages/status_interfaces/status_interfaces_s__rosidl_typesupport_fastrtps_c.cpython-310-aarch64-linux-gnu.so
[2.164s] -- Up-to-date symlink: /home/albert/practice/TOPIC_PRACTICE_WS/install/status_interfaces/local/lib/python3.10/dist-packages/status_interfaces/status_interfaces_s__rosidl_typesupport_introspection_c.cpython-310-aarch64-linux-gnu.so
[2.166s] -- Up-to-date symlink: /home/albert/practice/TOPIC_PRACTICE_WS/install/status_interfaces/local/lib/python3.10/dist-packages/status_interfaces/status_interfaces_s__rosidl_typesupport_c.cpython-310-aarch64-linux-gnu.so
[2.171s] -- Up-to-date symlink: /home/albert/practice/TOPIC_PRACTICE_WS/install/status_interfaces/share/status_interfaces/msg/SystemStatus.idl
[2.171s] -- Up-to-date symlink: /home/albert/practice/TOPIC_PRACTICE_WS/install/status_interfaces/share/status_interfaces/msg/SystemStatus.msg
[2.172s] -- Up-to-date symlink: /home/albert/practice/TOPIC_PRACTICE_WS/install/status_interfaces/share/ament_index/resource_index/package_run_dependencies/status_interfaces
[2.175s] -- Up-to-date symlink: /home/albert/practice/TOPIC_PRACTICE_WS/install/status_interfaces/share/ament_index/resource_index/parent_prefix_path/status_interfaces
[2.175s] -- Up-to-date symlink: /home/albert/practice/TOPIC_PRACTICE_WS/install/status_interfaces/share/status_interfaces/environment/ament_prefix_path.sh
[2.176s] -- Up-to-date symlink: /home/albert/practice/TOPIC_PRACTICE_WS/install/status_interfaces/share/status_interfaces/environment/ament_prefix_path.dsv
[2.176s] -- Up-to-date symlink: /home/albert/practice/TOPIC_PRACTICE_WS/install/status_interfaces/share/status_interfaces/environment/path.sh
[2.178s] -- Up-to-date symlink: /home/albert/practice/TOPIC_PRACTICE_WS/install/status_interfaces/share/status_interfaces/environment/path.dsv
[2.178s] -- Up-to-date symlink: /home/albert/practice/TOPIC_PRACTICE_WS/install/status_interfaces/share/status_interfaces/local_setup.bash
[2.178s] -- Up-to-date symlink: /home/albert/practice/TOPIC_PRACTICE_WS/install/status_interfaces/share/status_interfaces/local_setup.sh
[2.182s] -- Up-to-date symlink: /home/albert/practice/TOPIC_PRACTICE_WS/install/status_interfaces/share/status_interfaces/local_setup.zsh
[2.186s] -- Up-to-date symlink: /home/albert/practice/TOPIC_PRACTICE_WS/install/status_interfaces/share/status_interfaces/local_setup.dsv
[2.194s] -- Symlinking: /home/albert/practice/TOPIC_PRACTICE_WS/install/status_interfaces/share/status_interfaces/package.dsv
[2.216s] -- Up-to-date symlink: /home/albert/practice/TOPIC_PRACTICE_WS/install/status_interfaces/share/ament_index/resource_index/packages/status_interfaces
[2.216s] -- Up-to-date symlink: /home/albert/practice/TOPIC_PRACTICE_WS/install/status_interfaces/share/status_interfaces/cmake/rosidl_cmake-extras.cmake
[2.217s] -- Up-to-date symlink: /home/albert/practice/TOPIC_PRACTICE_WS/install/status_interfaces/share/status_interfaces/cmake/ament_cmake_export_dependencies-extras.cmake
[2.218s] -- Up-to-date symlink: /home/albert/practice/TOPIC_PRACTICE_WS/install/status_interfaces/share/status_interfaces/cmake/ament_cmake_export_include_directories-extras.cmake
[2.218s] -- Up-to-date symlink: /home/albert/practice/TOPIC_PRACTICE_WS/install/status_interfaces/share/status_interfaces/cmake/ament_cmake_export_libraries-extras.cmake
[2.219s] -- Up-to-date symlink: /home/albert/practice/TOPIC_PRACTICE_WS/install/status_interfaces/share/status_interfaces/cmake/ament_cmake_export_targets-extras.cmake
[2.225s] -- Up-to-date symlink: /home/albert/practice/TOPIC_PRACTICE_WS/install/status_interfaces/share/status_interfaces/cmake/rosidl_cmake_export_typesupport_targets-extras.cmake
[2.226s] -- Up-to-date symlink: /home/albert/practice/TOPIC_PRACTICE_WS/install/status_interfaces/share/status_interfaces/cmake/rosidl_cmake_export_typesupport_libraries-extras.cmake
[2.226s] -- Up-to-date symlink: /home/albert/practice/TOPIC_PRACTICE_WS/install/status_interfaces/share/status_interfaces/cmake/status_interfacesConfig.cmake
[2.227s] -- Up-to-date symlink: /home/albert/practice/TOPIC_PRACTICE_WS/install/status_interfaces/share/status_interfaces/cmake/status_interfacesConfig-version.cmake
[2.228s] -- Up-to-date symlink: /home/albert/practice/TOPIC_PRACTICE_WS/install/status_interfaces/share/status_interfaces/package.xml
[2.230s] -- Up-to-date: /home/albert/practice/TOPIC_PRACTICE_WS/install/status_interfaces/lib/libstatus_interfaces__rosidl_generator_c.so
[2.231s] -- Up-to-date: /home/albert/practice/TOPIC_PRACTICE_WS/install/status_interfaces/lib/libstatus_interfaces__rosidl_typesupport_fastrtps_c.so
[2.231s] -- Up-to-date: /home/albert/practice/TOPIC_PRACTICE_WS/install/status_interfaces/lib/libstatus_interfaces__rosidl_typesupport_introspection_c.so
[2.232s] -- Up-to-date: /home/albert/practice/TOPIC_PRACTICE_WS/install/status_interfaces/lib/libstatus_interfaces__rosidl_typesupport_c.so
[2.234s] -- Up-to-date: /home/albert/practice/TOPIC_PRACTICE_WS/install/status_interfaces/lib/libstatus_interfaces__rosidl_typesupport_fastrtps_cpp.so
[2.235s] -- Up-to-date: /home/albert/practice/TOPIC_PRACTICE_WS/install/status_interfaces/lib/libstatus_interfaces__rosidl_typesupport_introspection_cpp.so
[2.235s] -- Up-to-date: /home/albert/practice/TOPIC_PRACTICE_WS/install/status_interfaces/lib/libstatus_interfaces__rosidl_typesupport_cpp.so
[2.306s] Listing '/home/albert/practice/TOPIC_PRACTICE_WS/install/status_interfaces/local/lib/python3.10/dist-packages/status_interfaces'...
[2.306s] Compiling '/home/albert/practice/TOPIC_PRACTICE_WS/install/status_interfaces/local/lib/python3.10/dist-packages/status_interfaces/__init__.py'...
[2.306s] Listing '/home/albert/practice/TOPIC_PRACTICE_WS/install/status_interfaces/local/lib/python3.10/dist-packages/status_interfaces/msg'...
[2.312s] -- Up-to-date: /home/albert/practice/TOPIC_PRACTICE_WS/install/status_interfaces/lib/libstatus_interfaces__rosidl_generator_py.so
[2.313s] -- Up-to-date: /home/albert/practice/TOPIC_PRACTICE_WS/install/status_interfaces/share/status_interfaces/cmake/export_status_interfaces__rosidl_generator_cExport.cmake
[2.313s] -- Up-to-date: /home/albert/practice/TOPIC_PRACTICE_WS/install/status_interfaces/share/status_interfaces/cmake/export_status_interfaces__rosidl_generator_cExport-noconfig.cmake
[2.314s] -- Up-to-date: /home/albert/practice/TOPIC_PRACTICE_WS/install/status_interfaces/share/status_interfaces/cmake/export_status_interfaces__rosidl_typesupport_fastrtps_cExport.cmake
[2.314s] -- Up-to-date: /home/albert/practice/TOPIC_PRACTICE_WS/install/status_interfaces/share/status_interfaces/cmake/export_status_interfaces__rosidl_typesupport_fastrtps_cExport-noconfig.cmake
[2.314s] -- Up-to-date: /home/albert/practice/TOPIC_PRACTICE_WS/install/status_interfaces/share/status_interfaces/cmake/status_interfaces__rosidl_typesupport_introspection_cExport.cmake
[2.314s] -- Up-to-date: /home/albert/practice/TOPIC_PRACTICE_WS/install/status_interfaces/share/status_interfaces/cmake/status_interfaces__rosidl_typesupport_introspection_cExport-noconfig.cmake
[2.320s] -- Up-to-date: /home/albert/practice/TOPIC_PRACTICE_WS/install/status_interfaces/share/status_interfaces/cmake/status_interfaces__rosidl_typesupport_cExport.cmake
[2.320s] -- Up-to-date: /home/albert/practice/TOPIC_PRACTICE_WS/install/status_interfaces/share/status_interfaces/cmake/status_interfaces__rosidl_typesupport_cExport-noconfig.cmake
[2.320s] -- Up-to-date: /home/albert/practice/TOPIC_PRACTICE_WS/install/status_interfaces/share/status_interfaces/cmake/export_status_interfaces__rosidl_generator_cppExport.cmake
[2.321s] -- Up-to-date: /home/albert/practice/TOPIC_PRACTICE_WS/install/status_interfaces/share/status_interfaces/cmake/export_status_interfaces__rosidl_typesupport_fastrtps_cppExport.cmake
[2.321s] -- Up-to-date: /home/albert/practice/TOPIC_PRACTICE_WS/install/status_interfaces/share/status_interfaces/cmake/export_status_interfaces__rosidl_typesupport_fastrtps_cppExport-noconfig.cmake
[2.321s] -- Up-to-date: /home/albert/practice/TOPIC_PRACTICE_WS/install/status_interfaces/share/status_interfaces/cmake/status_interfaces__rosidl_typesupport_introspection_cppExport.cmake
[2.321s] -- Up-to-date: /home/albert/practice/TOPIC_PRACTICE_WS/install/status_interfaces/share/status_interfaces/cmake/status_interfaces__rosidl_typesupport_introspection_cppExport-noconfig.cmake
[2.321s] -- Up-to-date: /home/albert/practice/TOPIC_PRACTICE_WS/install/status_interfaces/share/status_interfaces/cmake/status_interfaces__rosidl_typesupport_cppExport.cmake
[2.321s] -- Up-to-date: /home/albert/practice/TOPIC_PRACTICE_WS/install/status_interfaces/share/status_interfaces/cmake/status_interfaces__rosidl_typesupport_cppExport-noconfig.cmake
[2.321s] -- Up-to-date: /home/albert/practice/TOPIC_PRACTICE_WS/install/status_interfaces/share/status_interfaces/cmake/export_status_interfaces__rosidl_generator_pyExport.cmake
[2.321s] -- Up-to-date: /home/albert/practice/TOPIC_PRACTICE_WS/install/status_interfaces/share/status_interfaces/cmake/export_status_interfaces__rosidl_generator_pyExport-noconfig.cmake
[2.321s] Invoked command in '/home/albert/practice/TOPIC_PRACTICE_WS/build/status_interfaces' returned '0': CMAKE_PREFIX_PATH=${CMAKE_PREFIX_PATH}:/opt/ros/humble /usr/bin/cmake --install /home/albert/practice/TOPIC_PRACTICE_WS/build/status_interfaces
