[0.983s] Invoking command in '/home/albert/practice/Service_ws/src/black_detection_service': AMENT_PREFIX_PATH=/home/albert/practice/Service_ws/install/black_detection_interfaces:${AMENT_PREFIX_PATH} CMAKE_PREFIX_PATH=/home/albert/practice/Service_ws/install/black_detection_interfaces LD_LIBRARY_PATH=/home/albert/practice/Service_ws/install/black_detection_interfaces/lib:${LD_LIBRARY_PATH} PYTHONPATH=/home/albert/practice/Service_ws/build/black_detection_service/prefix_override:/usr/lib/python3/dist-packages/colcon_core/task/python/colcon_distutils_commands:/home/albert/practice/Service_ws/install/black_detection_service/lib/python3.10/site-packages:/home/albert/practice/Service_ws/install/black_detection_interfaces/local/lib/python3.10/dist-packages:${PYTHONPATH} /usr/bin/python3 -W ignore:setup.py install is deprecated -W ignore:easy_install command is deprecated setup.py egg_info --egg-base ../../build/black_detection_service build --build-base /home/albert/practice/Service_ws/build/black_detection_service/build install --record /home/albert/practice/Service_ws/build/black_detection_service/install.log --single-version-externally-managed install_data
[1.176s] running egg_info
[1.177s] writing ../../build/black_detection_service/black_detection_service.egg-info/PKG-INFO
[1.177s] writing dependency_links to ../../build/black_detection_service/black_detection_service.egg-info/dependency_links.txt
[1.177s] writing entry points to ../../build/black_detection_service/black_detection_service.egg-info/entry_points.txt
[1.177s] writing requirements to ../../build/black_detection_service/black_detection_service.egg-info/requires.txt
[1.177s] writing top-level names to ../../build/black_detection_service/black_detection_service.egg-info/top_level.txt
[1.179s] reading manifest file '../../build/black_detection_service/black_detection_service.egg-info/SOURCES.txt'
[1.180s] writing manifest file '../../build/black_detection_service/black_detection_service.egg-info/SOURCES.txt'
[1.180s] running build
[1.180s] running build_py
[1.181s] copying black_detection_service/black_detection_client.py -> /home/albert/practice/Service_ws/build/black_detection_service/build/lib/black_detection_service
[1.181s] running install
[1.181s] running install_lib
[1.182s] copying /home/albert/practice/Service_ws/build/black_detection_service/build/lib/black_detection_service/black_detection_client.py -> /home/albert/practice/Service_ws/install/black_detection_service/lib/python3.10/site-packages/black_detection_service
[1.183s] byte-compiling /home/albert/practice/Service_ws/install/black_detection_service/lib/python3.10/site-packages/black_detection_service/black_detection_client.py to black_detection_client.cpython-310.pyc
[1.184s] running install_data
[1.184s] running install_egg_info
[1.185s] removing '/home/albert/practice/Service_ws/install/black_detection_service/lib/python3.10/site-packages/black_detection_service-0.0.0-py3.10.egg-info' (and everything under it)
[1.186s] Copying ../../build/black_detection_service/black_detection_service.egg-info to /home/albert/practice/Service_ws/install/black_detection_service/lib/python3.10/site-packages/black_detection_service-0.0.0-py3.10.egg-info
[1.188s] running install_scripts
[1.203s] Installing black_detection_server script to /home/albert/practice/Service_ws/install/black_detection_service/lib/black_detection_service
[1.203s] writing list of installed files to '/home/albert/practice/Service_ws/build/black_detection_service/install.log'
[1.228s] Invoked command in '/home/albert/practice/Service_ws/src/black_detection_service' returned '0': AMENT_PREFIX_PATH=/home/albert/practice/Service_ws/install/black_detection_interfaces:${AMENT_PREFIX_PATH} CMAKE_PREFIX_PATH=/home/albert/practice/Service_ws/install/black_detection_interfaces LD_LIBRARY_PATH=/home/albert/practice/Service_ws/install/black_detection_interfaces/lib:${LD_LIBRARY_PATH} PYTHONPATH=/home/albert/practice/Service_ws/build/black_detection_service/prefix_override:/usr/lib/python3/dist-packages/colcon_core/task/python/colcon_distutils_commands:/home/albert/practice/Service_ws/install/black_detection_service/lib/python3.10/site-packages:/home/albert/practice/Service_ws/install/black_detection_interfaces/local/lib/python3.10/dist-packages:${PYTHONPATH} /usr/bin/python3 -W ignore:setup.py install is deprecated -W ignore:easy_install command is deprecated setup.py egg_info --egg-base ../../build/black_detection_service build --build-base /home/albert/practice/Service_ws/build/black_detection_service/build install --record /home/albert/practice/Service_ws/build/black_detection_service/install.log --single-version-externally-managed install_data
