[1.740s] Invoking command in '/home/albert/practice/TOPIC_PRACTICE_WS/src/status_publisher': AMENT_PREFIX_PATH=/home/albert/practice/TOPIC_PRACTICE_WS/install/status_interfaces:${AMENT_PREFIX_PATH} CMAKE_PREFIX_PATH=/home/albert/practice/TOPIC_PRACTICE_WS/install/status_interfaces LD_LIBRARY_PATH=/home/albert/practice/TOPIC_PRACTICE_WS/install/status_interfaces/lib:${LD_LIBRARY_PATH} PYTHONPATH=/home/albert/practice/TOPIC_PRACTICE_WS/build/status_publisher/prefix_override:/usr/lib/python3/dist-packages/colcon_core/task/python/colcon_distutils_commands:/home/albert/practice/TOPIC_PRACTICE_WS/install/status_publisher/lib/python3.10/site-packages:/home/albert/practice/TOPIC_PRACTICE_WS/install/status_interfaces/local/lib/python3.10/dist-packages:${PYTHONPATH} /usr/bin/python3 -W ignore:setup.py install is deprecated -W ignore:easy_install command is deprecated setup.py egg_info --egg-base ../../build/status_publisher build --build-base /home/albert/practice/TOPIC_PRACTICE_WS/build/status_publisher/build install --record /home/albert/practice/TOPIC_PRACTICE_WS/build/status_publisher/install.log --single-version-externally-managed install_data
[2.188s] running egg_info
[2.196s] writing ../../build/status_publisher/status_publisher.egg-info/PKG-INFO
[2.197s] writing dependency_links to ../../build/status_publisher/status_publisher.egg-info/dependency_links.txt
[2.199s] writing entry points to ../../build/status_publisher/status_publisher.egg-info/entry_points.txt
[2.202s] writing requirements to ../../build/status_publisher/status_publisher.egg-info/requires.txt
[2.202s] writing top-level names to ../../build/status_publisher/status_publisher.egg-info/top_level.txt
[2.207s] reading manifest file '../../build/status_publisher/status_publisher.egg-info/SOURCES.txt'
[2.212s] adding license file 'LICENSE'
[2.217s] writing manifest file '../../build/status_publisher/status_publisher.egg-info/SOURCES.txt'
[2.218s] running build
[2.218s] running build_py
[2.218s] running install
[2.218s] running install_lib
[2.221s] running install_data
[2.221s] running install_egg_info
[2.224s] removing '/home/albert/practice/TOPIC_PRACTICE_WS/install/status_publisher/lib/python3.10/site-packages/status_publisher-0.0.0-py3.10.egg-info' (and everything under it)
[2.224s] Copying ../../build/status_publisher/status_publisher.egg-info to /home/albert/practice/TOPIC_PRACTICE_WS/install/status_publisher/lib/python3.10/site-packages/status_publisher-0.0.0-py3.10.egg-info
[2.229s] running install_scripts
[2.273s] Installing sys_status_pub script to /home/albert/practice/TOPIC_PRACTICE_WS/install/status_publisher/lib/status_publisher
[2.278s] writing list of installed files to '/home/albert/practice/TOPIC_PRACTICE_WS/build/status_publisher/install.log'
[2.343s] Invoked command in '/home/albert/practice/TOPIC_PRACTICE_WS/src/status_publisher' returned '0': AMENT_PREFIX_PATH=/home/albert/practice/TOPIC_PRACTICE_WS/install/status_interfaces:${AMENT_PREFIX_PATH} CMAKE_PREFIX_PATH=/home/albert/practice/TOPIC_PRACTICE_WS/install/status_interfaces LD_LIBRARY_PATH=/home/albert/practice/TOPIC_PRACTICE_WS/install/status_interfaces/lib:${LD_LIBRARY_PATH} PYTHONPATH=/home/albert/practice/TOPIC_PRACTICE_WS/build/status_publisher/prefix_override:/usr/lib/python3/dist-packages/colcon_core/task/python/colcon_distutils_commands:/home/albert/practice/TOPIC_PRACTICE_WS/install/status_publisher/lib/python3.10/site-packages:/home/albert/practice/TOPIC_PRACTICE_WS/install/status_interfaces/local/lib/python3.10/dist-packages:${PYTHONPATH} /usr/bin/python3 -W ignore:setup.py install is deprecated -W ignore:easy_install command is deprecated setup.py egg_info --egg-base ../../build/status_publisher build --build-base /home/albert/practice/TOPIC_PRACTICE_WS/build/status_publisher/build install --record /home/albert/practice/TOPIC_PRACTICE_WS/build/status_publisher/install.log --single-version-externally-managed install_data
