[0.374s] Invoking command in '/home/albert/practice/Service_ws/src/black_detection_service': PYTHONPATH=/home/albert/practice/Service_ws/build/black_detection_service/prefix_override:/usr/lib/python3/dist-packages/colcon_core/task/python/colcon_distutils_commands:/home/albert/practice/Service_ws/install/black_detection_service/lib/python3.10/site-packages:${PYTHONPATH} /usr/bin/python3 -W ignore:setup.py install is deprecated -W ignore:easy_install command is deprecated setup.py egg_info --egg-base ../../build/black_detection_service build --build-base /home/albert/practice/Service_ws/build/black_detection_service/build install --record /home/albert/practice/Service_ws/build/black_detection_service/install.log --single-version-externally-managed install_data
[0.528s] running egg_info
[0.529s] writing ../../build/black_detection_service/black_detection_service.egg-info/PKG-INFO
[0.530s] writing dependency_links to ../../build/black_detection_service/black_detection_service.egg-info/dependency_links.txt
[0.531s] writing entry points to ../../build/black_detection_service/black_detection_service.egg-info/entry_points.txt
[0.532s] writing requirements to ../../build/black_detection_service/black_detection_service.egg-info/requires.txt
[0.532s] writing top-level names to ../../build/black_detection_service/black_detection_service.egg-info/top_level.txt
[0.535s] reading manifest file '../../build/black_detection_service/black_detection_service.egg-info/SOURCES.txt'
[0.535s] writing manifest file '../../build/black_detection_service/black_detection_service.egg-info/SOURCES.txt'
[0.535s] running build
[0.535s] running build_py
[0.536s] running install
[0.536s] running install_lib
[0.537s] running install_data
[0.537s] running install_egg_info
[0.539s] removing '/home/albert/practice/Service_ws/install/black_detection_service/lib/python3.10/site-packages/black_detection_service-0.0.0-py3.10.egg-info' (and everything under it)
[0.539s] Copying ../../build/black_detection_service/black_detection_service.egg-info to /home/albert/practice/Service_ws/install/black_detection_service/lib/python3.10/site-packages/black_detection_service-0.0.0-py3.10.egg-info
[0.540s] running install_scripts
[0.552s] Installing black_detection_client script to /home/albert/practice/Service_ws/install/black_detection_service/lib/black_detection_service
[0.553s] Installing black_detection_server script to /home/albert/practice/Service_ws/install/black_detection_service/lib/black_detection_service
[0.553s] writing list of installed files to '/home/albert/practice/Service_ws/build/black_detection_service/install.log'
[0.566s] Invoked command in '/home/albert/practice/Service_ws/src/black_detection_service' returned '0': PYTHONPATH=/home/albert/practice/Service_ws/build/black_detection_service/prefix_override:/usr/lib/python3/dist-packages/colcon_core/task/python/colcon_distutils_commands:/home/albert/practice/Service_ws/install/black_detection_service/lib/python3.10/site-packages:${PYTHONPATH} /usr/bin/python3 -W ignore:setup.py install is deprecated -W ignore:easy_install command is deprecated setup.py egg_info --egg-base ../../build/black_detection_service build --build-base /home/albert/practice/Service_ws/build/black_detection_service/build install --record /home/albert/practice/Service_ws/build/black_detection_service/install.log --single-version-externally-managed install_data
