[0.131s] DEBUG:colcon:Command line arguments: ['/usr/bin/colcon', 'build', '--packages-select', 'black_detection_interfaces', 'black_detection_service']
[0.132s] DEBUG:colcon:Parsed command line arguments: Namespace(log_base=None, log_level=None, verb_name='build', build_base='build', install_base='install', merge_install=False, symlink_install=False, test_result_base=None, continue_on_error=False, executor='parallel', parallel_workers=2, event_handlers=None, ignore_user_meta=False, metas=['./colcon.meta'], base_paths=['.'], packages_ignore=None, packages_ignore_regex=None, paths=None, packages_up_to=None, packages_up_to_regex=None, packages_above=None, packages_above_and_dependencies=None, packages_above_depth=None, packages_select_by_dep=None, packages_skip_by_dep=None, packages_skip_up_to=None, packages_select_build_failed=False, packages_skip_build_finished=False, packages_select_test_failures=False, packages_skip_test_passed=False, packages_select=['black_detection_interfaces', 'black_detection_service'], packages_skip=None, packages_select_regex=None, packages_skip_regex=None, packages_start=None, packages_end=None, allow_overriding=[], cmake_args=None, cmake_target=None, cmake_target_skip_unavailable=False, cmake_clean_cache=False, cmake_clean_first=False, cmake_force_configure=False, ament_cmake_args=None, catkin_cmake_args=None, catkin_skip_building_tests=False, verb_parser=<colcon_defaults.argument_parser.defaults.DefaultArgumentsDecorator object at 0xffff9dd98490>, verb_extension=<colcon_core.verb.build.BuildVerb object at 0xffff9dd5bf10>, main=<bound method BuildVerb.main of <colcon_core.verb.build.BuildVerb object at 0xffff9dd5bf10>>)
[0.338s] Level 1:colcon.colcon_core.package_discovery:discover_packages(colcon_meta) check parameters
[0.338s] Level 1:colcon.colcon_core.package_discovery:discover_packages(recursive) check parameters
[0.338s] Level 1:colcon.colcon_core.package_discovery:discover_packages(ignore) check parameters
[0.338s] Level 1:colcon.colcon_core.package_discovery:discover_packages(path) check parameters
[0.338s] Level 1:colcon.colcon_core.package_discovery:discover_packages(colcon_meta) discover
[0.338s] Level 1:colcon.colcon_core.package_discovery:discover_packages(recursive) discover
[0.338s] INFO:colcon.colcon_core.package_discovery:Crawling recursively for packages in '/home/albert/practice/Service_ws'
[0.338s] Level 1:colcon.colcon_core.package_identification:_identify(.) by extensions ['ignore', 'ignore_ament_install']
[0.338s] Level 1:colcon.colcon_core.package_identification:_identify(.) by extension 'ignore'
[0.338s] Level 1:colcon.colcon_core.package_identification:_identify(.) by extension 'ignore_ament_install'
[0.338s] Level 1:colcon.colcon_core.package_identification:_identify(.) by extensions ['colcon_pkg']
[0.338s] Level 1:colcon.colcon_core.package_identification:_identify(.) by extension 'colcon_pkg'
[0.338s] Level 1:colcon.colcon_core.package_identification:_identify(.) by extensions ['colcon_meta']
[0.338s] Level 1:colcon.colcon_core.package_identification:_identify(.) by extension 'colcon_meta'
[0.338s] Level 1:colcon.colcon_core.package_identification:_identify(.) by extensions ['ros']
[0.338s] Level 1:colcon.colcon_core.package_identification:_identify(.) by extension 'ros'
[0.354s] Level 1:colcon.colcon_core.package_identification:_identify(.) by extensions ['cmake', 'python']
[0.354s] Level 1:colcon.colcon_core.package_identification:_identify(.) by extension 'cmake'
[0.354s] Level 1:colcon.colcon_core.package_identification:_identify(.) by extension 'python'
[0.354s] Level 1:colcon.colcon_core.package_identification:_identify(.) by extensions ['python_setup_py']
[0.354s] Level 1:colcon.colcon_core.package_identification:_identify(.) by extension 'python_setup_py'
[0.354s] Level 1:colcon.colcon_core.package_identification:_identify(build) by extensions ['ignore', 'ignore_ament_install']
[0.354s] Level 1:colcon.colcon_core.package_identification:_identify(build) by extension 'ignore'
[0.354s] Level 1:colcon.colcon_core.package_identification:_identify(build) ignored
[0.354s] Level 1:colcon.colcon_core.package_identification:_identify(install) by extensions ['ignore', 'ignore_ament_install']
[0.354s] Level 1:colcon.colcon_core.package_identification:_identify(install) by extension 'ignore'
[0.354s] Level 1:colcon.colcon_core.package_identification:_identify(install) ignored
[0.354s] Level 1:colcon.colcon_core.package_identification:_identify(log) by extensions ['ignore', 'ignore_ament_install']
[0.354s] Level 1:colcon.colcon_core.package_identification:_identify(log) by extension 'ignore'
[0.354s] Level 1:colcon.colcon_core.package_identification:_identify(log) ignored
[0.355s] Level 1:colcon.colcon_core.package_identification:_identify(src) by extensions ['ignore', 'ignore_ament_install']
[0.355s] Level 1:colcon.colcon_core.package_identification:_identify(src) by extension 'ignore'
[0.355s] Level 1:colcon.colcon_core.package_identification:_identify(src) by extension 'ignore_ament_install'
[0.355s] Level 1:colcon.colcon_core.package_identification:_identify(src) by extensions ['colcon_pkg']
[0.355s] Level 1:colcon.colcon_core.package_identification:_identify(src) by extension 'colcon_pkg'
[0.355s] Level 1:colcon.colcon_core.package_identification:_identify(src) by extensions ['colcon_meta']
[0.355s] Level 1:colcon.colcon_core.package_identification:_identify(src) by extension 'colcon_meta'
[0.355s] Level 1:colcon.colcon_core.package_identification:_identify(src) by extensions ['ros']
[0.355s] Level 1:colcon.colcon_core.package_identification:_identify(src) by extension 'ros'
[0.355s] Level 1:colcon.colcon_core.package_identification:_identify(src) by extensions ['cmake', 'python']
[0.355s] Level 1:colcon.colcon_core.package_identification:_identify(src) by extension 'cmake'
[0.355s] Level 1:colcon.colcon_core.package_identification:_identify(src) by extension 'python'
[0.355s] Level 1:colcon.colcon_core.package_identification:_identify(src) by extensions ['python_setup_py']
[0.355s] Level 1:colcon.colcon_core.package_identification:_identify(src) by extension 'python_setup_py'
[0.355s] Level 1:colcon.colcon_core.package_identification:_identify(src/black_detection_interfaces) by extensions ['ignore', 'ignore_ament_install']
[0.355s] Level 1:colcon.colcon_core.package_identification:_identify(src/black_detection_interfaces) by extension 'ignore'
[0.355s] Level 1:colcon.colcon_core.package_identification:_identify(src/black_detection_interfaces) by extension 'ignore_ament_install'
[0.355s] Level 1:colcon.colcon_core.package_identification:_identify(src/black_detection_interfaces) by extensions ['colcon_pkg']
[0.355s] Level 1:colcon.colcon_core.package_identification:_identify(src/black_detection_interfaces) by extension 'colcon_pkg'
[0.355s] Level 1:colcon.colcon_core.package_identification:_identify(src/black_detection_interfaces) by extensions ['colcon_meta']
[0.355s] Level 1:colcon.colcon_core.package_identification:_identify(src/black_detection_interfaces) by extension 'colcon_meta'
[0.355s] Level 1:colcon.colcon_core.package_identification:_identify(src/black_detection_interfaces) by extensions ['ros']
[0.355s] Level 1:colcon.colcon_core.package_identification:_identify(src/black_detection_interfaces) by extension 'ros'
[0.357s] DEBUG:colcon.colcon_core.package_identification:Package 'src/black_detection_interfaces' with type 'ros.ament_cmake' and name 'black_detection_interfaces'
[0.357s] Level 1:colcon.colcon_core.package_identification:_identify(src/black_detection_service) by extensions ['ignore', 'ignore_ament_install']
[0.357s] Level 1:colcon.colcon_core.package_identification:_identify(src/black_detection_service) by extension 'ignore'
[0.357s] Level 1:colcon.colcon_core.package_identification:_identify(src/black_detection_service) by extension 'ignore_ament_install'
[0.357s] Level 1:colcon.colcon_core.package_identification:_identify(src/black_detection_service) by extensions ['colcon_pkg']
[0.357s] Level 1:colcon.colcon_core.package_identification:_identify(src/black_detection_service) by extension 'colcon_pkg'
[0.358s] Level 1:colcon.colcon_core.package_identification:_identify(src/black_detection_service) by extensions ['colcon_meta']
[0.358s] Level 1:colcon.colcon_core.package_identification:_identify(src/black_detection_service) by extension 'colcon_meta'
[0.358s] Level 1:colcon.colcon_core.package_identification:_identify(src/black_detection_service) by extensions ['ros']
[0.358s] Level 1:colcon.colcon_core.package_identification:_identify(src/black_detection_service) by extension 'ros'
[0.358s] DEBUG:colcon.colcon_core.package_identification:Package 'src/black_detection_service' with type 'ros.ament_python' and name 'black_detection_service'
[0.358s] Level 1:colcon.colcon_core.package_discovery:discover_packages(recursive) using defaults
[0.358s] Level 1:colcon.colcon_core.package_discovery:discover_packages(ignore) discover
[0.358s] Level 1:colcon.colcon_core.package_discovery:discover_packages(ignore) using defaults
[0.358s] Level 1:colcon.colcon_core.package_discovery:discover_packages(path) discover
[0.358s] Level 1:colcon.colcon_core.package_discovery:discover_packages(path) using defaults
[0.379s] Level 1:colcon.colcon_core.package_discovery:discover_packages(prefix_path) check parameters
[0.379s] Level 1:colcon.colcon_core.package_discovery:discover_packages(prefix_path) discover
[0.380s] DEBUG:colcon.colcon_installed_package_information.package_discovery:Found 2 installed packages in /home/albert/practice/Service_ws/install
[0.380s] DEBUG:colcon.colcon_installed_package_information.package_discovery:Found 271 installed packages in /opt/ros/humble
[0.403s] Level 1:colcon.colcon_core.package_discovery:discover_packages(prefix_path) using defaults
[0.488s] Level 5:colcon.colcon_core.verb:set package 'black_detection_interfaces' build argument 'cmake_args' from command line to 'None'
[0.488s] Level 5:colcon.colcon_core.verb:set package 'black_detection_interfaces' build argument 'cmake_target' from command line to 'None'
[0.488s] Level 5:colcon.colcon_core.verb:set package 'black_detection_interfaces' build argument 'cmake_target_skip_unavailable' from command line to 'False'
[0.488s] Level 5:colcon.colcon_core.verb:set package 'black_detection_interfaces' build argument 'cmake_clean_cache' from command line to 'False'
[0.488s] Level 5:colcon.colcon_core.verb:set package 'black_detection_interfaces' build argument 'cmake_clean_first' from command line to 'False'
[0.488s] Level 5:colcon.colcon_core.verb:set package 'black_detection_interfaces' build argument 'cmake_force_configure' from command line to 'False'
[0.488s] Level 5:colcon.colcon_core.verb:set package 'black_detection_interfaces' build argument 'ament_cmake_args' from command line to 'None'
[0.488s] Level 5:colcon.colcon_core.verb:set package 'black_detection_interfaces' build argument 'catkin_cmake_args' from command line to 'None'
[0.488s] Level 5:colcon.colcon_core.verb:set package 'black_detection_interfaces' build argument 'catkin_skip_building_tests' from command line to 'False'
[0.488s] DEBUG:colcon.colcon_core.verb:Building package 'black_detection_interfaces' with the following arguments: {'ament_cmake_args': None, 'build_base': '/home/albert/practice/Service_ws/build/black_detection_interfaces', 'catkin_cmake_args': None, 'catkin_skip_building_tests': False, 'cmake_args': None, 'cmake_clean_cache': False, 'cmake_clean_first': False, 'cmake_force_configure': False, 'cmake_target': None, 'cmake_target_skip_unavailable': False, 'install_base': '/home/albert/practice/Service_ws/install/black_detection_interfaces', 'merge_install': False, 'path': '/home/albert/practice/Service_ws/src/black_detection_interfaces', 'symlink_install': False, 'test_result_base': None}
[0.488s] Level 5:colcon.colcon_core.verb:set package 'black_detection_service' build argument 'cmake_args' from command line to 'None'
[0.489s] Level 5:colcon.colcon_core.verb:set package 'black_detection_service' build argument 'cmake_target' from command line to 'None'
[0.489s] Level 5:colcon.colcon_core.verb:set package 'black_detection_service' build argument 'cmake_target_skip_unavailable' from command line to 'False'
[0.489s] Level 5:colcon.colcon_core.verb:set package 'black_detection_service' build argument 'cmake_clean_cache' from command line to 'False'
[0.489s] Level 5:colcon.colcon_core.verb:set package 'black_detection_service' build argument 'cmake_clean_first' from command line to 'False'
[0.489s] Level 5:colcon.colcon_core.verb:set package 'black_detection_service' build argument 'cmake_force_configure' from command line to 'False'
[0.489s] Level 5:colcon.colcon_core.verb:set package 'black_detection_service' build argument 'ament_cmake_args' from command line to 'None'
[0.489s] Level 5:colcon.colcon_core.verb:set package 'black_detection_service' build argument 'catkin_cmake_args' from command line to 'None'
[0.489s] Level 5:colcon.colcon_core.verb:set package 'black_detection_service' build argument 'catkin_skip_building_tests' from command line to 'False'
[0.489s] DEBUG:colcon.colcon_core.verb:Building package 'black_detection_service' with the following arguments: {'ament_cmake_args': None, 'build_base': '/home/albert/practice/Service_ws/build/black_detection_service', 'catkin_cmake_args': None, 'catkin_skip_building_tests': False, 'cmake_args': None, 'cmake_clean_cache': False, 'cmake_clean_first': False, 'cmake_force_configure': False, 'cmake_target': None, 'cmake_target_skip_unavailable': False, 'install_base': '/home/albert/practice/Service_ws/install/black_detection_service', 'merge_install': False, 'path': '/home/albert/practice/Service_ws/src/black_detection_service', 'symlink_install': False, 'test_result_base': None}
[0.489s] INFO:colcon.colcon_core.executor:Executing jobs using 'parallel' executor
[0.499s] DEBUG:colcon.colcon_parallel_executor.executor.parallel:run_until_complete
[0.499s] INFO:colcon.colcon_ros.task.ament_cmake.build:Building ROS package in '/home/albert/practice/Service_ws/src/black_detection_interfaces' with build type 'ament_cmake'
[0.499s] INFO:colcon.colcon_cmake.task.cmake.build:Building CMake package in '/home/albert/practice/Service_ws/src/black_detection_interfaces'
[0.501s] INFO:colcon.colcon_core.plugin_system:Skipping extension 'colcon_core.shell.bat': Not used on non-Windows systems
[0.501s] INFO:colcon.colcon_core.shell:Skip shell extension 'powershell' for command environment: Not usable outside of PowerShell
[0.501s] DEBUG:colcon.colcon_core.shell:Skip shell extension 'dsv' for command environment
[0.524s] DEBUG:colcon.colcon_core.event_handler.log_command:Invoking command in '/home/albert/practice/Service_ws/build/black_detection_interfaces': CMAKE_PREFIX_PATH=${CMAKE_PREFIX_PATH}:/home/albert/practice/Service_ws/install/black_detection_service:/opt/ros/humble /usr/bin/cmake --build /home/albert/practice/Service_ws/build/black_detection_interfaces -- -j2 -l2
[1.154s] DEBUG:colcon.colcon_core.event_handler.log_command:Invoked command in '/home/albert/practice/Service_ws/build/black_detection_interfaces' returned '0': CMAKE_PREFIX_PATH=${CMAKE_PREFIX_PATH}:/home/albert/practice/Service_ws/install/black_detection_service:/opt/ros/humble /usr/bin/cmake --build /home/albert/practice/Service_ws/build/black_detection_interfaces -- -j2 -l2
[1.165s] DEBUG:colcon.colcon_core.event_handler.log_command:Invoking command in '/home/albert/practice/Service_ws/build/black_detection_interfaces': CMAKE_PREFIX_PATH=${CMAKE_PREFIX_PATH}:/home/albert/practice/Service_ws/install/black_detection_service:/opt/ros/humble /usr/bin/cmake --install /home/albert/practice/Service_ws/build/black_detection_interfaces
[1.212s] Level 1:colcon.colcon_core.environment:create_environment_scripts_only(black_detection_interfaces)
[1.214s] Level 1:colcon.colcon_core.environment:checking '/home/albert/practice/Service_ws/install/black_detection_interfaces' for CMake module files
[1.214s] Level 1:colcon.colcon_core.environment:checking '/home/albert/practice/Service_ws/install/black_detection_interfaces' for CMake config files
[1.214s] Level 1:colcon.colcon_core.shell:create_environment_hook('black_detection_interfaces', 'cmake_prefix_path')
[1.215s] INFO:colcon.colcon_core.shell:Creating environment hook '/home/albert/practice/Service_ws/install/black_detection_interfaces/share/black_detection_interfaces/hook/cmake_prefix_path.ps1'
[1.215s] INFO:colcon.colcon_core.shell:Creating environment descriptor '/home/albert/practice/Service_ws/install/black_detection_interfaces/share/black_detection_interfaces/hook/cmake_prefix_path.dsv'
[1.215s] INFO:colcon.colcon_core.shell:Creating environment hook '/home/albert/practice/Service_ws/install/black_detection_interfaces/share/black_detection_interfaces/hook/cmake_prefix_path.sh'
[1.217s] DEBUG:colcon.colcon_core.event_handler.log_command:Invoked command in '/home/albert/practice/Service_ws/build/black_detection_interfaces' returned '0': CMAKE_PREFIX_PATH=${CMAKE_PREFIX_PATH}:/home/albert/practice/Service_ws/install/black_detection_service:/opt/ros/humble /usr/bin/cmake --install /home/albert/practice/Service_ws/build/black_detection_interfaces
[1.218s] Level 1:colcon.colcon_core.environment:checking '/home/albert/practice/Service_ws/install/black_detection_interfaces/lib'
[1.218s] Level 1:colcon.colcon_core.shell:create_environment_hook('black_detection_interfaces', 'ld_library_path_lib')
[1.218s] INFO:colcon.colcon_core.shell:Creating environment hook '/home/albert/practice/Service_ws/install/black_detection_interfaces/share/black_detection_interfaces/hook/ld_library_path_lib.ps1'
[1.218s] INFO:colcon.colcon_core.shell:Creating environment descriptor '/home/albert/practice/Service_ws/install/black_detection_interfaces/share/black_detection_interfaces/hook/ld_library_path_lib.dsv'
[1.218s] INFO:colcon.colcon_core.shell:Creating environment hook '/home/albert/practice/Service_ws/install/black_detection_interfaces/share/black_detection_interfaces/hook/ld_library_path_lib.sh'
[1.218s] Level 1:colcon.colcon_core.environment:checking '/home/albert/practice/Service_ws/install/black_detection_interfaces/bin'
[1.218s] Level 1:colcon.colcon_core.environment:checking '/home/albert/practice/Service_ws/install/black_detection_interfaces/lib/pkgconfig/black_detection_interfaces.pc'
[1.219s] Level 1:colcon.colcon_core.environment:checking '/home/albert/practice/Service_ws/install/black_detection_interfaces/lib/python3.10/site-packages'
[1.219s] Level 1:colcon.colcon_core.environment:checking '/home/albert/practice/Service_ws/install/black_detection_interfaces/bin'
[1.219s] INFO:colcon.colcon_core.shell:Creating package script '/home/albert/practice/Service_ws/install/black_detection_interfaces/share/black_detection_interfaces/package.ps1'
[1.219s] INFO:colcon.colcon_core.shell:Creating package descriptor '/home/albert/practice/Service_ws/install/black_detection_interfaces/share/black_detection_interfaces/package.dsv'
[1.220s] INFO:colcon.colcon_core.shell:Creating package script '/home/albert/practice/Service_ws/install/black_detection_interfaces/share/black_detection_interfaces/package.sh'
[1.220s] INFO:colcon.colcon_core.shell:Creating package script '/home/albert/practice/Service_ws/install/black_detection_interfaces/share/black_detection_interfaces/package.bash'
[1.220s] INFO:colcon.colcon_core.shell:Creating package script '/home/albert/practice/Service_ws/install/black_detection_interfaces/share/black_detection_interfaces/package.zsh'
[1.221s] Level 1:colcon.colcon_core.environment:create_file_with_runtime_dependencies(/home/albert/practice/Service_ws/install/black_detection_interfaces/share/colcon-core/packages/black_detection_interfaces)
[1.221s] Level 1:colcon.colcon_core.environment:create_environment_scripts_only(black_detection_interfaces)
[1.221s] Level 1:colcon.colcon_core.environment:checking '/home/albert/practice/Service_ws/install/black_detection_interfaces' for CMake module files
[1.222s] Level 1:colcon.colcon_core.environment:checking '/home/albert/practice/Service_ws/install/black_detection_interfaces' for CMake config files
[1.222s] Level 1:colcon.colcon_core.shell:create_environment_hook('black_detection_interfaces', 'cmake_prefix_path')
[1.222s] INFO:colcon.colcon_core.shell:Creating environment hook '/home/albert/practice/Service_ws/install/black_detection_interfaces/share/black_detection_interfaces/hook/cmake_prefix_path.ps1'
[1.222s] INFO:colcon.colcon_core.shell:Creating environment descriptor '/home/albert/practice/Service_ws/install/black_detection_interfaces/share/black_detection_interfaces/hook/cmake_prefix_path.dsv'
[1.223s] INFO:colcon.colcon_core.shell:Creating environment hook '/home/albert/practice/Service_ws/install/black_detection_interfaces/share/black_detection_interfaces/hook/cmake_prefix_path.sh'
[1.223s] Level 1:colcon.colcon_core.environment:checking '/home/albert/practice/Service_ws/install/black_detection_interfaces/lib'
[1.223s] Level 1:colcon.colcon_core.shell:create_environment_hook('black_detection_interfaces', 'ld_library_path_lib')
[1.223s] INFO:colcon.colcon_core.shell:Creating environment hook '/home/albert/practice/Service_ws/install/black_detection_interfaces/share/black_detection_interfaces/hook/ld_library_path_lib.ps1'
[1.223s] INFO:colcon.colcon_core.shell:Creating environment descriptor '/home/albert/practice/Service_ws/install/black_detection_interfaces/share/black_detection_interfaces/hook/ld_library_path_lib.dsv'
[1.224s] INFO:colcon.colcon_core.shell:Creating environment hook '/home/albert/practice/Service_ws/install/black_detection_interfaces/share/black_detection_interfaces/hook/ld_library_path_lib.sh'
[1.225s] Level 1:colcon.colcon_core.environment:checking '/home/albert/practice/Service_ws/install/black_detection_interfaces/bin'
[1.225s] Level 1:colcon.colcon_core.environment:checking '/home/albert/practice/Service_ws/install/black_detection_interfaces/lib/pkgconfig/black_detection_interfaces.pc'
[1.226s] Level 1:colcon.colcon_core.environment:checking '/home/albert/practice/Service_ws/install/black_detection_interfaces/lib/python3.10/site-packages'
[1.226s] Level 1:colcon.colcon_core.environment:checking '/home/albert/practice/Service_ws/install/black_detection_interfaces/bin'
[1.226s] INFO:colcon.colcon_core.shell:Creating package script '/home/albert/practice/Service_ws/install/black_detection_interfaces/share/black_detection_interfaces/package.ps1'
[1.226s] INFO:colcon.colcon_core.shell:Creating package descriptor '/home/albert/practice/Service_ws/install/black_detection_interfaces/share/black_detection_interfaces/package.dsv'
[1.227s] INFO:colcon.colcon_core.shell:Creating package script '/home/albert/practice/Service_ws/install/black_detection_interfaces/share/black_detection_interfaces/package.sh'
[1.227s] INFO:colcon.colcon_core.shell:Creating package script '/home/albert/practice/Service_ws/install/black_detection_interfaces/share/black_detection_interfaces/package.bash'
[1.227s] INFO:colcon.colcon_core.shell:Creating package script '/home/albert/practice/Service_ws/install/black_detection_interfaces/share/black_detection_interfaces/package.zsh'
[1.228s] Level 1:colcon.colcon_core.environment:create_file_with_runtime_dependencies(/home/albert/practice/Service_ws/install/black_detection_interfaces/share/colcon-core/packages/black_detection_interfaces)
[1.228s] INFO:colcon.colcon_ros.task.ament_python.build:Building ROS package in '/home/albert/practice/Service_ws/src/black_detection_service' with build type 'ament_python'
[1.229s] Level 1:colcon.colcon_core.shell:create_environment_hook('black_detection_service', 'ament_prefix_path')
[1.229s] INFO:colcon.colcon_core.shell:Creating environment hook '/home/albert/practice/Service_ws/install/black_detection_service/share/black_detection_service/hook/ament_prefix_path.ps1'
[1.229s] INFO:colcon.colcon_core.shell:Creating environment descriptor '/home/albert/practice/Service_ws/install/black_detection_service/share/black_detection_service/hook/ament_prefix_path.dsv'
[1.230s] INFO:colcon.colcon_core.shell:Creating environment hook '/home/albert/practice/Service_ws/install/black_detection_service/share/black_detection_service/hook/ament_prefix_path.sh'
[1.230s] INFO:colcon.colcon_core.shell:Skip shell extension 'powershell' for command environment: Not usable outside of PowerShell
[1.230s] DEBUG:colcon.colcon_core.shell:Skip shell extension 'dsv' for command environment
[1.377s] INFO:colcon.colcon_core.task.python.build:Building Python package in '/home/albert/practice/Service_ws/src/black_detection_service'
[1.377s] INFO:colcon.colcon_core.shell:Skip shell extension 'powershell' for command environment: Not usable outside of PowerShell
[1.377s] DEBUG:colcon.colcon_core.shell:Skip shell extension 'dsv' for command environment
[1.602s] DEBUG:colcon.colcon_core.event_handler.log_command:Invoking command in '/home/albert/practice/Service_ws/src/black_detection_service': PYTHONPATH=/home/albert/practice/Service_ws/build/black_detection_service/prefix_override:/usr/lib/python3/dist-packages/colcon_core/task/python/colcon_distutils_commands:/home/albert/practice/Service_ws/install/black_detection_service/lib/python3.10/site-packages:${PYTHONPATH} /usr/bin/python3 -W ignore:setup.py install is deprecated -W ignore:easy_install command is deprecated setup.py egg_info --egg-base ../../build/black_detection_service build --build-base /home/albert/practice/Service_ws/build/black_detection_service/build install --record /home/albert/practice/Service_ws/build/black_detection_service/install.log --single-version-externally-managed install_data
[1.794s] Level 1:colcon.colcon_core.environment:checking '/home/albert/practice/Service_ws/install/black_detection_service' for CMake module files
[1.794s] DEBUG:colcon.colcon_core.event_handler.log_command:Invoked command in '/home/albert/practice/Service_ws/src/black_detection_service' returned '0': PYTHONPATH=/home/albert/practice/Service_ws/build/black_detection_service/prefix_override:/usr/lib/python3/dist-packages/colcon_core/task/python/colcon_distutils_commands:/home/albert/practice/Service_ws/install/black_detection_service/lib/python3.10/site-packages:${PYTHONPATH} /usr/bin/python3 -W ignore:setup.py install is deprecated -W ignore:easy_install command is deprecated setup.py egg_info --egg-base ../../build/black_detection_service build --build-base /home/albert/practice/Service_ws/build/black_detection_service/build install --record /home/albert/practice/Service_ws/build/black_detection_service/install.log --single-version-externally-managed install_data
[1.794s] Level 1:colcon.colcon_core.environment:checking '/home/albert/practice/Service_ws/install/black_detection_service' for CMake config files
[1.795s] Level 1:colcon.colcon_core.environment:checking '/home/albert/practice/Service_ws/install/black_detection_service/lib'
[1.795s] Level 1:colcon.colcon_core.environment:checking '/home/albert/practice/Service_ws/install/black_detection_service/bin'
[1.795s] Level 1:colcon.colcon_core.environment:checking '/home/albert/practice/Service_ws/install/black_detection_service/lib/pkgconfig/black_detection_service.pc'
[1.795s] Level 1:colcon.colcon_core.environment:checking '/home/albert/practice/Service_ws/install/black_detection_service/lib/python3.10/site-packages'
[1.795s] Level 1:colcon.colcon_core.shell:create_environment_hook('black_detection_service', 'pythonpath')
[1.795s] INFO:colcon.colcon_core.shell:Creating environment hook '/home/albert/practice/Service_ws/install/black_detection_service/share/black_detection_service/hook/pythonpath.ps1'
[1.796s] INFO:colcon.colcon_core.shell:Creating environment descriptor '/home/albert/practice/Service_ws/install/black_detection_service/share/black_detection_service/hook/pythonpath.dsv'
[1.796s] INFO:colcon.colcon_core.shell:Creating environment hook '/home/albert/practice/Service_ws/install/black_detection_service/share/black_detection_service/hook/pythonpath.sh'
[1.796s] Level 1:colcon.colcon_core.environment:checking '/home/albert/practice/Service_ws/install/black_detection_service/bin'
[1.796s] Level 1:colcon.colcon_core.environment:create_environment_scripts_only(black_detection_service)
[1.796s] INFO:colcon.colcon_core.shell:Creating package script '/home/albert/practice/Service_ws/install/black_detection_service/share/black_detection_service/package.ps1'
[1.797s] INFO:colcon.colcon_core.shell:Creating package descriptor '/home/albert/practice/Service_ws/install/black_detection_service/share/black_detection_service/package.dsv'
[1.797s] INFO:colcon.colcon_core.shell:Creating package script '/home/albert/practice/Service_ws/install/black_detection_service/share/black_detection_service/package.sh'
[1.797s] INFO:colcon.colcon_core.shell:Creating package script '/home/albert/practice/Service_ws/install/black_detection_service/share/black_detection_service/package.bash'
[1.797s] INFO:colcon.colcon_core.shell:Creating package script '/home/albert/practice/Service_ws/install/black_detection_service/share/black_detection_service/package.zsh'
[1.797s] Level 1:colcon.colcon_core.environment:create_file_with_runtime_dependencies(/home/albert/practice/Service_ws/install/black_detection_service/share/colcon-core/packages/black_detection_service)
[1.798s] DEBUG:colcon.colcon_parallel_executor.executor.parallel:closing loop
[1.798s] DEBUG:colcon.colcon_parallel_executor.executor.parallel:loop closed
[1.798s] DEBUG:colcon.colcon_parallel_executor.executor.parallel:run_until_complete finished with '0'
[1.798s] DEBUG:colcon.colcon_core.event_reactor:joining thread
[1.802s] INFO:colcon.colcon_core.plugin_system:Skipping extension 'colcon_notification.desktop_notification.terminal_notifier': Not used on non-Darwin systems
[1.803s] INFO:colcon.colcon_core.plugin_system:Skipping extension 'colcon_notification.desktop_notification.win32': Not used on non-Windows systems
[1.803s] INFO:colcon.colcon_notification.desktop_notification:Sending desktop notification using 'notify2'
[1.855s] DEBUG:colcon.colcon_core.event_reactor:joined thread
[1.855s] INFO:colcon.colcon_core.shell:Creating prefix script '/home/albert/practice/Service_ws/install/local_setup.ps1'
[1.856s] INFO:colcon.colcon_core.shell:Creating prefix util module '/home/albert/practice/Service_ws/install/_local_setup_util_ps1.py'
[1.857s] INFO:colcon.colcon_core.shell:Creating prefix chain script '/home/albert/practice/Service_ws/install/setup.ps1'
[1.859s] INFO:colcon.colcon_core.shell:Creating prefix script '/home/albert/practice/Service_ws/install/local_setup.sh'
[1.859s] INFO:colcon.colcon_core.shell:Creating prefix util module '/home/albert/practice/Service_ws/install/_local_setup_util_sh.py'
[1.860s] INFO:colcon.colcon_core.shell:Creating prefix chain script '/home/albert/practice/Service_ws/install/setup.sh'
[1.864s] INFO:colcon.colcon_core.shell:Creating prefix script '/home/albert/practice/Service_ws/install/local_setup.bash'
[1.865s] INFO:colcon.colcon_core.shell:Creating prefix chain script '/home/albert/practice/Service_ws/install/setup.bash'
[1.866s] INFO:colcon.colcon_core.shell:Creating prefix script '/home/albert/practice/Service_ws/install/local_setup.zsh'
[1.866s] INFO:colcon.colcon_core.shell:Creating prefix chain script '/home/albert/practice/Service_ws/install/setup.zsh'
